[2016.03.31-15.30.39:269][  0]Log file open, 03/31/16 17:30:39
[2016.03.31-15.30.39:269][  0]LogInit:Display: Running engine for game: TreeEvolution
[2016.03.31-15.30.39:269][  0]LogPlatformFile: Not using cached read wrapper
[2016.03.31-15.30.39:269][  0]LogInit:Display: RandInit(643290740) SRandInit(643290741).
[2016.03.31-15.30.39:269][  0]LogTaskGraph: Started task graph with 4 named threads and 7 total threads.
[2016.03.31-15.30.39:269][  0]LogStats: Stats thread started at 0.074011
[2016.03.31-15.30.39:269][  0]LogInit: Version: 4.10.4-2872498+++depot+UE4-Releases+4.10
[2016.03.31-15.30.39:269][  0]LogInit: API Version: 2758231
[2016.03.31-15.30.39:269][  0]LogInit: Compiled (64-bit): Feb 18 2016 15:47:04
[2016.03.31-15.30.39:269][  0]LogInit: Compiled with Visual C++: 19.00.23026.00
[2016.03.31-15.30.39:269][  0]LogInit: Build Configuration: Development
[2016.03.31-15.30.39:269][  0]LogInit: Branch Name: ++depot+UE4-Releases+4.10
[2016.03.31-15.30.39:269][  0]LogInit: Command line:  
[2016.03.31-15.30.39:269][  0]LogInit: Base directory: D:/Program Files (x86)/Epic Games/4.10/Engine/Binaries/Win64/
[2016.03.31-15.30.39:269][  0]LogInit: Rocket: 1
[2016.03.31-15.30.39:273][  0]LogInit: Using libcurl 7.41.0
[2016.03.31-15.30.39:273][  0]LogInit:  - built for x86_64-pc-win32
[2016.03.31-15.30.39:273][  0]LogInit:  - supports SSL with WinSSL
[2016.03.31-15.30.39:273][  0]LogInit:  - other features:
[2016.03.31-15.30.39:273][  0]LogInit:      CURL_VERSION_SSL
[2016.03.31-15.30.39:273][  0]LogInit:      CURL_VERSION_IPV6
[2016.03.31-15.30.39:273][  0]LogInit:      CURL_VERSION_ASYNCHDNS
[2016.03.31-15.30.39:273][  0]LogInit:      CURL_VERSION_LARGEFILE
[2016.03.31-15.30.39:273][  0]LogInit:      CURL_VERSION_IDN
[2016.03.31-15.30.39:273][  0]LogInit:  CurlRequestOptions (configurable via config and command line):
[2016.03.31-15.30.39:273][  0]LogInit:  - bVerifyPeer = true  - Libcurl will verify peer certificate
[2016.03.31-15.30.39:273][  0]LogInit:  - bUseHttpProxy = false  - Libcurl will NOT use HTTP proxy
[2016.03.31-15.30.39:273][  0]LogInit:  - bDontReuseConnections = false  - Libcurl will reuse connections
[2016.03.31-15.30.39:273][  0]LogInit:  - CertBundlePath = nullptr  - Libcurl will use whatever was configured at build time.
[2016.03.31-15.30.39:279][  0]LogInit: Presizing for 0 objects not considered by GC, pre-allocating 0 bytes.
[2016.03.31-15.30.39:284][  0]LogInit: Object subsystem initialized
[2016.03.31-15.30.39:285][  0]LogInit: Selected Device Profile: [Windows]
[2016.03.31-15.30.39:285][  0]LogInit: Applying CVar settings loaded from the selected device profile: [Windows]
[2016.03.31-15.30.39:292][  0]LogInit: Computer: MSI
[2016.03.31-15.30.39:292][  0]LogInit: User: tobia
[2016.03.31-15.30.39:292][  0]LogInit: CPU Page size=4096, Cores=4
[2016.03.31-15.30.39:292][  0]LogInit: High frequency timer resolution =2.531247 MHz
[2016.03.31-15.30.39:292][  0]LogMemory: Memory total: Physical=15.9GB (16GB approx)
[2016.03.31-15.30.39:292][  0]LogMemory: Platform Memory Stats for Windows
[2016.03.31-15.30.39:292][  0]LogMemory: Process Physical Memory: 56.14 MB used, 56.14 MB peak
[2016.03.31-15.30.39:292][  0]LogMemory: Process Virtual Memory: 56.94 MB used, 56.94 MB peak
[2016.03.31-15.30.39:292][  0]LogMemory: Physical Memory: 8248.11 MB used, 16294.66 MB total
[2016.03.31-15.30.39:292][  0]LogMemory: Virtual Memory: 382.88 MB used, 134217728.00 MB total
[2016.03.31-15.30.39:656][  0]LogTextLocalizationManager: No translations for ('sv-SE') exist, falling back to 'en' for localization and internationalization data.
[2016.03.31-15.30.40:059][  0]LogD3D11RHI: Found D3D11 adapter 0: NVIDIA GeForce GTX 970M           (Feature Level 11_0)
[2016.03.31-15.30.40:059][  0]LogD3D11RHI: Adapter has 2991MB of dedicated video memory, 0MB of dedicated system memory, and 8147MB of shared system memory, 1 output[s]
[2016.03.31-15.30.40:069][  0]LogD3D11RHI: Found D3D11 adapter 1: Intel(R) HD Graphics 530 (Feature Level 11_0)
[2016.03.31-15.30.40:069][  0]LogD3D11RHI: Adapter has 128MB of dedicated video memory, 0MB of dedicated system memory, and 8147MB of shared system memory, 0 output[s]
[2016.03.31-15.30.40:070][  0]LogD3D11RHI: Found D3D11 adapter 2: Microsoft Basic Render Driver (Feature Level 11_0)
[2016.03.31-15.30.40:070][  0]LogD3D11RHI: Adapter has 0MB of dedicated video memory, 0MB of dedicated system memory, and 8147MB of shared system memory, 0 output[s]
[2016.03.31-15.30.40:070][  0]LogD3D11RHI: Chosen D3D11 Adapter Id = 0
[2016.03.31-15.30.40:075][  0]LogD3D11RHI: !Direct3DDevice
[2016.03.31-15.30.40:075][  0]LogRHI: Texture pool is 1361 MB (70% of 1945 MB)
[2016.03.31-15.30.40:092][  0]LogD3D11RHI: Async texture creation enabled
[2016.03.31-15.30.40:104][  0]LogShaderCompilers: Guid format shader working directory is 14 characters bigger than the processId version (../../../../../../TreeEvolution/Intermediate/Shaders/WorkingDirectory/15764/).
[2016.03.31-15.30.40:104][  0]LogShaderCompilers: Cleaned the shader compiler working directory 'C:/Users/tobia/AppData/Local/Temp/UnrealShaderWorkingDir/47E9E28F4558B95BE09D79B21908C8B9/'.
[2016.03.31-15.30.40:104][  0]LogShaderCompilers:Display: Using Local Shader Compiler.
[2016.03.31-15.30.40:795][  0]LogTemp:Display: Loaded TP AllDesktopTargetPlatform
[2016.03.31-15.30.40:799][  0]LogTemp:Display: Loaded TP WindowsClientTargetPlatform
[2016.03.31-15.30.40:802][  0]LogTemp:Display: Loaded TP WindowsNoEditorTargetPlatform
[2016.03.31-15.30.40:805][  0]LogTemp:Display: Loaded TP WindowsServerTargetPlatform
[2016.03.31-15.30.40:808][  0]LogTemp:Display: Loaded TP WindowsTargetPlatform
[2016.03.31-15.30.40:811][  0]LogTemp:Display: Loaded TP AndroidTargetPlatform
[2016.03.31-15.30.40:813][  0]LogTemp:Display: Loaded TP Android_ASTCTargetPlatform
[2016.03.31-15.30.40:815][  0]LogTemp:Display: Loaded TP Android_ATCTargetPlatform
[2016.03.31-15.30.40:817][  0]LogTemp:Display: Loaded TP Android_DXTTargetPlatform
[2016.03.31-15.30.40:819][  0]LogTemp:Display: Loaded TP Android_ETC1TargetPlatform
[2016.03.31-15.30.40:821][  0]LogTemp:Display: Loaded TP Android_ETC2TargetPlatform
[2016.03.31-15.30.40:825][  0]LogTemp:Display: Loaded TP Android_MultiTargetPlatform
[2016.03.31-15.30.40:825][  0]LogTemp:Display: Loaded TP Android_PVRTCTargetPlatform
[2016.03.31-15.30.40:826][  0]LogTemp:Display: Loaded TP HTML5TargetPlatform
[2016.03.31-15.30.40:841][  0]LogTemp:Display: Loaded TP IOSTargetPlatform
[2016.03.31-15.30.40:844][  0]LogTemp:Display: Loaded TP LinuxNoEditorTargetPlatform
[2016.03.31-15.30.40:846][  0]LogTemp:Display: Loaded TP LinuxServerTargetPlatform
[2016.03.31-15.30.40:849][  0]LogTemp:Display: Loaded TP LinuxTargetPlatform
[2016.03.31-15.30.40:849][  0]LogTargetPlatformManager:Display: Building Assets For Windows
[2016.03.31-15.30.40:899][  0]LogDerivedDataCache:Display: Max Cache Size: 512 MB
[2016.03.31-15.30.40:940][  0]LogDerivedDataCache: Loaded boot cache 0.04s 41MB C:/Users/tobia/AppData/Local/UnrealEngine/4.10/DerivedDataCache/Boot.ddc.
[2016.03.31-15.30.40:940][  0]LogDerivedDataCache:Display: Loaded Boot cache: C:/Users/tobia/AppData/Local/UnrealEngine/4.10/DerivedDataCache/Boot.ddc
[2016.03.31-15.30.40:940][  0]LogDerivedDataCache: FDerivedDataBackendGraph:  Pak pak cache file ../../../../../../TreeEvolution/DerivedDataCache/DDC.ddp not found, will not use a pak cache.
[2016.03.31-15.30.40:940][  0]LogDerivedDataCache: Unable to find inner node Pak for hierarchical cache Hierarchy.
[2016.03.31-15.30.40:940][  0]LogDerivedDataCache: FDerivedDataBackendGraph:  CompressedPak pak cache file ../../../../../../TreeEvolution/DerivedDataCache/Compressed.ddp not found, will not use a pak cache.
[2016.03.31-15.30.40:940][  0]LogDerivedDataCache: Unable to find inner node CompressedPak for hierarchical cache Hierarchy.
[2016.03.31-15.30.40:991][  0]LogDerivedDataCache:Display: Pak cache opened for reading ../../../Engine/DerivedDataCache/Compressed.ddp.
[2016.03.31-15.30.41:004][  0]LogDerivedDataCache: Using Local data cache path C:/Users/tobia/AppData/Local/UnrealEngine/Common/DerivedDataCache: Writable
[2016.03.31-15.30.41:153][  0]LogInit: Selected Device Profile: [Windows]
[2016.03.31-15.30.41:156][  0]LogContentStreaming: Texture pool size is 0.000000MB
[2016.03.31-15.30.41:241][  0]LogMeshUtilities: No automatic mesh reduction module available
[2016.03.31-15.30.41:241][  0]LogMeshUtilities: No automatic mesh merging module available
[2016.03.31-15.30.41:416][  0]LogInit: WinSock: version 1.1 (2.2), MaxSocks=32767, MaxUdp=65467
[2016.03.31-15.30.42:017][  0]UdpMessaging: Initializing bridge on interface 0.0.0.0:0 to multicast group 230.0.0.1:6666.
[2016.03.31-15.30.42:139][  0]LogAssetRegistry: FAssetRegistry took 0.0107 seconds to start up
[2016.03.31-15.30.42:268][  0]SourceControl: Info Source control is disabled
[2016.03.31-15.30.42:269][  0]SourceControl: Info Source control is disabled
[2016.03.31-15.30.42:275][  0]SourceControl: Info Source control is disabled
[2016.03.31-15.30.42:282][  0]SourceControl: Info Source control is disabled
[2016.03.31-15.30.42:425][  0]LogObj: 28660 objects as part of root set at end of initial load.
[2016.03.31-15.30.42:425][  0]LogUObjectAllocator: 6108704 out of 0 bytes used by permanent object pool.
[2016.03.31-15.30.42:475][  0]LogEngine: Initializing Engine...
[2016.03.31-15.30.42:477][  0]LogHMD: Can't find Oculus library dev build: is proper Runtime installed? Version: 0.8.0.0
[2016.03.31-15.30.42:478][  0]LogHMD: SteamVR failed to initialize.  Err: 110
[2016.03.31-15.30.42:587][  0]LogAIModule: Creating AISystem for world NewWorld
[2016.03.31-15.30.42:591][  0]LogInit: XAudio2 using 'Speakers (Realtek High Definition Audio)' : 2 channels at 48 kHz using 32 bits per sample (channel mask 0x3)
[2016.03.31-15.30.42:979][  0]LogInit: FAudioDevice initialized.
[2016.03.31-15.30.42:998][  0]LogDerivedDataCache: Saved boot cache 0.02s 41MB C:/Users/tobia/AppData/Local/UnrealEngine/4.10/DerivedDataCache/Boot.ddc.
[2016.03.31-15.30.43:003][  0]LogInit: Texture streaming: Enabled
[2016.03.31-15.30.43:006][  0]LogAnalytics: Creating configured Analytics provider AnalyticsET
[2016.03.31-15.30.43:006][  0]LogAnalytics: [UEEditor.Rocket.Release] APIServer = http://et2.epicgames.com/ET2/. AppVersion = 4.10.4-2872498+++depot+UE4-Releases+4.10
[2016.03.31-15.30.43:006][  0]LogAnalytics: [UEEditor.Rocket.Release] SetUserId 3750e6d1405e52e99c08f9974cd5569f|471a4cb9a5c14167995f8bc8b175918a|446fe6e5-1b13-4339-81c8-b1f6f83a87c4
[2016.03.31-15.30.43:006][  0]LogAnalytics: [UEEditor.Rocket.Release] AnalyticsET::StartSession
[2016.03.31-15.30.43:014][  0]LogInit: Transaction tracking system initialized
[2016.03.31-15.30.43:031][  0]BlueprintLog: New page: Editor Load
[2016.03.31-15.30.43:084][  0]LocalizationService: Info Localization service is disabled
[2016.03.31-15.30.43:141][  0]LogConsoleResponse:Display: 
[2016.03.31-15.30.43:236][  0]LogCook:Display: Done creating registry. It took  0.00s.
[2016.03.31-15.30.43:279][  0]LogFileCache: Scanning file cache for directory 'D:/TreeEvolution/Content/' took 0.01s
[2016.03.31-15.30.43:279][  0]SourceControl: Info Source control is disabled
[2016.03.31-15.30.43:280][  0]Cmd: MAP LOAD FILE="../../../../../../TreeEvolution/Content/StarterContent/Maps/Minimal_Default.umap" TEMPLATE=0 SHOWPROGRESS=1 FEATURELEVEL=3
[2016.03.31-15.30.43:280][  0]LightingResults: New page: Lighting Build
[2016.03.31-15.30.43:282][  0]MapCheck: New page: Map Check
[2016.03.31-15.30.43:282][  0]LightingResults: New page: Lighting Build
[2016.03.31-15.30.43:300][  0]LogParticles: Destroying 0 GPU particle simulations for FXSystem 0x0000021D400D6160
[2016.03.31-15.30.43:561][  0]LogAIModule: Creating AISystem for world Minimal_Default
[2016.03.31-15.30.43:569][  0]LogEditorServer: Finished looking for orphan Actors (0.000 secs)
[2016.03.31-15.30.43:577][  0]Cmd: MAP CHECKDEP NOCLEARLOG
[2016.03.31-15.30.43:614][  0]MapCheck: Info Map check complete: 0 Error(s), 0 Warning(s), took 36.697ms to complete.
[2016.03.31-15.30.43:614][  0]LogFileHelpers: Loading map 'Minimal_Default' took 0.335
[2016.03.31-15.30.43:751][  0]LogCollectionManager: Loaded 0 collections in 0.001151 seconds
[2016.03.31-15.30.43:789][  0]LogFileCache: Scanning file cache for directory 'D:/TreeEvolution/Saved/Collections/' took 0.01s
[2016.03.31-15.30.43:789][  0]LogFileCache: Scanning file cache for directory 'D:/TreeEvolution/Content/Developers/tobia/Collections/' took 0.01s
[2016.03.31-15.30.43:789][  0]LogFileCache: Scanning file cache for directory 'D:/TreeEvolution/Content/Collections/' took 0.01s
[2016.03.31-15.30.43:789][  0]LogCollectionManager: Rebuilt the GUID cache for 0 collections in 0.000002 seconds
[2016.03.31-15.30.43:796][  0]LogContentBrowser: Native class hierarchy populated in 0.0073 seconds. Added 1897 classes and 340 folders.
[2016.03.31-15.30.43:802][  0]LogContentBrowser: Native class hierarchy updated for 'WidgetCarousel' in 0.0008 seconds. Added 0 classes and 0 folders.
[2016.03.31-15.30.43:833][  0]LogContentBrowser: Native class hierarchy updated for 'AddContentDialog' in 0.0008 seconds. Added 0 classes and 0 folders.
[2016.03.31-15.30.43:837][  0]LogContentBrowser: Native class hierarchy updated for 'SceneOutliner' in 0.0008 seconds. Added 1 classes and 2 folders.
[2016.03.31-15.30.43:898][  0]LogCrashTracker: Crashtracker disabled due to settings.
[2016.03.31-15.30.43:911][  0]LogUObjectGlobals:Warning: Failed to find object 'Class None.'
[2016.03.31-15.30.43:935][  0]LogLoad: Full Startup: 5.22 seconds (BP compile: 0.04 seconds)
[2016.03.31-15.30.43:950][  0]LogOcInput: Can't find Oculus library dev build: is proper Runtime installed? Version: 0.8.0.0
[2016.03.31-15.30.44:021][  0]LogContentStreaming: Texture pool size now 1000 MB
[2016.03.31-15.30.44:174][  0]LogRenderer: Reallocating scene render targets to support 884x452 (Frame:2).
[2016.03.31-15.30.44:379][  3]LogAssetRegistry: Asset discovery search completed in 2.2507 seconds
[2016.03.31-15.30.44:379][  3]LogCollectionManager: Rebuilt the object cache for 0 collections in 0.000001 seconds (found 0 objects)
[2016.03.31-15.30.44:379][  3]LogCollectionManager: Fixed up redirectors for 0 collections in 0.000017 seconds (updated 0 objects)
[2016.03.31-15.32.38:464][447]Recompiling TreeEvolution...
[2016.03.31-15.32.38:465][447]Launching UnrealBuildTool... [D:/Program Files (x86)/Epic Games/4.10/Engine/Binaries/DotNET/UnrealBuildTool.exe TreeEvolution -ModuleWithSuffix TreeEvolution 4748 Win64 Development -editorrecompile -canskiplink "D:/TreeEvolution/TreeEvolution.uproject" -rocket  -rocket -2015]
[2016.03.31-15.32.38:466][447]Warning: Starting HotReload took  0.0s.
[2016.03.31-15.32.52:695][561]CompilerResultsLog: New page: Compilation - Mar 31, 2016, 7:32:52 PM
[2016.03.31-15.32.52:695][561]CompilerResultsLog: Info Creating makefile for hot reloading TreeEvolution (modules to compile have changed)
[2016.03.31-15.32.52:695][561]CompilerResultsLog: Info Compiling game modules for hot reload
[2016.03.31-15.32.52:695][561]CompilerResultsLog: Info Parsing headers for TreeEvolutionEditor
[2016.03.31-15.32.52:695][561]CompilerResultsLog: Info   Running UnrealHeaderTool "D:/TreeEvolution/TreeEvolution.uproject" "D:\TreeEvolution\Intermediate\Build\Win64\TreeEvolutionEditor\Development\UnrealHeaderTool.manifest" -LogCmds="loginit warning, logexit warning, logdatabase error" -rocket -installed
[2016.03.31-15.32.52:695][561]CompilerResultsLog: Info Reflection code generated for TreeEvolutionEditor in 6,9700578 seconds
[2016.03.31-15.32.52:695][561]CompilerResultsLog: Info Performing 2 actions (4 in parallel)
[2016.03.31-15.32.52:695][561]CompilerResultsLog: Info Tree.cpp
[2016.03.31-15.32.52:695][561]CompilerResultsLog: Info [2/2] Link UE4Editor-TreeEvolution-4748.dll
[2016.03.31-15.32.52:695][561]CompilerResultsLog: Info    Creating library D:\TreeEvolution\Intermediate/Build/Win64\UE4Editor\Development\UE4Editor-TreeEvolution-4748.lib and object D:\TreeEvolution\Intermediate/Build/Win64\UE4Editor\Development\UE4Editor-TreeEvolution-4748.exp
[2016.03.31-15.32.52:695][561]CompilerResultsLog: Info -------- End Detailed Actions Stats -----------------------------------------------------------
[2016.03.31-15.32.52:695][561]CompilerResultsLog: Info Total build time: 14,05 seconds
[2016.03.31-15.32.52:695][561]LogMainFrame: MainFrame: Module compiling took 14.235 seconds
[2016.03.31-15.32.52:768][561]LogContentBrowser: Native class hierarchy updated for 'TreeEvolution' in 0.0010 seconds. Added 4 classes and 2 folders.
[2016.03.31-15.32.52:770][561]Warning: HotReload successful (4 functions remapped  0 scriptstructs remapped)
[2016.03.31-15.32.52:822][561]LogContentBrowser: Native class hierarchy populated in 0.0081 seconds. Added 1898 classes and 342 folders.
[2016.03.31-15.35.48:408][785]Recompiling TreeEvolution...
[2016.03.31-15.35.48:408][785]Launching UnrealBuildTool... [D:/Program Files (x86)/Epic Games/4.10/Engine/Binaries/DotNET/UnrealBuildTool.exe TreeEvolution -ModuleWithSuffix TreeEvolution 4874 Win64 Development -editorrecompile -canskiplink "D:/TreeEvolution/TreeEvolution.uproject" -rocket  -rocket -2015]
[2016.03.31-15.35.48:410][785]Warning: Starting HotReload took  0.0s.
[2016.03.31-15.36.00:339][163]CompilerResultsLog: New page: Compilation - Mar 31, 2016, 7:36:00 PM
[2016.03.31-15.36.00:339][163]CompilerResultsLog: Info Compiling game modules for hot reload
[2016.03.31-15.36.00:339][163]CompilerResultsLog: Info Parsing headers for TreeEvolutionEditor
[2016.03.31-15.36.00:339][163]CompilerResultsLog: Info   Running UnrealHeaderTool "D:/TreeEvolution/TreeEvolution.uproject" "D:\TreeEvolution\Intermediate\Build\Win64\TreeEvolutionEditor\Development\UnrealHeaderTool.manifest" -LogCmds="loginit warning, logexit warning, logdatabase error" -rocket -installed
[2016.03.31-15.36.00:340][163]CompilerResultsLog: Info Reflection code generated for TreeEvolutionEditor in 7,9317834 seconds
[2016.03.31-15.36.00:340][163]CompilerResultsLog: Info Performing 4 actions (4 in parallel)
[2016.03.31-15.36.00:340][163]CompilerResultsLog: Info Tree.cpp
[2016.03.31-15.36.00:340][163]CompilerResultsLog: Info Branch.cpp
[2016.03.31-15.36.00:340][163]CompilerResultsLog: Info TreeEvolution.generated.cpp
[2016.03.31-15.36.00:340][163]CompilerResultsLog: Info [4/4] Link UE4Editor-TreeEvolution-4874.dll
[2016.03.31-15.36.00:340][163]CompilerResultsLog: Info    Creating library D:\TreeEvolution\Intermediate/Build/Win64\UE4Editor\Development\UE4Editor-TreeEvolution-4874.lib and object D:\TreeEvolution\Intermediate/Build/Win64\UE4Editor\Development\UE4Editor-TreeEvolution-4874.exp
[2016.03.31-15.36.00:340][163]CompilerResultsLog: Info -------- End Detailed Actions Stats -----------------------------------------------------------
[2016.03.31-15.36.00:340][163]CompilerResultsLog: Info Total build time: 11,88 seconds
[2016.03.31-15.36.00:340][163]LogMainFrame: MainFrame: Module compiling took 11.936 seconds
[2016.03.31-15.36.00:377][163]LogClass: Could not find existing class Branch in package /Script/TreeEvolution for HotReload, assuming new class
[2016.03.31-15.36.00:377][163]LogClass: Could not find existing class Tree in package /Script/TreeEvolution for HotReload, assuming new class
[2016.03.31-15.36.00:377][163]LogClass: Function calculateCost is new.
[2016.03.31-15.36.00:377][163]LogClass: Function calculateHits is new.
[2016.03.31-15.36.00:378][163]LogClass: Function duplicate is new.
[2016.03.31-15.36.00:378][163]LogClass: Function mutate is new.
[2016.03.31-15.36.00:378][163]LogHotReload: Re-instancing Branch after hot-reload.
[2016.03.31-15.36.00:400][163]LogHotReload: Re-instancing Tree after hot-reload.
[2016.03.31-15.36.00:462][163]LogContentBrowser: Native class hierarchy updated for 'TreeEvolution' in 0.0009 seconds. Added 4 classes and 2 folders.
[2016.03.31-15.36.00:463][163]Warning: HotReload successful (0 functions remapped  0 scriptstructs remapped)
[2016.03.31-15.36.00:502][163]LogContentBrowser: Native class hierarchy populated in 0.0075 seconds. Added 1898 classes and 342 folders.
[2016.03.31-15.43.04:054][113]LogHotReload: New module detected: UE4Editor-TreeEvolution-4289.dll
[2016.03.31-15.43.04:728][116]LogHotReload: Starting Hot-Reload from IDE
[2016.03.31-15.43.04:821][116]LogContentBrowser: Native class hierarchy updated for 'TreeEvolution' in 0.0014 seconds. Added 4 classes and 2 folders.
[2016.03.31-15.43.04:823][116]Warning: HotReload successful (4 functions remapped  0 scriptstructs remapped)
[2016.03.31-15.43.04:883][116]LogContentBrowser: Native class hierarchy populated in 0.0097 seconds. Added 1898 classes and 342 folders.
[2016.03.31-15.43.11:500][284]LogEditorViewport: Clicking on Actor (LMB): TreeBP_C (TreeBP)
[2016.03.31-15.43.51:008][599]LogHotReload: New module detected: UE4Editor-TreeEvolution-4788.dll
[2016.03.31-15.43.51:679][602]LogHotReload: Starting Hot-Reload from IDE
[2016.03.31-15.43.51:757][602]LogContentBrowser: Native class hierarchy updated for 'TreeEvolution' in 0.0013 seconds. Added 4 classes and 2 folders.
[2016.03.31-15.43.51:758][602]Warning: HotReload successful (4 functions remapped  0 scriptstructs remapped)
[2016.03.31-15.43.51:809][602]LogContentBrowser: Native class hierarchy populated in 0.0072 seconds. Added 1898 classes and 342 folders.
[2016.03.31-15.43.55:695][921]Recompiling TreeEvolution...
[2016.03.31-15.43.55:695][921]Launching UnrealBuildTool... [D:/Program Files (x86)/Epic Games/4.10/Engine/Binaries/DotNET/UnrealBuildTool.exe TreeEvolution -ModuleWithSuffix TreeEvolution 8011 Win64 Development -editorrecompile -canskiplink "D:/TreeEvolution/TreeEvolution.uproject" -rocket  -rocket -2015]
[2016.03.31-15.43.55:697][921]Warning: Starting HotReload took  0.0s.
[2016.03.31-15.44.01:023][502]CompilerResultsLog: New page: Compilation - Mar 31, 2016, 7:44:01 PM
[2016.03.31-15.44.01:023][502]CompilerResultsLog: Info Creating makefile for hot reloading TreeEvolution (modules to compile have changed)
[2016.03.31-15.44.01:023][502]CompilerResultsLog: Info Compiling game modules for hot reload
[2016.03.31-15.44.01:023][502]CompilerResultsLog: Info Target is up to date.
[2016.03.31-15.44.01:023][502]LogMainFrame: MainFrame: Module compiling took 5.332 seconds
[2016.03.31-15.45.05:200][929]Recompiling TreeEvolution...
[2016.03.31-15.45.05:200][929]Launching UnrealBuildTool... [D:/Program Files (x86)/Epic Games/4.10/Engine/Binaries/DotNET/UnrealBuildTool.exe TreeEvolution -ModuleWithSuffix TreeEvolution 2927 Win64 Development -editorrecompile -canskiplink "D:/TreeEvolution/TreeEvolution.uproject" -rocket  -rocket -2015]
[2016.03.31-15.45.05:201][929]Warning: Starting HotReload took  0.0s.
[2016.03.31-15.45.08:365][258]CompilerResultsLog: New page: Compilation - Mar 31, 2016, 7:45:08 PM
[2016.03.31-15.45.08:366][258]CompilerResultsLog: Info Compiling game modules for hot reload
[2016.03.31-15.45.08:366][258]CompilerResultsLog: Info Performing 4 actions (4 in parallel)
[2016.03.31-15.45.08:366][258]CompilerResultsLog: Info Leaf.cpp
[2016.03.31-15.45.08:366][258]CompilerResultsLog: Info Tree.cpp
[2016.03.31-15.45.08:366][258]CompilerResultsLog: Info Branch.cpp
[2016.03.31-15.45.08:366][258]CompilerResultsLog:Error: Error D:\TreeEvolution\Source\TreeEvolution\Branch.cpp(16) : error C2064: term does not evaluate to a function taking 0 arguments
[2016.03.31-15.45.08:366][258]CompilerResultsLog: Info -------- End Detailed Actions Stats -----------------------------------------------------------
[2016.03.31-15.45.08:366][258]CompilerResultsLog: Info ERROR: UBT ERROR: Failed to produce item: D:\TreeEvolution\Binaries\Win64\UE4Editor-TreeEvolution-2927.dll
[2016.03.31-15.45.08:366][258]CompilerResultsLog: Info Total build time: 3,12 seconds
[2016.03.31-15.45.08:366][258]LogMainFrame: MainFrame: Module compiling took 3.170 seconds
[2016.03.31-15.45.08:366][258]Warning: HotReload failed, recompile failed
[2016.03.31-15.45.55:287][254]Recompiling TreeEvolution...
[2016.03.31-15.45.55:288][254]Launching UnrealBuildTool... [D:/Program Files (x86)/Epic Games/4.10/Engine/Binaries/DotNET/UnrealBuildTool.exe TreeEvolution -ModuleWithSuffix TreeEvolution 4474 Win64 Development -editorrecompile -canskiplink "D:/TreeEvolution/TreeEvolution.uproject" -rocket  -rocket -2015]
[2016.03.31-15.45.55:289][254]War