[2016.03.31-17.38.36:706][  0]Log file open, 03/31/16 19:38:36
[2016.03.31-17.38.36:706][  0]LogInit:Display: Running engine for game: TreeEvolution
[2016.03.31-17.38.36:706][  0]LogPlatformFile: Not using cached read wrapper
[2016.03.31-17.38.36:706][  0]LogInit:Display: RandInit(-1398162793) SRandInit(-1398162792).
[2016.03.31-17.38.36:706][  0]LogTaskGraph: Started task graph with 4 named threads and 7 total threads.
[2016.03.31-17.38.36:706][  0]LogStats: Stats thread started at 0.076204
[2016.03.31-17.38.36:706][  0]LogInit: Version: 4.10.4-2872498+++depot+UE4-Releases+4.10
[2016.03.31-17.38.36:706][  0]LogInit: API Version: 2758231
[2016.03.31-17.38.36:706][  0]LogInit: Compiled (64-bit): Feb 18 2016 15:47:04
[2016.03.31-17.38.36:706][  0]LogInit: Compiled with Visual C++: 19.00.23026.00
[2016.03.31-17.38.36:706][  0]LogInit: Build Configuration: Development
[2016.03.31-17.38.36:706][  0]LogInit: Branch Name: ++depot+UE4-Releases+4.10
[2016.03.31-17.38.36:706][  0]LogInit: Command line: 
[2016.03.31-17.38.36:706][  0]LogInit: Base directory: D:/Program Files (x86)/Epic Games/4.10/Engine/Binaries/Win64/
[2016.03.31-17.38.36:706][  0]LogInit: Rocket: 1
[2016.03.31-17.38.36:711][  0]LogInit: Using libcurl 7.41.0
[2016.03.31-17.38.36:711][  0]LogInit:  - built for x86_64-pc-win32
[2016.03.31-17.38.36:711][  0]LogInit:  - supports SSL with WinSSL
[2016.03.31-17.38.36:711][  0]LogInit:  - other features:
[2016.03.31-17.38.36:711][  0]LogInit:      CURL_VERSION_SSL
[2016.03.31-17.38.36:711][  0]LogInit:      CURL_VERSION_IPV6
[2016.03.31-17.38.36:711][  0]LogInit:      CURL_VERSION_ASYNCHDNS
[2016.03.31-17.38.36:711][  0]LogInit:      CURL_VERSION_LARGEFILE
[2016.03.31-17.38.36:711][  0]LogInit:      CURL_VERSION_IDN
[2016.03.31-17.38.36:711][  0]LogInit:  CurlRequestOptions (configurable via config and command line):
[2016.03.31-17.38.36:711][  0]LogInit:  - bVerifyPeer = true  - Libcurl will verify peer certificate
[2016.03.31-17.38.36:711][  0]LogInit:  - bUseHttpProxy = false  - Libcurl will NOT use HTTP proxy
[2016.03.31-17.38.36:711][  0]LogInit:  - bDontReuseConnections = false  - Libcurl will reuse connections
[2016.03.31-17.38.36:711][  0]LogInit:  - CertBundlePath = nullptr  - Libcurl will use whatever was configured at build time.
[2016.03.31-17.38.36:715][  0]LogInit: Presizing for 0 objects not considered by GC, pre-allocating 0 bytes.
[2016.03.31-17.38.36:720][  0]LogInit: Object subsystem initialized
[2016.03.31-17.38.36:721][  0]LogInit: Selected Device Profile: [Windows]
[2016.03.31-17.38.36:721][  0]LogInit: Applying CVar settings loaded from the selected device profile: [Windows]
[2016.03.31-17.38.36:730][  0]LogInit: Computer: MSI
[2016.03.31-17.38.36:730][  0]LogInit: User: tobia
[2016.03.31-17.38.36:730][  0]LogInit: CPU Page size=4096, Cores=4
[2016.03.31-17.38.36:730][  0]LogInit: High frequency timer resolution =2.531247 MHz
[2016.03.31-17.38.36:730][  0]LogMemory: Memory total: Physical=15.9GB (16GB approx)
[2016.03.31-17.38.36:730][  0]LogMemory: Platform Memory Stats for Windows
[2016.03.31-17.38.36:730][  0]LogMemory: Process Physical Memory: 56.29 MB used, 56.29 MB peak
[2016.03.31-17.38.36:730][  0]LogMemory: Process Virtual Memory: 57.09 MB used, 57.09 MB peak
[2016.03.31-17.38.36:730][  0]LogMemory: Physical Memory: 5265.59 MB used, 16294.66 MB total
[2016.03.31-17.38.36:730][  0]LogMemory: Virtual Memory: 383.88 MB used, 134217728.00 MB total
[2016.03.31-17.38.36:761][  0]LogTextLocalizationManager: No translations for ('sv-SE') exist, falling back to 'en' for localization and internationalization data.
[2016.03.31-17.38.37:202][  0]LogD3D11RHI: Found D3D11 adapter 0: NVIDIA GeForce GTX 970M           (Feature Level 11_0)
[2016.03.31-17.38.37:202][  0]LogD3D11RHI: Adapter has 2991MB of dedicated video memory, 0MB of dedicated system memory, and 8147MB of shared system memory, 1 output[s]
[2016.03.31-17.38.37:208][  0]LogD3D11RHI: Found D3D11 adapter 1: Intel(R) HD Graphics 530 (Feature Level 11_0)
[2016.03.31-17.38.37:208][  0]LogD3D11RHI: Adapter has 128MB of dedicated video memory, 0MB of dedicated system memory, and 8147MB of shared system memory, 0 output[s]
[2016.03.31-17.38.37:209][  0]LogD3D11RHI: Found D3D11 adapter 2: Microsoft Basic Render Driver (Feature Level 11_0)
[2016.03.31-17.38.37:209][  0]LogD3D11RHI: Adapter has 0MB of dedicated video memory, 0MB of dedicated system memory, and 8147MB of shared system memory, 0 output[s]
[2016.03.31-17.38.37:209][  0]LogD3D11RHI: Chosen D3D11 Adapter Id = 0
[2016.03.31-17.38.37:213][  0]LogD3D11RHI: !Direct3DDevice
[2016.03.31-17.38.37:213][  0]LogRHI: Texture pool is 1361 MB (70% of 1945 MB)
[2016.03.31-17.38.37:224][  0]LogD3D11RHI: Async texture creation enabled
[2016.03.31-17.38.37:241][  0]LogShaderCompilers: Guid format shader working directory is 15 characters bigger than the processId version (../../../../../../TreeEvolution/Intermediate/Shaders/WorkingDirectory/8540/).
[2016.03.31-17.38.37:241][  0]LogShaderCompilers: Cleaned the shader compiler working directory 'C:/Users/tobia/AppData/Local/Temp/UnrealShaderWorkingDir/F961E5FA443D3E7030C4D5BCA8F73F2B/'.
[2016.03.31-17.38.37:241][  0]LogShaderCompilers:Display: Using Local Shader Compiler.
[2016.03.31-17.38.37:992][  0]LogTemp:Display: Loaded TP AllDesktopTargetPlatform
[2016.03.31-17.38.37:995][  0]LogTemp:Display: Loaded TP WindowsClientTargetPlatform
[2016.03.31-17.38.37:998][  0]LogTemp:Display: Loaded TP WindowsNoEditorTargetPlatform
[2016.03.31-17.38.38:002][  0]LogTemp:Display: Loaded TP WindowsServerTargetPlatform
[2016.03.31-17.38.38:005][  0]LogTemp:Display: Loaded TP WindowsTargetPlatform
[2016.03.31-17.38.38:007][  0]LogTemp:Display: Loaded TP AndroidTargetPlatform
[2016.03.31-17.38.38:009][  0]LogTemp:Display: Loaded TP Android_ASTCTargetPlatform
[2016.03.31-17.38.38:011][  0]LogTemp:Display: Loaded TP Android_ATCTargetPlatform
[2016.03.31-17.38.38:013][  0]LogTemp:Display: Loaded TP Android_DXTTargetPlatform
[2016.03.31-17.38.38:016][  0]LogTemp:Display: Loaded TP Android_ETC1TargetPlatform
[2016.03.31-17.38.38:019][  0]LogTemp:Display: Loaded TP Android_ETC2TargetPlatform
[2016.03.31-17.38.38:025][  0]LogTemp:Display: Loaded TP Android_MultiTargetPlatform
[2016.03.31-17.38.38:025][  0]LogTemp:Display: Loaded TP Android_PVRTCTargetPlatform
[2016.03.31-17.38.38:025][  0]LogTemp:Display: Loaded TP HTML5TargetPlatform
[2016.03.31-17.38.38:041][  0]LogTemp:Display: Loaded TP IOSTargetPlatform
[2016.03.31-17.38.38:043][  0]LogTemp:Display: Loaded TP LinuxNoEditorTargetPlatform
[2016.03.31-17.38.38:046][  0]LogTemp:Display: Loaded TP LinuxServerTargetPlatform
[2016.03.31-17.38.38:050][  0]LogTemp:Display: Loaded TP LinuxTargetPlatform
[2016.03.31-17.38.38:050][  0]LogTargetPlatformManager:Display: Building Assets For Windows
[2016.03.31-17.38.38:105][  0]LogDerivedDataCache:Display: Max Cache Size: 512 MB
[2016.03.31-17.38.38:147][  0]LogDerivedDataCache: Loaded boot cache 0.04s 41MB C:/Users/tobia/AppData/Local/UnrealEngine/4.10/DerivedDataCache/Boot.ddc.
[2016.03.31-17.38.38:148][  0]LogDerivedDataCache:Display: Loaded Boot cache: C:/Users/tobia/AppData/Local/UnrealEngine/4.10/DerivedDataCache/Boot.ddc
[2016.03.31-17.38.38:148][  0]LogDerivedDataCache: FDerivedDataBackendGraph:  Pak pak cache file ../../../../../../TreeEvolution/DerivedDataCache/DDC.ddp not found, will not use a pak cache.
[2016.03.31-17.38.38:148][  0]LogDerivedDataCache: Unable to find inner node Pak for hierarchical cache Hierarchy.
[2016.03.31-17.38.38:148][  0]LogDerivedDataCache: FDerivedDataBackendGraph:  CompressedPak pak cache file ../../../../../../TreeEvolution/DerivedDataCache/Compressed.ddp not found, will not use a pak cache.
[2016.03.31-17.38.38:148][  0]LogDerivedDataCache: Unable to find inner node CompressedPak for hierarchical cache Hierarchy.
[2016.03.31-17.38.38:204][  0]LogDerivedDataCache:Display: Pak cache opened for reading ../../../Engine/DerivedDataCache/Compressed.ddp.
[2016.03.31-17.38.38:216][  0]LogDerivedDataCache: Using Local data cache path C:/Users/tobia/AppData/Local/UnrealEngine/Common/DerivedDataCache: Writable
[2016.03.31-17.38.38:371][  0]LogInit: Selected Device Profile: [Windows]
[2016.03.31-17.38.38:373][  0]LogContentStreaming: Texture pool size is 0.000000MB
[2016.03.31-17.38.38:467][  0]LogMeshUtilities: No automatic mesh reduction module available
[2016.03.31-17.38.38:467][  0]LogMeshUtilities: No automatic mesh merging module available
[2016.03.31-17.38.38:646][  0]LogInit: WinSock: version 1.1 (2.2), MaxSocks=32767, MaxUdp=65467
[2016.03.31-17.38.39:289][  0]UdpMessaging: Initializing bridge on interface 0.0.0.0:0 to multicast group 230.0.0.1:6666.
[2016.03.31-17.38.39:389][  0]LogAssetRegistry: FAssetRegistry took 0.0113 seconds to start up
[2016.03.31-17.38.39:527][  0]SourceControl: Info Source control is disabled
[2016.03.31-17.38.39:528][  0]SourceControl: Info Source control is disabled
[2016.03.31-17.38.39:535][  0]SourceControl: Info Source control is disabled
[2016.03.31-17.38.39:543][  0]SourceControl: Info Source control is disabled
[2016.03.31-17.38.39:700][  0]LogObj: 28660 objects as part of root set at end of initial load.
[2016.03.31-17.38.39:700][  0]LogUObjectAllocator: 6108704 out of 0 bytes used by permanent object pool.
[2016.03.31-17.38.39:752][  0]LogEngine: Initializing Engine...
[2016.03.31-17.38.39:754][  0]LogHMD: Can't find Oculus library dev build: is proper Runtime installed? Version: 0.8.0.0
[2016.03.31-17.38.39:755][  0]LogHMD: SteamVR failed to initialize.  Err: 110
[2016.03.31-17.38.39:865][  0]LogAIModule: Creating AISystem for world NewWorld
[2016.03.31-17.38.39:868][  0]LogInit: XAudio2 using 'Speakers (Realtek High Definition Audio)' : 2 channels at 48 kHz using 32 bits per sample (channel mask 0x3)
[2016.03.31-17.38.41:457][  0]LogInit: FAudioDevice initialized.
[2016.03.31-17.38.41:476][  0]LogDerivedDataCache: Saved boot cache 0.02s 41MB C:/Users/tobia/AppData/Local/UnrealEngine/4.10/DerivedDataCache/Boot.ddc.
[2016.03.31-17.38.41:480][  0]LogInit: Texture streaming: Enabled
[2016.03.31-17.38.41:484][  0]LogAnalytics: Creating configured Analytics provider AnalyticsET
[2016.03.31-17.38.41:484][  0]LogAnalytics: [UEEditor.Rocket.Release] APIServer = http://et2.epicgames.com/ET2/. AppVersion = 4.10.4-2872498+++depot+UE4-Releases+4.10
[2016.03.31-17.38.41:484][  0]LogAnalytics: [UEEditor.Rocket.Release] SetUserId 3750e6d1405e52e99c08f9974cd5569f|471a4cb9a5c14167995f8bc8b175918a|446fe6e5-1b13-4339-81c8-b1f6f83a87c4
[2016.03.31-17.38.41:484][  0]LogAnalytics: [UEEditor.Rocket.Release] AnalyticsET::StartSession
[2016.03.31-17.38.41:491][  0]LogInit: Transaction tracking system initialized
[2016.03.31-17.38.41:511][  0]BlueprintLog: New page: Editor Load
[2016.03.31-17.38.41:572][  0]LocalizationService: Info Localization service is disabled
[2016.03.31-17.38.41:631][  0]LogConsoleResponse:Display: 
[2016.03.31-17.38.41:733][  0]LogCook:Display: Done creating registry. It took  0.00s.
[2016.03.31-17.38.41:771][  0]LogFileCache: Scanning file cache for directory 'D:/TreeEvolution/Content/' took 0.01s
[2016.03.31-17.38.41:771][  0]SourceControl: Info Source control is disabled
[2016.03.31-17.38.41:771][  0]Cmd: MAP LOAD FILE="../../../../../../TreeEvolution/Content/StarterContent/Maps/Minimal_Default.umap" TEMPLATE=0 SHOWPROGRESS=1 FEATURELEVEL=3
[2016.03.31-17.38.41:772][  0]LightingResults: New page: Lighting Build
[2016.03.31-17.38.41:774][  0]MapCheck: New page: Map Check
[2016.03.31-17.38.41:774][  0]LightingResults: New page: Lighting Build
[2016.03.31-17.38.41:786][  0]LogParticles: Destroying 0 GPU particle simulations for FXSystem 0x00000195067F2160
[2016.03.31-17.38.42:053][  0]LogAIModule: Creating AISystem for world Minimal_Default
[2016.03.31-17.38.42:060][  0]LogEditorServer: Finished looking for orphan Actors (0.000 secs)
[2016.03.31-17.38.42:061][  0]Cmd: MAP CHECKDEP NOCLEARLOG
[2016.03.31-17.38.42:097][  0]MapCheck: Info Map check complete: 0 Error(s), 0 Warning(s), took 36.025ms to complete.
[2016.03.31-17.38.42:097][  0]LogFileHelpers: Loading map 'Minimal_Default' took 0.326
[2016.03.31-17.38.42:215][  0]LogCollectionManager: Loaded 0 collections in 0.001444 seconds
[2016.03.31-17.38.42:253][  0]LogFileCache: Scanning file cache for directory 'D:/TreeEvolution/Saved/Collections/' took 0.01s
[2016.03.31-17.38.42:253][  0]LogFileCache: Scanning file cache for directory 'D:/TreeEvolution/Content/Developers/tobia/Collections/' took 0.01s
[2016.03.31-17.38.42:253][  0]LogFileCache: Scanning file cache for directory 'D:/TreeEvolution/Content/Collections/' took 0.01s
[2016.03.31-17.38.42:253][  0]LogCollectionManager: Rebuilt the GUID cache for 0 collections in 0.000002 seconds
[2016.03.31-17.38.42:261][  0]LogContentBrowser: Native class hierarchy populated in 0.0075 seconds. Added 1897 classes and 340 folders.
[2016.03.31-17.38.42:266][  0]LogContentBrowser: Native class hierarchy updated for 'WidgetCarousel' in 0.0009 seconds. Added 0 classes and 0 folders.
[2016.03.31-17.38.42:300][  0]LogContentBrowser: Native class hierarchy updated for 'AddContentDialog' in 0.0008 seconds. Added 0 classes and 0 folders.
[2016.03.31-17.38.42:303][  0]LogContentBrowser: Native class hierarchy updated for 'SceneOutliner' in 0.0008 seconds. Added 1 classes and 2 folders.
[2016.03.31-17.38.42:342][  0]LogCrashTracker: Crashtracker disabled due to settings.
[2016.03.31-17.38.42:346][  0]LogUObjectGlobals:Warning: Failed to find object 'Class None.'
[2016.03.31-17.38.42:369][  0]LogLoad: Full Startup: 6.27 seconds (BP compile: 0.04 seconds)
[2016.03.31-17.38.42:389][  0]LogOcInput: Can't find Oculus library dev build: is proper Runtime installed? Version: 0.8.0.0
[2016.03.31-17.38.42:442][  0]LogContentStreaming: Texture pool size now 1000 MB
[2016.03.31-17.38.42:592][  0]LogRenderer: Reallocating scene render targets to support 884x452 (Frame:2).
[2016.03.31-17.38.42:731][  2]LogAssetRegistry: Asset discovery search completed in 3.3535 seconds
[2016.03.31-17.38.42:731][  2]LogCollectionManager: Rebuilt the object cache for 0 collections in 0.000000 seconds (found 0 objects)
[2016.03.31-17.38.42:731][  2]LogCollectionManager: Fixed up redirectors for 0 collections in 0.000015 seconds (updated 0 objects)
[2016.03.31-17.41.04:322][737]Running D:/Program Files (x86)/Epic Games/4.10/Engine/Binaries/DotNET/UnrealBuildTool.exe  -projectfiles -project="D:/TreeEvolution/TreeEvolution.uproject" -game -rocket -progress -2015
[2016.03.31-17.41.04:625][737]Discovering modules, targets and source code for game...
[2016.03.31-17.41.10:655][737]LogVSAccessor:Warning: Couldn't access Visual Studio
[2016.03.31-17.41.10:661][737]Recompiling TreeEvolution...
[2016.03.31-17.41.10:661][737]Launching UnrealBuildTool... [D:/Program Files (x86)/Epic Games/4.10/Engine/Binaries/DotNET/UnrealBuildTool.exe TreeEvolution -ModuleWithSuffix TreeEvolution 9222 Win64 Development -editorrecompile -canskiplink "D:/TreeEvolution/TreeEvolution.uproject" -rocket  -rocket -2015]
[2016.03.31-17.41.27:778][737]CompilerResultsLog: New page: Compilation - Mar 31, 2016, 9:41:27 PM
[2016.03.31-17.41.27:779][737]CompilerResultsLog: Info Creating makefile for hot reloading TreeEvolution (List of files containing UHT types has changed)
[2016.03.31-17.41.27:779][737]CompilerResultsLog: Info Compiling game modules for hot reload
[2016.03.31-17.41.27:779][737]CompilerResultsLog: Info Parsing headers for TreeEvolutionEditor
[2016.03.31-17.41.27:779][737]CompilerResultsLog: Info   Running UnrealHeaderTool "D:/TreeEvolution/TreeEvolution.uproject" "D:\TreeEvolution\Intermediate\Build\Win64\TreeEvolutionEditor\Development\UnrealHeaderTool.manifest" -LogCmds="loginit warning, logexit warning, logdatabase error" -rocket -installed
[2016.03.31-17.41.27:779][737]CompilerResultsLog: Info Reflection code generated for TreeEvolutionEditor in 8,8930167 seconds
[2016.03.31-17.41.27:779][737]CompilerResultsLog: Info Performing 4 actions (4 in parallel)
[2016.03.31-17.41.27:779][737]CompilerResultsLog: Info Spawner.cpp
[2016.03.31-17.41.27:779][737]CompilerResultsLog: Info Tree.cpp
[2016.03.31-17.41.27:779][737]CompilerResultsLog: Info TreeEvolution.generated.cpp
[2016.03.31-17.41.27:779][737]CompilerResultsLog: Info [4/4] Link UE4Editor-TreeEvolution-9222.dll
[2016.03.31-17.41.27:779][737]CompilerResultsLog: Info    Creating library D:\TreeEvolution\Intermediate/Build/Win64\UE4Editor\Development\UE4Editor-TreeEvolution-9222.lib and object D:\TreeEvolution\Intermediate/Build/Win64\UE4Editor\Development\UE4Editor-TreeEvolution-9222.exp
[2016.03.31-17.41.27:779][737]CompilerResultsLog: Info -------- End Detailed Actions Stats -----------------------------------------------------------
[2016.03.31-17.41.27:779][737]CompilerResultsLog: Info Total build time: 17,07 seconds
[2016.03.31-17.41.27:779][737]LogMainFrame: MainFrame: Module compiling took 17.124 seconds
[2016.03.31-17.41.27:864][737]LogClass: Could not find existing class Spawner in package /Script/TreeEvolution for HotReload, assuming new class
[2016.03.31-17.41.27:868][737]LogContentBrowser: Native class hierarchy updated for 'TreeEvolution' in 0.0013 seconds. Added 5 classes and 2 folders.
[2016.03.31-17.41.27:871][737]Warning: HotReload successful (4 functions remapped  0 scriptstructs remapped)
[2016.03.31-17.41.27:931][737]LogContentBrowser: Native class hierarchy populated in 0.0081 seconds. Added 1899 classes and 342 folders.
[2016.03.31-17.41.27:932][737]Warning: HotReload operation took 17.3s.
[2016.03.31-17.41.27:966][737]LogHotReload: New module detected: UE4Editor-TreeEvolution-9222.dll
[2016.03.31-17.41.27:989][738]LogHotReload: Starting Hot-Reload from IDE
[2016.03.31-17.41.28:050][738]LogContentBrowser: Native class hierarchy updated for 'TreeEvolution' in 0.0010 seconds. Added 5 classes and 2 folders.
[2016.03.31-17.41.28:052][738]Warning: HotReload successful (0 functions remapped  0 scriptstructs remapped)
[2016.03.31-17.41.28:065][738]LogContentBrowser: Native class hierarchy populated in 0.0097 seconds. Added 1899 classes and 342 folders.
[2016.03.31-17.41.31:558][744]LogVSAccessor:Warning: Couldn't goto line number '0' in 'D:/TreeEvolution/Source/TreeEvolution/Spawner.h'
[2016.03.31-17.41.31:599][744]LogVSAccessor:Warning: Couldn't goto line number '0' in 'D:/TreeEvolution/Source/TreeEvolution/Spawner.cpp'
[2016.03.31-17.45.31:935][570]LogVSAccessor:Warning: Couldn't goto line number '0' in 'D:/TreeEvolution/Source/TreeEvolution/Spawner.h'
[2016.03.31-17.45.32:059][570]LogVSAccessor:Warning: Couldn't goto line number '0' in 'D:/TreeEvolution/Source/TreeEvolution/Spawner.cpp'
[2016.03.31-17.45.35:956][706]Recompiling TreeEvolution...
[2016.03.31-17.45.35:956][706]Launching UnrealBuildTool... [D:/Program Files (x86)/Epic Games/4.10/Engine/Binaries/DotNET/UnrealBuildTool.exe TreeEvolution -ModuleWithSuffix TreeEvolution 2891 Win64 Development -editorrecompile -canskiplink "D:/TreeEvolution/TreeEvolution.uproject" -rocket  -rocket -2015]
[2016.03.31-17.45.35:958][706]Warning: Starting HotReload took  0.0s.
[2016.03.31-17.45.39:627][915]LogRenderer: Reallocating scene render targets to support 884x496 (Frame:4085).
[2016.03.31-17.45.46:262][313]CompilerResultsLog: New page: Compilation - Mar 31, 2016, 9:45:46 PM
[2016.03.31-17.45.46:262][313]CompilerResultsLog: Info Compiling game modules for hot reload
[2016.03.31-17.45.46:262][313]CompilerResultsLog: Info Parsing headers for TreeEvolutionEditor
[2016.03.31-17.45.46:262][313]CompilerResultsLog: Info   Running UnrealHeaderTool "D:/TreeEvolution/TreeEvolution.uproject" "D:\TreeEvolution\Intermediate\Build\Win64\TreeEvolutionEditor\Development\UnrealHeaderTool.manifest" -LogCmds="loginit warning, logexit warning, logdatabase error" -rocket -installed
[2016.03.31-17.45.46:262][313]CompilerResultsLog: Info Reflection code generated for TreeEvolutionEditor in 7,2200291 seconds
[2016.03.31-17.45.46:262][313]CompilerResultsLog: Info Performing 6 actions (4 in parallel)
[2016.03.31-17.45.46:262][313]CompilerResultsLog: Info Branch.cpp
[2016.03.31-17.45.46:262][313]CompilerResultsLog: Info Tree.cpp
[2016.03.31-17.45.46:262][313]CompilerResultsLog: Info Leaf.cpp
[2016.03.31-17.45.46:262][313]CompilerResultsLog: Info Spawner.cpp
[2016.03.31-17.45.4