[2016.04.01-10.06.19:723][  0]Log file open, 04/01/16 12:06:19
[2016.04.01-10.06.19:723][  0]LogInit:Display: Running engine for game: TreeEvolution
[2016.04.01-10.06.19:723][  0]LogPlatformFile: Not using cached read wrapper
[2016.04.01-10.06.19:723][  0]LogInit:Display: RandInit(2084735819) SRandInit(2084735820).
[2016.04.01-10.06.19:723][  0]LogTaskGraph: Started task graph with 4 named threads and 7 total threads.
[2016.04.01-10.06.19:723][  0]LogStats: Stats thread started at 0.074813
[2016.04.01-10.06.19:723][  0]LogInit: Version: 4.10.4-2872498+++depot+UE4-Releases+4.10
[2016.04.01-10.06.19:723][  0]LogInit: API Version: 2758231
[2016.04.01-10.06.19:723][  0]LogInit: Compiled (64-bit): Feb 18 2016 15:47:04
[2016.04.01-10.06.19:723][  0]LogInit: Compiled with Visual C++: 19.00.23026.00
[2016.04.01-10.06.19:723][  0]LogInit: Build Configuration: Development
[2016.04.01-10.06.19:723][  0]LogInit: Branch Name: ++depot+UE4-Releases+4.10
[2016.04.01-10.06.19:723][  0]LogInit: Command line:  
[2016.04.01-10.06.19:723][  0]LogInit: Base directory: E:/Program Files/Epic Games/4.10/Engine/Binaries/Win64/
[2016.04.01-10.06.19:723][  0]LogInit: Rocket: 1
[2016.04.01-10.06.19:732][  0]LogInit: Using libcurl 7.41.0
[2016.04.01-10.06.19:732][  0]LogInit:  - built for x86_64-pc-win32
[2016.04.01-10.06.19:732][  0]LogInit:  - supports SSL with WinSSL
[2016.04.01-10.06.19:732][  0]LogInit:  - other features:
[2016.04.01-10.06.19:732][  0]LogInit:      CURL_VERSION_SSL
[2016.04.01-10.06.19:732][  0]LogInit:      CURL_VERSION_IPV6
[2016.04.01-10.06.19:732][  0]LogInit:      CURL_VERSION_ASYNCHDNS
[2016.04.01-10.06.19:732][  0]LogInit:      CURL_VERSION_LARGEFILE
[2016.04.01-10.06.19:732][  0]LogInit:      CURL_VERSION_IDN
[2016.04.01-10.06.19:732][  0]LogInit:  CurlRequestOptions (configurable via config and command line):
[2016.04.01-10.06.19:732][  0]LogInit:  - bVerifyPeer = true  - Libcurl will verify peer certificate
[2016.04.01-10.06.19:732][  0]LogInit:  - bUseHttpProxy = false  - Libcurl will NOT use HTTP proxy
[2016.04.01-10.06.19:732][  0]LogInit:  - bDontReuseConnections = false  - Libcurl will reuse connections
[2016.04.01-10.06.19:732][  0]LogInit:  - CertBundlePath = nullptr  - Libcurl will use whatever was configured at build time.
[2016.04.01-10.06.19:736][  0]LogInit: Presizing for 0 objects not considered by GC, pre-allocating 0 bytes.
[2016.04.01-10.06.19:740][  0]LogInit: Object subsystem initialized
[2016.04.01-10.06.19:741][  0]LogInit: Selected Device Profile: [Windows]
[2016.04.01-10.06.19:741][  0]LogInit: Applying CVar settings loaded from the selected device profile: [Windows]
[2016.04.01-10.06.19:747][  0]LogInit: Computer: MAGNIFICUS
[2016.04.01-10.06.19:747][  0]LogInit: User: Tobbe
[2016.04.01-10.06.19:747][  0]LogInit: CPU Page size=4096, Cores=4
[2016.04.01-10.06.19:747][  0]LogInit: High frequency timer resolution =3.320371 MHz
[2016.04.01-10.06.19:747][  0]LogMemory: Memory total: Physical=15.9GB (16GB approx)
[2016.04.01-10.06.19:747][  0]LogMemory: Platform Memory Stats for Windows
[2016.04.01-10.06.19:747][  0]LogMemory: Process Physical Memory: 56.52 MB used, 56.52 MB peak
[2016.04.01-10.06.19:747][  0]LogMemory: Process Virtual Memory: 56.95 MB used, 56.95 MB peak
[2016.04.01-10.06.19:747][  0]LogMemory: Physical Memory: 8344.15 MB used, 16328.55 MB total
[2016.04.01-10.06.19:747][  0]LogMemory: Virtual Memory: 351.56 MB used, 8388608.00 MB total
[2016.04.01-10.06.19:784][  0]LogTextLocalizationManager: No translations for ('sv-SE') exist, falling back to 'en' for localization and internationalization data.
[2016.04.01-10.06.20:131][  0]LogD3D11RHI: Found D3D11 adapter 0: NVIDIA GeForce GTX 780 (Feature Level 11_0)
[2016.04.01-10.06.20:131][  0]LogD3D11RHI: Adapter has 3013MB of dedicated video memory, 0MB of dedicated system memory, and 7908MB of shared system memory, 3 output[s]
[2016.04.01-10.06.20:131][  0]LogD3D11RHI: Chosen D3D11 Adapter Id = 0
[2016.04.01-10.06.20:135][  0]LogD3D11RHI: !Direct3DDevice
[2016.04.01-10.06.20:135][  0]LogRHI: Texture pool is 1361 MB (70% of 1945 MB)
[2016.04.01-10.06.20:141][  0]LogD3D11RHI: Async texture creation enabled
[2016.04.01-10.06.20:502][  0]LogShaderCompilers: Guid format shader working directory is 0 characters bigger than the processId version (../../../../../../TreeEvolution/EvolutionTree/Intermediate/Shaders/WorkingDirectory/10384/).
[2016.04.01-10.06.20:502][  0]LogShaderCompilers: Cleaned the shader compiler working directory 'C:/Users/Tobbe/AppData/Local/Temp/UnrealShaderWorkingDir/1ABD029E49097797A8B3298E785FB78C/'.
[2016.04.01-10.06.20:502][  0]LogShaderCompilers:Display: Using Local Shader Compiler.
[2016.04.01-10.06.21:009][  0]LogTemp:Display: Loaded TP AllDesktopTargetPlatform
[2016.04.01-10.06.21:012][  0]LogTemp:Display: Loaded TP WindowsClientTargetPlatform
[2016.04.01-10.06.21:015][  0]LogTemp:Display: Loaded TP WindowsNoEditorTargetPlatform
[2016.04.01-10.06.21:018][  0]LogTemp:Display: Loaded TP WindowsServerTargetPlatform
[2016.04.01-10.06.21:021][  0]LogTemp:Display: Loaded TP WindowsTargetPlatform
[2016.04.01-10.06.21:023][  0]LogTemp:Display: Loaded TP AndroidTargetPlatform
[2016.04.01-10.06.21:025][  0]LogTemp:Display: Loaded TP Android_ASTCTargetPlatform
[2016.04.01-10.06.21:028][  0]LogTemp:Display: Loaded TP Android_ATCTargetPlatform
[2016.04.01-10.06.21:030][  0]LogTemp:Display: Loaded TP Android_DXTTargetPlatform
[2016.04.01-10.06.21:031][  0]LogTemp:Display: Loaded TP Android_ETC1TargetPlatform
[2016.04.01-10.06.21:033][  0]LogTemp:Display: Loaded TP Android_ETC2TargetPlatform
[2016.04.01-10.06.21:037][  0]LogTemp:Display: Loaded TP Android_MultiTargetPlatform
[2016.04.01-10.06.21:037][  0]LogTemp:Display: Loaded TP Android_PVRTCTargetPlatform
[2016.04.01-10.06.21:038][  0]LogTemp:Display: Loaded TP HTML5TargetPlatform
[2016.04.01-10.06.21:053][  0]LogTemp:Display: Loaded TP IOSTargetPlatform
[2016.04.01-10.06.21:055][  0]LogTemp:Display: Loaded TP LinuxNoEditorTargetPlatform
[2016.04.01-10.06.21:056][  0]LogTemp:Display: Loaded TP LinuxServerTargetPlatform
[2016.04.01-10.06.21:058][  0]LogTemp:Display: Loaded TP LinuxTargetPlatform
[2016.04.01-10.06.21:058][  0]LogTargetPlatformManager:Display: Building Assets For Windows
[2016.04.01-10.06.21:107][  0]LogDerivedDataCache:Display: Max Cache Size: 512 MB
[2016.04.01-10.06.21:139][  0]LogDerivedDataCache: Loaded boot cache 0.03s 41MB C:/Users/Tobbe/AppData/Local/UnrealEngine/4.10/DerivedDataCache/Boot.ddc.
[2016.04.01-10.06.21:139][  0]LogDerivedDataCache:Display: Loaded Boot cache: C:/Users/Tobbe/AppData/Local/UnrealEngine/4.10/DerivedDataCache/Boot.ddc
[2016.04.01-10.06.21:139][  0]LogDerivedDataCache: FDerivedDataBackendGraph:  Pak pak cache file ../../../../../../TreeEvolution/EvolutionTree/DerivedDataCache/DDC.ddp not found, will not use a pak cache.
[2016.04.01-10.06.21:139][  0]LogDerivedDataCache: Unable to find inner node Pak for hierarchical cache Hierarchy.
[2016.04.01-10.06.21:139][  0]LogDerivedDataCache: FDerivedDataBackendGraph:  CompressedPak pak cache file ../../../../../../TreeEvolution/EvolutionTree/DerivedDataCache/Compressed.ddp not found, will not use a pak cache.
[2016.04.01-10.06.21:139][  0]LogDerivedDataCache: Unable to find inner node CompressedPak for hierarchical cache Hierarchy.
[2016.04.01-10.06.21:180][  0]LogDerivedDataCache:Display: Pak cache opened for reading ../../../Engine/DerivedDataCache/Compressed.ddp.
[2016.04.01-10.06.21:191][  0]LogDerivedDataCache: Using Local data cache path C:/Users/Tobbe/AppData/Local/UnrealEngine/Common/DerivedDataCache: Writable
[2016.04.01-10.06.21:297][  0]LogInit: Selected Device Profile: [Windows]
[2016.04.01-10.06.21:298][  0]LogContentStreaming: Texture pool size is 0.000000MB
[2016.04.01-10.06.21:319][  0]LogMeshUtilities: No automatic mesh reduction module available
[2016.04.01-10.06.21:319][  0]LogMeshUtilities: No automatic mesh merging module available
[2016.04.01-10.06.21:536][  0]LogInit: WinSock: version 1.1 (2.2), MaxSocks=32767, MaxUdp=65467
[2016.04.01-10.06.22:006][  0]UdpMessaging: Initializing bridge on interface 0.0.0.0:0 to multicast group 230.0.0.1:6666.
[2016.04.01-10.06.22:092][  0]LogAssetRegistry: FAssetRegistry took 0.0099 seconds to start up
[2016.04.01-10.06.22:197][  0]SourceControl: Info Source control is disabled
[2016.04.01-10.06.22:215][  0]SourceControl: Info Source control is disabled
[2016.04.01-10.06.22:223][  0]SourceControl: Info Source control is disabled
[2016.04.01-10.06.22:231][  0]SourceControl: Info Source control is disabled
[2016.04.01-10.06.22:369][  0]LogObj: 28657 objects as part of root set at end of initial load.
[2016.04.01-10.06.22:369][  0]LogUObjectAllocator: 6108224 out of 0 bytes used by permanent object pool.
[2016.04.01-10.06.22:410][  0]LogEngine: Initializing Engine...
[2016.04.01-10.06.22:412][  0]LogHMD: Can't find Oculus library dev build: is proper Runtime installed? Version: 0.8.0.0
[2016.04.01-10.06.22:416][  0]LogHMD: SteamVR failed to initialize.  Err: 108
[2016.04.01-10.06.22:504][  0]LogAIModule: Creating AISystem for world NewWorld
[2016.04.01-10.06.22:507][  0]LogInit: XAudio2 using 'Speakers (Realtek High Definition Audio)' : 2 channels at 48 kHz using 32 bits per sample (channel mask 0x3)
[2016.04.01-10.06.22:515][  0]LogInit: FAudioDevice initialized.
[2016.04.01-10.06.22:533][  0]LogDerivedDataCache: Saved boot cache 0.02s 41MB C:/Users/Tobbe/AppData/Local/UnrealEngine/4.10/DerivedDataCache/Boot.ddc.
[2016.04.01-10.06.22:537][  0]LogInit: Texture streaming: Enabled
[2016.04.01-10.06.22:541][  0]LogAnalytics: Creating configured Analytics provider AnalyticsET
[2016.04.01-10.06.22:541][  0]LogAnalytics: [UEEditor.Rocket.Release] APIServer = http://et2.epicgames.com/ET2/. AppVersion = 4.10.4-2872498+++depot+UE4-Releases+4.10
[2016.04.01-10.06.22:541][  0]LogAnalytics: [UEEditor.Rocket.Release] SetUserId 9614ed584bb8920a3b91d4a2a66b23ea|471a4cb9a5c14167995f8bc8b175918a|f45cce8a-394f-4c5c-b845-87f0bb647c79
[2016.04.01-10.06.22:541][  0]LogAnalytics: [UEEditor.Rocket.Release] AnalyticsET::StartSession
[2016.04.01-10.06.22:547][  0]LogInit: Transaction tracking system initialized
[2016.04.01-10.06.22:564][  0]BlueprintLog: New page: Editor Load
[2016.04.01-10.06.22:611][  0]LocalizationService: Info Localization service is disabled
[2016.04.01-10.06.22:658][  0]LogLinker:Warning: Can't find file '/Game/FirstPersonBP/FirstPersonOverview'
[2016.04.01-10.06.22:658][  0]LogLinker:Warning: Can't find file '/Game/FirstPersonBP/FirstPersonOverview'
[2016.04.01-10.06.22:658][  0]LogUObjectGlobals:Warning: Failed to find object 'Class /Game/FirstPersonBP/FirstPersonOverview.FirstPersonOverview_C'
[2016.04.01-10.06.22:666][  0]LogConsoleResponse:Display: 
[2016.04.01-10.06.22:742][  0]LogCook:Display: Done creating registry. It took  0.00s.
[2016.04.01-10.06.22:776][  0]LogFileCache: Scanning file cache for directory 'E:/TreeEvolution/EvolutionTree/Content/' took 0.01s
[2016.04.01-10.06.22:776][  0]SourceControl: Info Source control is disabled
[2016.04.01-10.06.22:776][  0]Cmd: MAP LOAD FILE="../../../../../../TreeEvolution/EvolutionTree/Content/StarterContent/Maps/Minimal_Default.umap" TEMPLATE=0 SHOWPROGRESS=1 FEATURELEVEL=3
[2016.04.01-10.06.22:776][  0]LightingResults: New page: Lighting Build
[2016.04.01-10.06.22:778][  0]MapCheck: New page: Map Check
[2016.04.01-10.06.22:778][  0]LightingResults: New page: Lighting Build
[2016.04.01-10.06.22:786][  0]LogParticles: Destroying 0 GPU particle simulations for FXSystem 0x000000002AF65620
[2016.04.01-10.06.22:977][  0]LogAIModule: Creating AISystem for world Minimal_Default
[2016.04.01-10.06.22:982][  0]LogEditorServer: Finished looking for orphan Actors (0.000 secs)
[2016.04.01-10.06.22:982][  0]Cmd: MAP CHECKDEP NOCLEARLOG
[2016.04.01-10.06.23:010][  0]MapCheck:Warning: Warning Cylinder StaticMeshComponent /Game/StarterContent/Maps/Minimal_Default.Minimal_Default:PersistentLevel.TreeBP_C_1.Cylinder : Externally referenced 
[2016.04.01-10.06.23:010][  0]MapCheck:Warning: Warning Cylinder StaticMeshComponent /Game/StarterContent/Maps/Minimal_Default.Minimal_Default:PersistentLevel.BranchBP_194.Cylinder : Externally referenced 
[2016.04.01-10.06.23:010][  0]MapCheck:Warning: Warning ModelComponent_31 ModelComponent /Game/StarterContent/Maps/Minimal_Default.Minimal_Default:PersistentLevel.ModelComponent_31 : Externally referenced 
[2016.04.01-10.06.23:010][  0]MapCheck:Warning: Warning Model_3 Model /Game/StarterContent/Maps/Minimal_Default.Minimal_Default:PersistentLevel.Model_3 : Externally referenced 
[2016.04.01-10.06.23:011][  0]MapCheck:Warning: Warning Polys_19 Polys /Game/StarterContent/Maps/Minimal_Default.Minimal_Default:PersistentLevel.BoxBrush.Model_10.Polys_19 : Externally referenced 
[2016.04.01-10.06.23:011][  0]MapCheck:Warning: Warning Cube StaticMeshComponent /Game/StarterContent/Maps/Minimal_Default.Minimal_Default:PersistentLevel.LeafBP_69.Cube : Externally referenced 
[2016.04.01-10.06.23:011][  0]MapCheck: Info Map check complete: 0 Error(s), 6 Warning(s), took 28.478ms to complete.
[2016.04.01-10.06.23:043][  0]LogFileHelpers: Loading map 'Minimal_Default' took 0.267
[2016.04.01-10.06.23:168][  0]LogCollectionManager: Loaded 0 collections in 0.001348 seconds
[2016.04.01-10.06.23:211][  0]LogFileCache: Scanning file cache for directory 'E:/TreeEvolution/EvolutionTree/Saved/Collections/' took 0.01s
[2016.04.01-10.06.23:211][  0]LogFileCache: Scanning file cache for directory 'E:/TreeEvolution/EvolutionTree/Content/Developers/Tobbe/Collections/' took 0.01s
[2016.04.01-10.06.23:211][  0]LogFileCache: Scanning file cache for directory 'E:/TreeEvolution/EvolutionTree/Content/Collections/' took 0.01s
[2016.04.01-10.06.23:211][  0]LogCollectionManager: Rebuilt the GUID cache for 0 collections in 0.000001 seconds
[2016.04.01-10.06.23:216][  0]LogContentBrowser: Native class hierarchy populated in 0.0051 seconds. Added 1897 classes and 340 folders.
[2016.04.01-10.06.23:220][  0]LogContentBrowser: Native class hierarchy updated for 'WidgetCarousel' in 0.0006 seconds. Added 0 classes and 0 folders.
[2016.04.01-10.06.23:244][  0]LogContentBrowser: Native class hierarchy updated for 'AddContentDialog' in 0.0006 seconds. Added 0 classes and 0 folders.
[2016.04.01-10.06.23:247][  0]LogContentBrowser: Native class hierarchy updated for 'SceneOutliner' in 0.0005 seconds. Added 1 classes and 2 folders.
[2016.04.01-10.06.23:275][  0]LogCrashTracker: Crashtracker disabled due to settings.
[2016.04.01-10.06.23:278][  0]LogUObjectGlobals:Warning: Failed to find object 'Class None.'
[2016.04.01-10.06.23:299][  0]LogLoad: Full Startup: 4.05 seconds (BP compile: 0.03 seconds)
[2016.04.01-10.06.23:312][  0]LogOcInput: Can't find Oculus library dev build: is proper Runtime installed? Version: 0.8.0.0
[2016.04.01-10.06.23:341][  0]LogContentStreaming: Texture pool size now 1000 MB
[2016.04.01-10.06.23:431][  0]LogRenderer: Reallocating scene render targets to support 1228x496 (Frame:2).
[2016.04.01-10.06.24:356][ 86]LogCollectionManager: Rebuilt the object cache for 0 collections in 0.000000 seconds (found 0 objects)
[2016.04.01-10.06.28:867][192]LogAssetRegistry: Asset discovery search completed in 6.7847 seconds
[2016.04.01-10.06.28:875][192]LogCollectionManager: Fixed up redirectors for 0 collections in 0.000005 seconds (updated 0 objects)
[2016.04.01-10.06.45:888][123]LogVSAccessor:Warning: Couldn't goto line number '0' in 'E:/TreeEvolution/EvolutionTree/Source/TreeEvolution/Tree.h'
[2016.04.01-10.06.45:951][123]LogVSAccessor:Warning: Couldn't goto line number '0' in 'E:/TreeEvolution/EvolutionTree/Source/TreeEvolution/Tree.cpp'
[2016.04.01-10.08.02:059][467]Recompiling TreeEvolution...
[2016.04.01-10.08.02:059][467]Launching UnrealBuildTool... [E:/Program Files/Epic Games/4.10/Engine/Binaries/DotNET/UnrealBuildTool.exe TreeEvolution -ModuleWithSuffix TreeEvolution 6523 Win64 Development -editorrecompile -canskiplink "E:/TreeEvolution/EvolutionTree/TreeEvolution.uproject" -rocket  -rocket -2015]
[2016.04.01-10.08.02:060][467]Warning: Starting HotReload took  0.0s.
[2016.04.01-10.08.12:920][688]CompilerResultsLog: New page: Compilation - Apr 1, 2016, 2:08:12 PM
[2016.04.01-10.08.12:920][688]CompilerResultsLog: Info Performing full C++ include scan (hot reloading a new target)
[2016.04.01-10.08.12:920][688]CompilerResultsLog: Info Creating makefile for hot reloading TreeEvolution (no existing makefile)
[2016.04.01-10.08.12:920][688]CompilerResultsLog: Info Compiling game modules for hot reload
[2016.04.01-10.08.12:920][688]CompilerResultsLog: Info Parsing headers for TreeEvolutionEditor
[2016.04.01-10.08.12:920][688]CompilerResultsLog: Info   Running UnrealHeaderTool "E:/TreeEvolution/EvolutionTree/TreeEvolution.uproject" "E:\TreeEvolution\EvolutionTree\Intermediate\Build\Win64\TreeEvolutionEditor\Development\UnrealHeaderTool.manifest" -LogCmds="loginit warning, logexit warning, logdatabase error" -rocket -installed
[2016.04.01-10.08.12:920][688]CompilerResultsLog: Info Reflection code generated for TreeEvolutionEditor in 5,561474 seconds
[2016.04.01-10.08.12:920][688]CompilerResultsLog: Info Performing 4 actions (4 in parallel)
[2016.04.01-10.08.12:920][688]CompilerResultsLog: Info Leaf.cpp
[2016.04.01-10.08.12:920][688]CompilerResultsLog: Info Branch.cpp
[2016.04.01-10.08.12:920][688]CompilerResultsLog: Info Tree.cpp
[2016.04.01-10.08.12:920][688]CompilerResultsLog: Info [4/4] Link UE4Editor-TreeEvolution-6523.dll
[2016.04.01-10.08.12:921][688]CompilerResultsLog: Info    Creating library E:\TreeEvolution\EvolutionTree\Intermediate/Build/Win64\UE4Editor\Development\UE4Editor-TreeEvolution-6523.lib and object E:\TreeEvolution\EvolutionTree\Intermediate/Build/Win64\UE4Editor\Development\UE4Editor-TreeEvolution-6523.exp
[2016.04.01-10.08.12:921][688]CompilerResultsLog: Info -------- End Detailed Actions Stats -----------------------------------------------------------
[2016.04.01-10.08.12:921][688]CompilerResultsLog: Info Total build time: 10,81 seconds
[2016.04.01-10.08.12:921][688]LogMainFrame: MainFrame: Module compiling took 10.873 seconds
[2016.04.01-10.08.12:954][688]LogHotReload: Re-instancing Branch after hot-reload.
[2016.04.01-10.08.13:089][688]LogHotReload: Re-instancing Tree after hot-reload.
[2016.04.01-10.08.13:148][688]LogContentBrowser: Native class hierarchy updated for 'TreeEvolution' in 0.0006 seconds. Added 4 classes and 2 folders.
[2016.04.01-10.08.13:149][688]Warning: HotReload successful (3 functions remapped  0 scriptstructs remapped)
[2016.04.01-10.08.13:192][688]LogContentBrowser: Native class hierarchy populated in 0.0065 seconds. Added 1898 classes and 342 folders.
[2016.04.01-10.08.21:845][932]LogBlueprintUserMessages: Early PlayInEditor Detection: Level '/Game/StarterContent/Maps/Minimal_Default.Minimal_Default:PersistentLevel' has LevelScriptBlueprint '/Game/StarterContent/Maps/Minimal_Default.Minimal_Default:PersistentLevel.Minimal_Default' with GeneratedClass '/Game/StarterContent/Maps/Minimal_Default.Minimal_Default_C' with ClassGeneratedBy '/Game/StarterContent/Maps/Minimal_Default.Minimal_Default:PersistentLevel.Minimal_Default'
[2016.04.01-10.08.21:845][932]LogPlayLevel: PlayLevel: No blueprints needed recompiling
[2016.04.01-10.08.21:845][932]PIE: New page: PIE session: Minimal_Default (Apr 1, 2016, 2:08:21 PM)
[2016.04.01-10.08.21:845][932]LogPlayLevel: Creating play world package: /Game/StarterContent/Maps/UEDPIE_0_Minimal_Default
[2016.04.01-10.08.21:850][932]LogPlayLevel: PIE: StaticDuplicateObject took: (0.005035s)
[2016.04.01-10.08.21:850][932]LogAIModule: Creating AISystem for world Minimal_Default
[2016.04.01-10.08.21:851][932]LogPlayLevel: PIE: World Init took: (0.000462s)
[2016.04.01-10.08.21:851][932]LogPlayLevel: PIE: Created PIE world by copying editor world from /Game/StarterContent/Maps/Minimal_Default.Minimal_Default to /Game/StarterContent/Maps/UEDPIE_0_Minimal_Default.Minimal_Default (0.005698s)
[2016.04.01-10.08.21:884][932]LogInit: XAudio2 using 'Speakers (Realtek High Definition Audio)' : 2 channels at 48 kHz using 32 bits per sample (channel mask 0x3)
[2016.04.01-10.08.21:891][932]LogInit: FAudioDevice initialized.
[2016.04.01-10.08.21:935][932]LogWorld: Game class is 'TreeEvolutionGameMode'
[2016.04.01-10.08.21:936][932]LogWorld: Bringing World /Game/StarterContent/Maps/UEDPIE_0_Minimal_Default.Minimal_Default up for play (max tick rate 0) at 2016.04.01-12.08.21
[2016.04.01-10.08.21:937][932]LogActor:Warning: GameSession /Game/StarterContent/Maps/UEDPIE_0_Minimal_Default.Minimal_Default:PersistentLevel.GameSession_0 has natively added scene component(s), but none of them were set as the actor's RootComponent - picking one arbitrarily
[2016.04.01-10.08.21:937][932]LogActor:Warning: GameNetworkManager /Game/StarterContent/Maps/UEDPIE_0_Minimal_Default.Minimal_Default:PersistentLevel.GameNetworkManager_0 has natively added scene component(s), but none of them were set as the actor's RootComponent - picking one arbitrarily
[2016.04.01-10.08.21:937][932]LogWorld: Bringing up level for play took: 0.001493
[2016.04.01-10.08.21:938][932]PIE: Info Play in editor start time for /Game/StarterContent/Maps/UEDPIE_0_Minimal_Default 1.072
[2016.04.01-10.08.21:938][932]LogBlueprintUserMessages: Late PlayInEditor Detection: Level '/Game/StarterContent/Maps/Minimal_Default.Minimal_Default:PersistentLevel' has LevelScriptBlueprint '/Game/StarterContent/Maps/Minimal_Default.Minimal_Default:PersistentLevel.Minimal_Default' with GeneratedClass '/Game/StarterContent/Maps/Minimal_Default.Minimal_Default_C' with ClassGeneratedBy '/Game/StarterContent/Maps/Minimal_Default.Minimal_Default:PersistentLevel.Minimal_Default'
[2016.04.01-10.08.22:832][ 35]LogBlueprintUserMessages: [TreeBP_C_0] mutated
[2016.04.01-10.08.23:832][155]LogBlueprintUserMessages: [TreeBP_C_0] mutated
[2016.04.01-10.08.24:834][274]LogBlueprintUserMessages: [TreeBP_C_0] mutated
[2016.04.01-10.08.25:860][394]LogBlueprintUserMessages: [TreeBP_C_0] mutated
[2016.04.01-10.08.26:840][512]LogBlueprintUserMessages: [TreeBP_C_0] mutated
[2016.04.01-10.08.27:841][632]LogBlueprintUserMessages: [TreeBP_C_0] mutated
[2016.04.01-10.08.28:840][752]LogBlueprintUserMessages: [TreeBP_C_0] mutated
[2016.04.01-10.08.29:841][872]LogBlueprintUserMessages: [TreeBP_C_0] mutated
[2016.04.01-10.08.30:841][992]LogBlueprintUserMessages: [TreeBP_C_0] mutated
[2016.04.01-10.08.31:841][112]LogBlueprintUserMessages: [TreeBP_C_0] mutated
[2016.04.01-10.08.32:841][232]LogBlueprintUserMessages: [TreeBP_C_0] mutated
[2016.04.01-10.08.33:840][352]LogBlueprintUserMessages: [TreeBP_C_0] mutated
[2016.04.01-10.08.34:840][472]LogBlueprintUserMessages: [TreeBP_C_0] mutated
[2016.04.01-10.08.35:860][592]LogBlueprintUserMessages: [TreeBP_C_0] mutated
[2016.04.01-10.08.36:848][711]LogBlueprintUserMessages: [TreeBP_C_0] mutated
[2016.04.01-10.08.37:848][831]LogBlueprintUserMessages: [TreeBP_C_0] mutated
[2016.04.01-10.08.38:848][951]LogBlueprintUserMessages: [TreeBP_C_0] mutated
[2016.04.01-10.08.39:838][ 68]LogBlueprintUserMessages: Early EndPlayMap Detection: Level '/Game/StarterContent/Maps/Minimal_Default.Minimal_Default:PersistentLevel' has LevelScriptBlueprint '/Game/StarterContent/Maps/Minimal_Default.Minimal_Default:PersistentLevel.Minimal_Default' with GeneratedClass '/Game/StarterContent/Maps/Minimal_Default.Minimal_Default_C' with ClassGeneratedBy '/Game/StarterContent/Maps/Minimal_Default.Minimal_Default:PersistentLevel.Minimal_Default'
[2016.04.01-10.08.39:896][ 68]LogBlueprintUserMessages: Late EndPlayMap Detection: Level '/Game/StarterContent/Maps/Minimal_Default.Minimal_Default:PersistentLevel' has LevelScriptBlueprint '/Game/StarterContent/Maps/Minimal_Default.Minimal_Default:PersistentLevel.Minimal_Default' with GeneratedClass '/Game/StarterContent/Maps/Minimal_Default.Minimal_Default_C' with ClassGeneratedBy '/Game/StarterContent/Maps/Minimal_Default.Minimal_Default:PersistentLevel.Minimal_Default'
[2016.04.01-10.08.39:918][ 68]LogParticles: Destroying 0 GPU particle simulations for FXSystem 0x00000000198A4F40
[2016.04.01-10.08.54:531][578]LogLinker:Warning: Asset '../../../Engine/Content/ArtTools/RenderToTexture/Macros/RenderToTextureMacros.uasset' has been saved with empty engine version. The asset will be loaded but may be incompatible.
[2016.04.01-10.08.55:093][578]LogContentBrowser: Native class hierarchy updated for 'BlueprintGraph' in 0.0008 seconds. Added 107 classes and 0 folders.
[2016.04.01-10.09.56:114][397]BlueprintLog: New page: Compile TreeBP
[2016.04.01-10.09.56:192][397]BlueprintEditorCompileResults: Info [0216.94] Compile of TreeBP successful! [in 77 ms]
[2016.04.01-10.10.01:883][475]LogSavePackage: Save=74.147133ms
[2016.04.01-10.10.01:883][475]LogSavePackage: Moving '../../../../../../TreeEvolution/EvolutionTree/Saved/Minimal_Default74BD6ADA4133A3AA5AF22092C10DAC9C.tmp' to '../../../../../../TreeEvolution/EvolutionTree/Content/StarterContent/Maps/Minimal_Default.umap'
[2016.04.01-10.10.01:886][475]LogSavePackage: Total save time: 96.132934ms
[2016.04.01-10.10.01:886][475]LogSavePackage:Display: Finished SavePackage ../../../../../../TreeEvolution/EvolutionTree/Content/StarterContent/Maps/Minimal_Default.umap
[2016.04.01-10.10.01:903][475]LogFileHelpers: Saving map 'Minimal_Default' took 4.883
[2016.04.01-10.10.01:916][475]Cmd: OBJ SAVEPACKAGE PACKAGE="/Game/TreeBP" FILE="../../../../../../TreeEvolution/EvolutionTree/Content/TreeBP.uasset" SILENT=true
[2016.04.01-10.10.01:959][475]LogSavePackage: Save=39.591358ms
[2016.04.01-10.10.01:959][475]LogSavePackage: Moving '../../../../../../TreeEvolution/EvolutionTree/Saved/TreeBPE206E1F44F4B8F8CD5D03D91B872D520.tmp' to '../../../../../../TreeEvolution/EvolutionTree/Content/TreeBP.uasset'
[2016.04.01-10.10.01:968][475]LogSavePackage: Total save time: 52.111648ms
[2016.04.01-10.10.01:968][475]LogSavePackage:Display: Finished SavePackage ../../../../../../TreeEvolution/EvolutionTree/Content/TreeBP.uasset
[2016.04.01-10.10.09:453][337]LogBlueprintUserMessages: Early PlayInEditor Detection: Level '/Game/StarterContent/Maps/Minimal_Default.Minimal_Default:PersistentLevel' has LevelScriptBlueprint '/Game/StarterContent/Maps/Minimal_Default.Minimal_Default:PersistentLevel.Minimal_Default' with GeneratedClass '/Game/StarterContent/Maps/Minimal_Default.Minimal_Default_C' with ClassGeneratedBy '/Game/StarterContent/Maps/Minimal_Default.Minimal_Default:PersistentLevel.Minimal_Default'
[2016.04.01-10.10.09:453][337]LogPlayLevel: PlayLevel: No blueprints needed recompiling
[2016.04.01-10.10.09:453][337]PIE: New page: PIE session: Minimal_Default (Apr 1, 2016, 2:10:09 PM)
[2016.04.01-10.10.09:453][337]LogPlayLevel: Creating play world package: /Game/StarterContent/Maps/UEDPIE_0_Minimal_Default
[2016.04.01-10.10.09:457][337]LogPlayLevel: PIE: StaticDuplicateObject took: (0.003820s)
[2016.04.01-10.10.09:458][337]LogAIModule: Creating AISystem for world Minimal_Default
[2016.04.01-10.10.09:458][337]LogPlayLevel: PIE: World Init took: (0.000479s)
[2016.04.01-10.10.09:458][337]LogPlayLevel: PIE: Created PIE world by copying editor world from /Game/StarterContent/Maps/Minimal_Default.Minimal_Default to /Game/StarterContent/Maps/UEDPIE_0_Minimal_Default.Minimal_Default (0.004434s)
[2016.04.01-10.10.09:480][337]LogInit: XAudio2 using 'Speakers (Realtek High Definition Audio)' : 2 channels at 48 kHz using 32 bits per sample (channel mask 0x3)
[2016.04.01-10.10.09:487][337]LogInit: FAudioDevice initialized.
[2016.04.01-10.10.09:518][337]LogWorld: Game class is 'TreeEvolutionGameMode'
[2016.04.01-10.10.09:520][337]LogWorld: Bringing World /Game/StarterContent/Maps/UEDPIE_0_Minimal_Default.Minimal_Default up for play (max tick rate 0) at 2016.04.01-12.10.09
[2016.04.01-10.10.09:520][337]LogActor:Warning: GameSession /Game/StarterContent/Maps/UEDPIE_0_Minimal_Default.Minimal_Default:PersistentLevel.GameSession_1 has natively added scene component(s), but none of them were set as the actor's RootComponent - picking one arbitrarily
[2016.04.01-10.10.09:520][337]LogActor:Warning: GameNetworkManager /Game/StarterContent/Maps/UEDPIE_0_Minimal_Default.Minimal_Default:PersistentLevel.GameNetworkManager_1 has natively added scene component(s), but none of them were set as the actor's RootComponent - picking one arbitrarily
[2016.04.01-10.10.09:520][337]LogWorld: Bringing up level for play took: 0.001404
[2016.04.01-10.10.09:521][337]PIE: Info Play in editor start time for /Game/StarterContent/Maps/UEDPIE_0_Minimal_Default 0.653
[2016.04.01-10.10.09:525][337]LogBlueprintUserMessages: Late PlayInEditor Detection: Level '/Game/StarterContent/Maps/Minimal_Default.Minimal_Default:PersistentLevel' has LevelScriptBlueprint '/Game/StarterContent/Maps/Minimal_Default.Minimal_Default:PersistentLevel.Minimal_Default' with GeneratedClass '/Game/StarterContent/Maps/Minimal_Default.Minimal_Default_C' with ClassGeneratedBy '/Game/StarterContent/Maps/Minimal_Default.Minimal_Default:PersistentLevel.Minimal_Default'
[2016.04.01-10.10.10:433][442]LogBlueprintUserMessages: [TreeBP_C_0] mutated
[2016.04.01-10.10.11:435][560]LogBlueprintUserMessages: [TreeBP_C_0] mutated
[2016.04.01-10.10.12:438][680]LogBlueprintUserMessages: [TreeBP_C_0] mutated
[2016.04.01-10.10.13:442][800]LogBlueprintUserMessages: [TreeBP_C_0] mutated
[2016.04.01-10.10.14:446][920]LogBlueprintUserMessages: [TreeBP_C_0] mutated
[2016.04.01-10.10.15:449][ 40]LogBlueprintUserMessages: [TreeBP_C_0] mutated
[2016.04.01-10.10.16:452][160]LogBlueprintUserMessages: [TreeBP_C_0] mutated
[2016.04.01-10.10.17:456][280]LogBlueprintUserMessages: [TreeBP_C_0] mutated
[2016.04.01-10.10.18:459][400]LogBlueprintUserMessages: [TreeBP_C_0] mutated
[2016.04.01-10.10.19:464][520]LogBlueprintUserMessages: [TreeBP_C_0] mutated
[2016.04.01-10.10.20:468][640]LogBlueprintUserMessages: [TreeBP_C_0] mutated
[2016.04.01-10.10.21:473][760]LogBlueprintUserMessages: [TreeBP_C_0] mutated
[2016.04.01-10.10.22:478][880]LogBlueprintUserMessages: [TreeBP_C_0] mutated
[2016.04.01-10.10.23:482][  0]LogBlueprintUserMessages: [TreeBP_C_0] mutated
[2016.04.01-10.10.24:487][120]LogBlueprintUserMessages: [TreeBP_C_0] mutated
[2016.04.01-10.10.25:491][240]LogBlueprintUserMessages: [TreeBP_C_0] mutated
[2016.04.01-10.10.26:496][360]LogBlueprintUserMessages: [TreeBP_C_0] mutated
[2016.04.01-10.10.27:502][480]LogBlueprintUserMessages: [TreeBP_C_0] mutated
[2016.04.01-10.10.28:507][600]LogBlueprintUserMessages: [TreeBP_C_0] mutated
[2016.04.01-10.10.29:511][720]LogBlueprintUserMessages: [TreeBP_C_0] mutated
[2016.04.01-10.10.30:517][840]LogBlueprintUserMessages: [TreeBP_C_0] mutated
[2016.04.01-10.10.31:523][960]LogBlueprintUserMessages: [TreeBP_C_0] mutated
[2016.04.01-10.10.32:528][ 80]LogBlueprintUserMessages: [TreeBP_C_0] mutated
[2016.04.01-10.10.33:535][200]LogBlueprintUserMessages: [TreeBP_C_0] mutated
[2016.04.01-10.10.34:540][320]LogBlueprintUserMessages: [TreeBP_C_0] mutated
[2016.04.01-10.10.35:545][440]LogBlueprintUserMessages: [TreeBP_C_0] mutated
[2016.04.01-10.10.36:550][560]LogBlueprintUserMessages: [TreeBP_C_0] mutated
[2016.04.01-10.10.37:555][680]LogBlueprintUserMessages: [TreeBP_C_0] mutated
[2016.04.01-10.10.38:559][800]LogBlueprintUserMessages: [TreeBP_C_0] mutated
[2016.04.01-10.10.39:565][920]LogBlueprintUserMessages: [TreeBP_C_0] mutated
[2016.04.01-10.10.40:571][ 40]LogBlueprintUserMessages: [TreeBP_C_0] mutated
[2016.04.01-10.10.41:577][160]LogBlueprintUserMessages: [TreeBP_C_0] mutated
[2016.04.01-10.10.42:581][280]LogBlueprintUserMessages: [TreeBP_C_0] mutated
[2016.04.01-10.10.43:585][400]LogBlueprintUserMessages: [TreeBP_C_0] mutated
[2016.04.01-10.10.44:490][508]LogBlueprintUserMessages: Early EndPlayMap Detection: Level '/Game/StarterContent/Maps/Minimal_Default.Minimal_Default:PersistentLevel' has LevelScriptBlueprint '/Game/StarterContent/Maps/Minimal_Default.Minimal_Default:PersistentLevel.Minimal_Default' with GeneratedClass '/Game/StarterContent/Maps/Minimal_Default.Minimal_Default_C' with ClassGeneratedBy '/Game/StarterContent/Maps/Minimal_Default.Minimal_Default:PersistentLevel.Minimal_Default'
[2016.04.01-10.10.44:523][508]LogBlueprintUserMessages: Late EndPlayMap Detection: Level '/Game/StarterContent/Maps/Minimal_Default.Minimal_Default:PersistentLevel' has LevelScriptBlueprint '/Game/StarterContent/Maps/Minimal_Default.Minimal_Default:PersistentLevel.Minimal_Default' with GeneratedClass '/Game/StarterContent/Maps/Minimal_Default.Minimal_Default_C' with ClassGeneratedBy '/Game/StarterContent/Maps/Minimal_Default.Minimal_Default:PersistentLevel.Minimal_Default'
[2016.04.01-10.10.44:541][508]LogParticles: Destroying 0 GPU particle simulations for FXSystem 0x0000000021F9D8A0
[2016.04.01-10.10.46:862][777]LogEditorViewport: Clicking on Actor (LMB): BranchBP_C (BranchBP)
[2016.04.01-10.10.47:236][821]Cmd: DELETE
[2016.04.01-10.10.47:236][821]Cmd: ACTOR DELETE
[2016.04.01-10.10.47:285][821]LogEditorActor: Deleted Actor: BranchBP_C
[2016.04.01-10.10.47:304][821]LogEditorActor: Deleted 1 Actors (0.019 secs)
[2016.04.01-10.10.49:293][ 50]LogEditorViewport: Clicking on Actor (LMB): PlayerStart (Player Start)
[2016.04.01-10.10.52:935][468]LogNavigationPoint: PostEditMove Clear paths rebuilt
[2016.04.01-10.10.54:759][656]LogNavigationPoint: PostEditMove Clear paths rebuilt
[2016.04.01-10.10.58:789][827]LogSavePackage: Save=44.061642ms
[2016.04.01-10.10.58:789][827]LogSavePackage: Moving '../../../../../../TreeEvolution/EvolutionTree/Saved/Minimal_DefaultFB9978CC45624CF63FC44FABF7050D4A.tmp' to '../../../../../../TreeEvolution/EvolutionTree/Content/StarterContent/Maps/Minimal_Default.umap'
[2016.04.01-10.10.58:790][827]LogSavePackage: Total save time: 46.162613ms
[2016.04.01-10.10.58:790][827]LogSavePackage:Display: Finished SavePackage ../../../../../../TreeEvolution/EvolutionTree/Content/StarterContent/Maps/Minimal_Default.umap
[2016.04.01-10.10.58:806][827]LogFileHelpers: Saving map 'Minimal_Default' took 2.558
[2016.04.01-10.11.00:133][971]LogBlueprintUserMessages: Early PlayInEditor Detection: Level '/Game/StarterContent/Maps/Minimal_Default.Minimal_Default:PersistentLevel' has LevelScriptBlueprint '/Game/StarterContent/Maps/Minimal_Default.Minimal_Default:PersistentLevel.Minimal_Default' with GeneratedClass '/Game/StarterContent/Maps/Minimal_Default.Minimal_Default_C' with ClassGeneratedBy '/Game/StarterContent/Maps/Minimal_Default.Minimal_Default:PersistentLevel.Minimal_Default'
[2016.04.01-10.11.00:133][971]LogPlayLevel: PlayLevel: No blueprints needed recompiling
[2016.04.01-10.11.00:134][971]PIE: New page: PIE session: Minimal_Default (Apr 1, 2016, 2:11:00 PM)
[2016.04.01-10.11.00:134][971]LogPlayLevel: Creating play world package: /Game/StarterContent/Maps/UEDPIE_0_Minimal_Default
[2016.04.01-10.11.00:137][971]LogPlayLevel: PIE: StaticDuplicateObject took: (0.003657s)
[2016.04.01-10.11.00:138][971]LogAIModule: Creating AISystem for world Minimal_Default
[2016.04.01-10.11.00:138][971]LogPlayLevel: PIE: World Init took: (0.000475s)
[2016.04.01-10.11.00:138][971]LogPlayLevel: PIE: Created PIE world by copying editor world from /Game/StarterContent/Maps/Minimal_Default.Minimal_Default to /Game/StarterContent/Maps/UEDPIE_0_Minimal_Default.Minimal_Default (0.004271s)
[2016.04.01-10.11.00:157][971]LogInit: XAudio2 using 'Speakers (Realtek High Definition Audio)' : 2 channels at 48 kHz using 32 bits per sample (channel mask 0x3)
[2016.04.01-10.11.00:163][971]LogInit: FAudioDevice initialized.
[2016.04.01-10.11.00:189][971]LogWorld: Game class is 'TreeEvolutionGameMode'
[2016.04.01-10.11.00:191][971]LogWorld: Bringing World /Game/StarterContent/Maps/UEDPIE_0_Minimal_Default.Minimal_Default up for play (max tick rate 0) at 2016.04.01-12.11.00
[2016.04.01-10.11.00:191][971]LogActor:Warning: GameSession /Game/StarterContent/Maps/UEDPIE_0_Minimal_Default.Minimal_Default:PersistentLevel.GameSession_2 has natively added scene component(s), but none of them were set as the actor's RootComponent - picking one arbitrarily
[2016.04.01-10.11.00:191][971]LogActor:Warning: GameNetworkManager /Game/StarterContent/Maps/UEDPIE_0_Minimal_Default.Minimal_Default:PersistentLevel.GameNetworkManager_2 has natively added scene component(s), but none of them were set as the actor's RootComponent - picking one arbitrarily
[2016.04.01-10.11.00:191][971]LogWorld: Bringing up level for play took: 0.001257
[2016.04.01-10.11.00:192][971]PIE: Info Play in editor start time for /Game/StarterContent/Maps/UEDPIE_0_Minimal_Default -0.677
[2016.04.01-10.11.00:192][971]LogBlueprintUserMessages: Late PlayInEditor Detection: Level '/Game/StarterContent/Maps/Minimal_Default.Minimal_Default:PersistentLevel' has LevelScriptBlueprint '/Game/StarterContent/Maps/Minimal_Default.Minimal_Default:PersistentLevel.Minimal_Default' with GeneratedClass '/Game/StarterContent/Maps/Minimal_Default.Minimal_Default_C' with ClassGeneratedBy '/Game/StarterContent/Maps/Minimal_Default.Minimal_Default:PersistentLevel.Minimal_Default'
[2016.04.01-10.11.01:119][ 80]LogBlueprintUserMessages: [TreeBP_C_0] mutated
[2016.04.01-10.11.02:123][200]LogBlueprintUserMessages: [TreeBP_C_0] mutated
[2016.04.01-10.11.03:127][320]LogBlueprintUserMessages: [TreeBP_C_0] mutated
[2016.04.01-10.11.04:131][440]LogBlueprintUserMessages: [TreeBP_C_0] mutated
[2016.04.01-10.11.05:134][560]LogBlueprintUserMessages: [TreeBP_C_0] mutated
[2016.04.01-10.11.06:137][680]LogBlueprintUserMessages: [TreeBP_C_0] mutated
[2016.04.01-10.11.07:139][800]LogBlueprintUserMessages: [TreeBP_C_0] mutated
[2016.04.01-10.11.08:141][920]LogBlueprintUserMessages: [TreeBP_C_0] mutated
[2016.04.01-10.11.09:144][ 40]LogBlueprintUserMessages: [TreeBP_C_0] mutated
[2016.04.01-10.11.10:148][159]LogBlueprintUserMessages: [TreeBP_C_0] mutated
[2016.04.01-10.11.11:151][279]LogBlueprintUserMessages: [TreeBP_C_0] mutated
[2016.04.01-10.11.12:153][399]LogBlueprintUserMessages: [TreeBP_C_0] mutated
[2016.04.01-10.11.13:157][519]LogBlueprintUserMessages: [TreeBP_C_0] mutated
[2016.04.01-10.11.14:160][639]LogBlueprintUserMessages: [TreeBP_C_0] mutated
[2016.04.01-10.11.15:163][759]LogBlueprintUserMessages: [TreeBP_C_0] mutated
[2016.04.01-10.11.16:168][879]LogBlueprintUserMessages: [TreeBP_C_0] mutated
[2016.04.01-10.11.17:174][999]LogBlueprintUserMessages: [TreeBP_C_0] mutated
[2016.04.01-10.11.18:179][119]LogBlueprintUserMessages: [TreeBP_C_0] mutated
[2016.04.01-10.11.19:184][239]LogBlueprintUserMessages: [TreeBP_C_0] mutated
[2016.04.01-10.11.20:189][359]LogBlueprintUserMessages: [TreeBP_C_0] mutated
[2016.04.01-10.11.21:193][479]LogBlueprintUserMessages: [TreeBP_C_0] mutated
[2016.04.01-10.11.22:198][599]LogBlueprintUserMessages: [TreeBP_C_0] mutated
[2016.04.01-10.11.23:202][719]LogBlueprintUserMessages: [TreeBP_C_0] mutated
[2016.04.01-10.11.24:206][839]LogBlueprintUserMessages: [TreeBP_C_0] mutated
[2016.04.01-10.11.25:210][959]LogBlueprintUserMessages: [TreeBP_C_0] mutated
[2016.04.01-10.11.26:216][ 79]LogBlueprintUserMessages: [TreeBP_C_0] mutated
[2016.04.01-10.11.27:223][199]LogBlueprintUserMessages: [TreeBP_C_0] mutated
[2016.04.01-10.11.28:229][319]LogBlueprintUserMessages: [TreeBP_C_0] mutated
[2016.04.01-10.11.28:425][342]LogBlueprintUserMessages: Early EndPlayMap Detection: Level '/Game/StarterContent/Maps/Minimal_Default.Minimal_Default:PersistentLevel' has LevelScriptBlueprint '/Game/StarterContent/Maps/Minimal_Default.Minimal_Default:PersistentLevel.Minimal_Default' with GeneratedClass '/Game/StarterContent/Maps/Minimal_Default.Minimal_Default_C' with ClassGeneratedBy '/Game/StarterContent/Maps/Minimal_Default.Minimal_Default:PersistentLevel.Minimal_Default'
[2016.04.01-10.11.28:459][342]LogBlueprintUserMessages: Late EndPlayMap Detection: Level '/Game/StarterContent/Maps/Minimal_Default.Minimal_Default:PersistentLevel' has LevelScriptBlueprint '/Game/StarterContent/Maps/Minimal_Default.Minimal_Default:PersistentLevel.Minimal_Default' with GeneratedClass '/Game/StarterContent/Maps/Minimal_Default.Minimal_Default_C' with ClassGeneratedBy '/Game/StarterContent/Maps/Minimal_Default.Minimal_Default:PersistentLevel.Minimal_Default'
[2016.04.01-10.11.28:478][342]LogParticles: Destroying 0 GPU particle simulations for FXSystem 0x0000000021F9EFC0
[2016.04.01-10.11.36:108][ 69]LogRenderer: Reallocating scene render targets to support 1228x684 (Frame:25890).
[2016.04.01-10.11.50:402][670]BlueprintLog: New page: Compile LeafBP
[2016.04.01-10.11.50:450][670]BlueprintEditorCompileResults: Info [0331.19] Compile of LeafBP successful! [in 47 ms]
[2016.04.01-10.11.54:422][109]BlueprintLog: New page: Compile LeafBP
[2016.04.01-10.11.54:470][109]BlueprintEditorCompileResults: Info [0335.21] Compile of LeafBP successful! [in 47 ms]
[2016.04.01-10.11.56:039][151]LogSavePackage: Save=44.871189ms
[2016.04.01-10.11.56:039][151]LogSavePackage: Moving '../../../../../../TreeEvolution/EvolutionTree/Saved/Minimal_Default89E59E3B47267B6374F2989C44B7B89F.tmp' to '../../../../../../TreeEvolution/EvolutionTree/Content/StarterContent/Maps/Minimal_Default.umap'
[2016.04.01-10.11.56:040][151]LogSavePackage: Total save time: 47.025468ms
[2016.04.01-10.11.56:040][151]LogSavePackage:Display: Finished SavePackage ../../../../../../TreeEvolution/EvolutionTree/Content/StarterContent/Maps/Minimal_Default.umap
[2016.04.01-10.11.56:056][151]LogFileHelpers: Saving map 'Minimal_Default' took 1.141
[2016.04.01-10.11.56:068][151]Cmd: OBJ SAVEPACKAGE PACKAGE="/Game/LeafBP" FILE="../../../../../../TreeEvolution/EvolutionTree/Content/LeafBP.uasset" SILENT=true
[2016.04.01-10.11.56:087][151]LogSavePackage: Save=15.363042ms
[2016.04.01-10.11.56:087][151]LogSavePackage: Moving '../../../../../../TreeEvolution/EvolutionTree/Saved/LeafBPEBB6B09F40DA00E6D9E09DBDE2681573.tmp' to '../../../../../../TreeEvolution/EvolutionTree/Content/LeafBP.uasset'
[2016.04.01-10.11.56:088][151]LogSavePackage: Total save time: 19.461077ms
[2016.04.01-10.11.56:088][151]LogSavePackage:Display: Finished SavePackage ../../../../../../TreeEvolution/EvolutionTree/Content/LeafBP.uasset
[2016.04.01-10.11.57:623][292]LogActorComponent: UnregisterComponent: (/Engine/Transient.EditorFloorComp) Not registered. Aborting.
[2016.04.01-10.11.58:549][394]LogBlueprintUserMessages: Early PlayInEditor Detection: Level '/Game/StarterContent/Maps/Minimal_Default.Minimal_Default:PersistentLevel' has LevelScriptBlueprint '/Game/StarterContent/Maps/Minimal_Default.Minimal_Default:PersistentLevel.Minimal_Default' with GeneratedClass '/Game/StarterContent/Maps/Minimal_Default.Minimal_Default_C' with ClassGeneratedBy '/Game/StarterContent/Maps/Minimal_Default.Minimal_Default:PersistentLevel.Minimal_Default'
[2016.04.01-10.11.58:549][394]LogPlayLevel: PlayLevel: No blueprints needed recompiling
[2016.04.01-10.11.58:549][394]PIE: New page: PIE session: Minimal_Default (Apr 1, 2016, 2:11:58 PM)
[2016.04.01-10.11.58:549][394]LogPlayLevel: Creating play world package: /Game/StarterContent/Maps/UEDPIE_0_Minimal_Default
[2016.04.01-10.11.58:553][394]LogPlayLevel: PIE: StaticDuplicateObject took: (0.003847s)
[2016.04.01-10.11.58:553][394]LogAIModule: Creating AISystem for world Minimal_Default
[2016.04.01-10.11.58:553][394]LogPlayLevel: PIE: World Init took: (0.000464s)
[2016.04.01-10.11.58:554][394]LogPlayLevel: PIE: Created PIE world by copying editor world from /Game/StarterContent/Maps/Minimal_Default.Minimal_Default to /Game/StarterContent/Maps/UEDPIE_0_Minimal_Default.Minimal_Default (0.004451s)
[2016.04.01-10.11.58:569][394]LogParticles: Destroying 0 GPU particle simulations for FXSystem 0x00000000504A5580
[2016.04.01-10.11.58:570][394]LogParticles: Destroying 0 GPU particle simulations for FXSystem 0x000000006B971C60
[2016.04.01-10.11.58:574][394]LogInit: XAudio2 using 'Speakers (Realtek High Definition Audio)' : 2 channels at 48 kHz using 32 bits per sample (channel mask 0x3)
[2016.04.01-10.11.58:580][394]LogInit: FAudioDevice initialized.
[2016.04.01-10.11.58:607][394]LogWorld: Game class is 'TreeEvolutionGameMode'
[2016.04.01-10.11.58:609][394]LogWorld: Bringing World /Game/StarterContent/Maps/UEDPIE_0_Minimal_Default.Minimal_Default up for play (max tick rate 0) at 2016.04.01-12.11.58
[2016.04.01-10.11.58:609][394]LogActor:Warning: GameSession /Game/StarterContent/Maps/UEDPIE_0_Minimal_Default.Minimal_Default:PersistentLevel.GameSession_3 has natively added scene component(s), but none of them were set as the actor's RootComponent - picking one arbitrarily
[2016.04.01-10.11.58:609][394]LogActor:Warning: GameNetworkManager /Game/StarterContent/Maps/UEDPIE_0_Minimal_Default.Minimal_Default:PersistentLevel.GameNetworkManager_3 has natively added scene component(s), but none of them were set as the actor's RootComponent - picking one arbitrarily
[201