[2016.03.31-19.12.50:541][  0]Log file open, 03/31/16 21:12:50
[2016.03.31-19.12.50:541][  0]LogInit:Display: Running engine for game: TreeEvolution
[2016.03.31-19.12.50:541][  0]LogPlatformFile: Not using cached read wrapper
[2016.03.31-19.12.50:541][  0]LogInit:Display: RandInit(28329596) SRandInit(28329597).
[2016.03.31-19.12.50:541][  0]LogTaskGraph: Started task graph with 4 named threads and 7 total threads.
[2016.03.31-19.12.50:541][  0]LogStats: Stats thread started at 0.084996
[2016.03.31-19.12.50:541][  0]LogInit:Warning: Incompatible or missing module: UE4Editor-TreeEvolution.dll
[2016.03.31-19.12.51:525][  0]Running D:/Program Files (x86)/Epic Games/4.10/Engine/Binaries/DotNET/UnrealBuildTool.exe TreeEvolution Development Win64 -project="D:/TreeEvolution/TreeEvolution.uproject" -rocket -editorrecompile -progress -noubtmakefiles -2015
[2016.03.31-19.12.54:432][  0]@progress push 5%
[2016.03.31-19.12.54:833][  0]Parsing headers for TreeEvolutionEditor
[2016.03.31-19.12.54:933][  0]  Running UnrealHeaderTool "D:/TreeEvolution/TreeEvolution.uproject" "D:\TreeEvolution\Intermediate\Build\Win64\TreeEvolutionEditor\Development\UnrealHeaderTool.manifest" -LogCmds="loginit warning, logexit warning, logdatabase error" -rocket -installed
[2016.03.31-19.13.00:757][  0]Reflection code generated for TreeEvolutionEditor in 5,803485 seconds
[2016.03.31-19.13.00:873][  0]@progress pop
[2016.03.31-19.13.03:742][  0]Performing 13 actions (4 in parallel)
[2016.03.31-19.13.03:743][  0][2/13] Resource PCLaunch.rc
[2016.03.31-19.13.03:743][  0][3/13] Resource ModuleVersionResource.rc.inl
[2016.03.31-19.13.03:843][  0]PCH.TreeEvolution.h.cpp
[2016.03.31-19.13.25:165][  0]TreeEvolution.generated.cpp
[2016.03.31-19.13.25:165][  0]Tree.cpp
[2016.03.31-19.13.25:165][  0]Leaf.cpp
[2016.03.31-19.13.25:165][  0]Branch.cpp
[2016.03.31-19.13.25:467][  0]Instancer.cpp
[2016.03.31-19.13.25:667][  0]Spawner.cpp
[2016.03.31-19.13.25:768][  0]TreeEvolutionGameMode.cpp
[2016.03.31-19.13.25:768][  0]SpawnHandler.cpp
[2016.03.31-19.13.25:868][  0]TreeEvolution.cpp
[2016.03.31-19.13.26:069][  0][13/13] Link UE4Editor-TreeEvolution.dll
[2016.03.31-19.13.26:069][  0]   Creating library D:\TreeEvolution\Intermediate/Build/Win64\UE4Editor\Development\UE4Editor-TreeEvolution.lib and object D:\TreeEvolution\Intermediate/Build/Win64\UE4Editor\Development\UE4Editor-TreeEvolution.exp
[2016.03.31-19.13.26:671][  0]-------- End Detailed Actions Stats -----------------------------------------------------------
[2016.03.31-19.13.26:771][  0]Total build time: 35,15 seconds
[2016.03.31-19.13.27:120][  0]LogInit: Version: 4.10.4-2872498+++depot+UE4-Releases+4.10
[2016.03.31-19.13.27:120][  0]LogInit: API Version: 2758231
[2016.03.31-19.13.27:120][  0]LogInit: Compiled (64-bit): Feb 18 2016 15:47:04
[2016.03.31-19.13.27:120][  0]LogInit: Compiled with Visual C++: 19.00.23026.00
[2016.03.31-19.13.27:120][  0]LogInit: Build Configuration: Development
[2016.03.31-19.13.27:120][  0]LogInit: Branch Name: ++depot+UE4-Releases+4.10
[2016.03.31-19.13.27:120][  0]LogInit: Command line:  
[2016.03.31-19.13.27:120][  0]LogInit: Base directory: D:/Program Files (x86)/Epic Games/4.10/Engine/Binaries/Win64/
[2016.03.31-19.13.27:120][  0]LogInit: Rocket: 1
[2016.03.31-19.13.27:120][  0]LogInit: Using libcurl 7.41.0
[2016.03.31-19.13.27:120][  0]LogInit:  - built for x86_64-pc-win32
[2016.03.31-19.13.27:120][  0]LogInit:  - supports SSL with WinSSL
[2016.03.31-19.13.27:120][  0]LogInit:  - other features:
[2016.03.31-19.13.27:120][  0]LogInit:      CURL_VERSION_SSL
[2016.03.31-19.13.27:120][  0]LogInit:      CURL_VERSION_IPV6
[2016.03.31-19.13.27:120][  0]LogInit:      CURL_VERSION_ASYNCHDNS
[2016.03.31-19.13.27:120][  0]LogInit:      CURL_VERSION_LARGEFILE
[2016.03.31-19.13.27:120][  0]LogInit:      CURL_VERSION_IDN
[2016.03.31-19.13.27:120][  0]LogInit:  CurlRequestOptions (configurable via config and command line):
[2016.03.31-19.13.27:120][  0]LogInit:  - bVerifyPeer = true  - Libcurl will verify peer certificate
[2016.03.31-19.13.27:120][  0]LogInit:  - bUseHttpProxy = false  - Libcurl will NOT use HTTP proxy
[2016.03.31-19.13.27:120][  0]LogInit:  - bDontReuseConnections = false  - Libcurl will reuse connections
[2016.03.31-19.13.27:120][  0]LogInit:  - CertBundlePath = nullptr  - Libcurl will use whatever was configured at build time.
[2016.03.31-19.13.27:120][  0]LogInit: Presizing for 0 objects not considered by GC, pre-allocating 0 bytes.
[2016.03.31-19.13.27:135][  0]LogInit: Object subsystem initialized
[2016.03.31-19.13.27:135][  0]LogInit: Selected Device Profile: [Windows]
[2016.03.31-19.13.27:135][  0]LogInit: Applying CVar settings loaded from the selected device profile: [Windows]
[2016.03.31-19.13.27:146][  0]LogInit: Computer: MSI
[2016.03.31-19.13.27:146][  0]LogInit: User: tobia
[2016.03.31-19.13.27:146][  0]LogInit: CPU Page size=4096, Cores=4
[2016.03.31-19.13.27:146][  0]LogInit: High frequency timer resolution =2.531247 MHz
[2016.03.31-19.13.27:146][  0]LogMemory: Memory total: Physical=15.9GB (16GB approx)
[2016.03.31-19.13.27:146][  0]LogMemory: Platform Memory Stats for Windows
[2016.03.31-19.13.27:146][  0]LogMemory: Process Physical Memory: 59.12 MB used, 59.12 MB peak
[2016.03.31-19.13.27:146][  0]LogMemory: Process Virtual Memory: 59.11 MB used, 59.11 MB peak
[2016.03.31-19.13.27:146][  0]LogMemory: Physical Memory: 5570.02 MB used, 16294.66 MB total
[2016.03.31-19.13.27:146][  0]LogMemory: Virtual Memory: 404.54 MB used, 134217728.00 MB total
[2016.03.31-19.13.27:181][  0]LogTextLocalizationManager: No translations for ('sv-SE') exist, falling back to 'en' for localization and internationalization data.
[2016.03.31-19.13.27:914][  0]LogD3D11RHI: Found D3D11 adapter 0: NVIDIA GeForce GTX 970M           (Feature Level 11_0)
[2016.03.31-19.13.27:914][  0]LogD3D11RHI: Adapter has 2991MB of dedicated video memory, 0MB of dedicated system memory, and 8147MB of shared system memory, 1 output[s]
[2016.03.31-19.13.27:922][  0]LogD3D11RHI: Found D3D11 adapter 1: Intel(R) HD Graphics 530 (Feature Level 11_0)
[2016.03.31-19.13.27:922][  0]LogD3D11RHI: Adapter has 128MB of dedicated video memory, 0MB of dedicated system memory, and 8147MB of shared system memory, 0 output[s]
[2016.03.31-19.13.27:923][  0]LogD3D11RHI: Found D3D11 adapter 2: Microsoft Basic Render Driver (Feature Level 11_0)
[2016.03.31-19.13.27:923][  0]LogD3D11RHI: Adapter has 0MB of dedicated video memory, 0MB of dedicated system memory, and 8147MB of shared system memory, 0 output[s]
[2016.03.31-19.13.27:923][  0]LogD3D11RHI: Chosen D3D11 Adapter Id = 0
[2016.03.31-19.13.27:927][  0]LogD3D11RHI: !Direct3DDevice
[2016.03.31-19.13.27:927][  0]LogRHI: Texture pool is 1361 MB (70% of 1945 MB)
[2016.03.31-19.13.27:939][  0]LogD3D11RHI: Async texture creation enabled
[2016.03.31-19.13.27:957][  0]LogShaderCompilers: Guid format shader working directory is 14 characters bigger than the processId version (../../../../../../TreeEvolution/Intermediate/Shaders/WorkingDirectory/15880/).
[2016.03.31-19.13.27:957][  0]LogShaderCompilers: Cleaned the shader compiler working directory 'C:/Users/tobia/AppData/Local/Temp/UnrealShaderWorkingDir/B09A7A134AA709208ECEBD94E05A0CAC/'.
[2016.03.31-19.13.27:957][  0]LogShaderCompilers:Display: Using Local Shader Compiler.
[2016.03.31-19.13.28:635][  0]LogTemp:Display: Loaded TP AllDesktopTargetPlatform
[2016.03.31-19.13.28:638][  0]LogTemp:Display: Loaded TP WindowsClientTargetPlatform
[2016.03.31-19.13.28:642][  0]LogTemp:Display: Loaded TP WindowsNoEditorTargetPlatform
[2016.03.31-19.13.28:645][  0]LogTemp:Display: Loaded TP WindowsServerTargetPlatform
[2016.03.31-19.13.28:649][  0]LogTemp:Display: Loaded TP WindowsTargetPlatform
[2016.03.31-19.13.28:652][  0]LogTemp:Display: Loaded TP AndroidTargetPlatform
[2016.03.31-19.13.28:654][  0]LogTemp:Display: Loaded TP Android_ASTCTargetPlatform
[2016.03.31-19.13.28:656][  0]LogTemp:Display: Loaded TP Android_ATCTargetPlatform
[2016.03.31-19.13.28:658][  0]LogTemp:Display: Loaded TP Android_DXTTargetPlatform
[2016.03.31-19.13.28:660][  0]LogTemp:Display: Loaded TP Android_ETC1TargetPlatform
[2016.03.31-19.13.28:662][  0]LogTemp:Display: Loaded TP Android_ETC2TargetPlatform
[2016.03.31-19.13.28:667][  0]LogTemp:Display: Loaded TP Android_MultiTargetPlatform
[2016.03.31-19.13.28:667][  0]LogTemp:Display: Loaded TP Android_PVRTCTargetPlatform
[2016.03.31-19.13.28:668][  0]LogTemp:Display: Loaded TP HTML5TargetPlatform
[2016.03.31-19.13.28:683][  0]LogTemp:Display: Loaded TP IOSTargetPlatform
[2016.03.31-19.13.28:685][  0]LogTemp:Display: Loaded TP LinuxNoEditorTargetPlatform
[2016.03.31-19.13.28:687][  0]LogTemp:Display: Loaded TP LinuxServerTargetPlatform
[2016.03.31-19.13.28:690][  0]LogTemp:Display: Loaded TP LinuxTargetPlatform
[2016.03.31-19.13.28:690][  0]LogTargetPlatformManager:Display: Building Assets For Windows
[2016.03.31-19.13.28:741][  0]LogDerivedDataCache:Display: Max Cache Size: 512 MB
[2016.03.31-19.13.28:776][  0]LogDerivedDataCache: Loaded boot cache 0.03s 42MB C:/Users/tobia/AppData/Local/UnrealEngine/4.10/DerivedDataCache/Boot.ddc.
[2016.03.31-19.13.28:776][  0]LogDerivedDataCache:Display: Loaded Boot cache: C:/Users/tobia/AppData/Local/UnrealEngine/4.10/DerivedDataCache/Boot.ddc
[2016.03.31-19.13.28:776][  0]LogDerivedDataCache: FDerivedDataBackendGraph:  Pak pak cache file ../../../../../../TreeEvolution/DerivedDataCache/DDC.ddp not found, will not use a pak cache.
[2016.03.31-19.13.28:776][  0]LogDerivedDataCache: Unable to find inner node Pak for hierarchical cache Hierarchy.
[2016.03.31-19.13.28:776][  0]LogDerivedDataCache: FDerivedDataBackendGraph:  CompressedPak pak cache file ../../../../../../TreeEvolution/DerivedDataCache/Compressed.ddp not found, will not use a pak cache.
[2016.03.31-19.13.28:776][  0]LogDerivedDataCache: Unable to find inner node CompressedPak for hierarchical cache Hierarchy.
[2016.03.31-19.13.28:825][  0]LogDerivedDataCache:Display: Pak cache opened for reading ../../../Engine/DerivedDataCache/Compressed.ddp.
[2016.03.31-19.13.28:838][  0]LogDerivedDataCache: Using Local data cache path C:/Users/tobia/AppData/Local/UnrealEngine/Common/DerivedDataCache: Writable
[2016.03.31-19.13.28:978][  0]LogInit: Selected Device Profile: [Windows]
[2016.03.31-19.13.28:980][  0]LogContentStreaming: Texture pool size is 0.000000MB
[2016.03.31-19.13.29:067][  0]LogMeshUtilities: No automatic mesh reduction module available
[2016.03.31-19.13.29:067][  0]LogMeshUtilities: No automatic mesh merging module available
[2016.03.31-19.13.29:239][  0]LogInit: WinSock: version 1.1 (2.2), MaxSocks=32767, MaxUdp=65467
[2016.03.31-19.13.29:852][  0]UdpMessaging: Initializing bridge on interface 0.0.0.0:0 to multicast group 230.0.0.1:6666.
[2016.03.31-19.13.29:941][  0]LogWindows:Error: Windows GetLastError: Åtgärden har slutförts. (0)
[2016.03.31-19.13.30:086][  0]LogWindows:Error: === Critical error: ===
Fatal error: [File:D:\BuildFarm\buildmachine_++depot+UE4-Releases+4.10\Engine\Source\Runtime\CoreUObject\Private\UObject\UObjectGlobals.cpp] [Line: 2071] 
UObject() constructor called but it's not the object that's currently being constructed with NewObject. Maybe you trying to construct it on the stack which is not supported.




[2016.03.31-19.13.30:139][  0]LogExit: Executing StaticShutdownAfterError
[2016.03.31-19.13.30:141][  0]LogWindows: FPlatformMisc::RequestExit(1)
[2016.03.31-19.13.30:141][  0]Log file closed, 03/31/16 21:13:30
