[2016.03.31-19.08.06:916][  0]Log file open, 03/31/16 21:08:06
[2016.03.31-19.08.06:916][  0]LogInit:Display: Running engine for game: TreeEvolution
[2016.03.31-19.08.06:916][  0]LogPlatformFile: Not using cached read wrapper
[2016.03.31-19.08.06:916][  0]LogInit:Display: RandInit(-689673696) SRandInit(-689673695).
[2016.03.31-19.08.06:916][  0]LogTaskGraph: Started task graph with 4 named threads and 7 total threads.
[2016.03.31-19.08.06:916][  0]LogStats: Stats thread started at 0.071401
[2016.03.31-19.08.06:916][  0]LogInit: Version: 4.10.4-2872498+++depot+UE4-Releases+4.10
[2016.03.31-19.08.06:917][  0]LogInit: API Version: 2758231
[2016.03.31-19.08.06:917][  0]LogInit: Compiled (64-bit): Feb 18 2016 15:47:04
[2016.03.31-19.08.06:917][  0]LogInit: Compiled with Visual C++: 19.00.23026.00
[2016.03.31-19.08.06:917][  0]LogInit: Build Configuration: Development
[2016.03.31-19.08.06:917][  0]LogInit: Branch Name: ++depot+UE4-Releases+4.10
[2016.03.31-19.08.06:917][  0]LogInit: Command line:  
[2016.03.31-19.08.06:917][  0]LogInit: Base directory: D:/Program Files (x86)/Epic Games/4.10/Engine/Binaries/Win64/
[2016.03.31-19.08.06:917][  0]LogInit: Rocket: 1
[2016.03.31-19.08.06:924][  0]LogInit: Using libcurl 7.41.0
[2016.03.31-19.08.06:924][  0]LogInit:  - built for x86_64-pc-win32
[2016.03.31-19.08.06:924][  0]LogInit:  - supports SSL with WinSSL
[2016.03.31-19.08.06:924][  0]LogInit:  - other features:
[2016.03.31-19.08.06:924][  0]LogInit:      CURL_VERSION_SSL
[2016.03.31-19.08.06:924][  0]LogInit:      CURL_VERSION_IPV6
[2016.03.31-19.08.06:924][  0]LogInit:      CURL_VERSION_ASYNCHDNS
[2016.03.31-19.08.06:924][  0]LogInit:      CURL_VERSION_LARGEFILE
[2016.03.31-19.08.06:924][  0]LogInit:      CURL_VERSION_IDN
[2016.03.31-19.08.06:924][  0]LogInit:  CurlRequestOptions (configurable via config and command line):
[2016.03.31-19.08.06:924][  0]LogInit:  - bVerifyPeer = true  - Libcurl will verify peer certificate
[2016.03.31-19.08.06:924][  0]LogInit:  - bUseHttpProxy = false  - Libcurl will NOT use HTTP proxy
[2016.03.31-19.08.06:924][  0]LogInit:  - bDontReuseConnections = false  - Libcurl will reuse connections
[2016.03.31-19.08.06:924][  0]LogInit:  - CertBundlePath = nullptr  - Libcurl will use whatever was configured at build time.
[2016.03.31-19.08.06:929][  0]LogInit: Presizing for 0 objects not considered by GC, pre-allocating 0 bytes.
[2016.03.31-19.08.06:935][  0]LogInit: Object subsystem initialized
[2016.03.31-19.08.06:936][  0]LogInit: Selected Device Profile: [Windows]
[2016.03.31-19.08.06:936][  0]LogInit: Applying CVar settings loaded from the selected device profile: [Windows]
[2016.03.31-19.08.06:944][  0]LogInit: Computer: MSI
[2016.03.31-19.08.06:944][  0]LogInit: User: tobia
[2016.03.31-19.08.06:944][  0]LogInit: CPU Page size=4096, Cores=4
[2016.03.31-19.08.06:944][  0]LogInit: High frequency timer resolution =2.531247 MHz
[2016.03.31-19.08.06:944][  0]LogMemory: Memory total: Physical=15.9GB (16GB approx)
[2016.03.31-19.08.06:944][  0]LogMemory: Platform Memory Stats for Windows
[2016.03.31-19.08.06:944][  0]LogMemory: Process Physical Memory: 56.19 MB used, 56.19 MB peak
[2016.03.31-19.08.06:944][  0]LogMemory: Process Virtual Memory: 56.97 MB used, 56.97 MB peak
[2016.03.31-19.08.06:944][  0]LogMemory: Physical Memory: 8288.45 MB used, 16294.66 MB total
[2016.03.31-19.08.06:944][  0]LogMemory: Virtual Memory: 383.88 MB used, 134217728.00 MB total
[2016.03.31-19.08.06:976][  0]LogTextLocalizationManager: No translations for ('sv-SE') exist, falling back to 'en' for localization and internationalization data.
[2016.03.31-19.08.07:423][  0]LogD3D11RHI: Found D3D11 adapter 0: NVIDIA GeForce GTX 970M           (Feature Level 11_0)
[2016.03.31-19.08.07:423][  0]LogD3D11RHI: Adapter has 2991MB of dedicated video memory, 0MB of dedicated system memory, and 8147MB of shared system memory, 1 output[s]
[2016.03.31-19.08.07:429][  0]LogD3D11RHI: Found D3D11 adapter 1: Intel(R) HD Graphics 530 (Feature Level 11_0)
[2016.03.31-19.08.07:429][  0]LogD3D11RHI: Adapter has 128MB of dedicated video memory, 0MB of dedicated system memory, and 8147MB of shared system memory, 0 output[s]
[2016.03.31-19.08.07:430][  0]LogD3D11RHI: Found D3D11 adapter 2: Microsoft Basic Render Driver (Feature Level 11_0)
[2016.03.31-19.08.07:430][  0]LogD3D11RHI: Adapter has 0MB of dedicated video memory, 0MB of dedicated system memory, and 8147MB of shared system memory, 0 output[s]
[2016.03.31-19.08.07:430][  0]LogD3D11RHI: Chosen D3D11 Adapter Id = 0
[2016.03.31-19.08.07:436][  0]LogD3D11RHI: !Direct3DDevice
[2016.03.31-19.08.07:436][  0]LogRHI: Texture pool is 1361 MB (70% of 1945 MB)
[2016.03.31-19.08.07:451][  0]LogD3D11RHI: Async texture creation enabled
[2016.03.31-19.08.07:470][  0]LogShaderCompilers: Guid format shader working directory is 14 characters bigger than the processId version (../../../../../../TreeEvolution/Intermediate/Shaders/WorkingDirectory/13444/).
[2016.03.31-19.08.07:470][  0]LogShaderCompilers: Cleaned the shader compiler working directory 'C:/Users/tobia/AppData/Local/Temp/UnrealShaderWorkingDir/4D0101DA4CF82A52D5DE8F9AB4C27C9A/'.
[2016.03.31-19.08.07:470][  0]LogShaderCompilers:Display: Using Local Shader Compiler.
[2016.03.31-19.08.08:196][  0]LogTemp:Display: Loaded TP AllDesktopTargetPlatform
[2016.03.31-19.08.08:199][  0]LogTemp:Display: Loaded TP WindowsClientTargetPlatform
[2016.03.31-19.08.08:202][  0]LogTemp:Display: Loaded TP WindowsNoEditorTargetPlatform
[2016.03.31-19.08.08:205][  0]LogTemp:Display: Loaded TP WindowsServerTargetPlatform
[2016.03.31-19.08.08:208][  0]LogTemp:Display: Loaded TP WindowsTargetPlatform
[2016.03.31-19.08.08:211][  0]LogTemp:Display: Loaded TP AndroidTargetPlatform
[2016.03.31-19.08.08:213][  0]LogTemp:Display: Loaded TP Android_ASTCTargetPlatform
[2016.03.31-19.08.08:215][  0]LogTemp:Display: Loaded TP Android_ATCTargetPlatform
[2016.03.31-19.08.08:218][  0]LogTemp:Display: Loaded TP Android_DXTTargetPlatform
[2016.03.31-19.08.08:221][  0]LogTemp:Display: Loaded TP Android_ETC1TargetPlatform
[2016.03.31-19.08.08:223][  0]LogTemp:Display: Loaded TP Android_ETC2TargetPlatform
[2016.03.31-19.08.08:228][  0]LogTemp:Display: Loaded TP Android_MultiTargetPlatform
[2016.03.31-19.08.08:228][  0]LogTemp:Display: Loaded TP Android_PVRTCTargetPlatform
[2016.03.31-19.08.08:228][  0]LogTemp:Display: Loaded TP HTML5TargetPlatform
[2016.03.31-19.08.08:244][  0]LogTemp:Display: Loaded TP IOSTargetPlatform
[2016.03.31-19.08.08:246][  0]LogTemp:Display: Loaded TP LinuxNoEditorTargetPlatform
[2016.03.31-19.08.08:248][  0]LogTemp:Display: Loaded TP LinuxServerTargetPlatform
[2016.03.31-19.08.08:252][  0]LogTemp:Display: Loaded TP LinuxTargetPlatform
[2016.03.31-19.08.08:252][  0]LogTargetPlatformManager:Display: Building Assets For Windows
[2016.03.31-19.08.08:308][  0]LogDerivedDataCache:Display: Max Cache Size: 512 MB
[2016.03.31-19.08.08:364][  0]LogDerivedDataCache: Loaded boot cache 0.06s 42MB C:/Users/tobia/AppData/Local/UnrealEngine/4.10/DerivedDataCache/Boot.ddc.
[2016.03.31-19.08.08:364][  0]LogDerivedDataCache:Display: Loaded Boot cache: C:/Users/tobia/AppData/Local/UnrealEngine/4.10/DerivedDataCache/Boot.ddc
[2016.03.31-19.08.08:364][  0]LogDerivedDataCache: FDerivedDataBackendGraph:  Pak pak cache file ../../../../../../TreeEvolution/DerivedDataCache/DDC.ddp not found, will not use a pak cache.
[2016.03.31-19.08.08:364][  0]LogDerivedDataCache: Unable to find inner node Pak for hierarchical cache Hierarchy.
[2016.03.31-19.08.08:364][  0]LogDerivedDataCache: FDerivedDataBackendGraph:  CompressedPak pak cache file ../../../../../../TreeEvolution/DerivedDataCache/Compressed.ddp not found, will not use a pak cache.
[2016.03.31-19.08.08:364][  0]LogDerivedDataCache: Unable to find inner node CompressedPak for hierarchical cache Hierarchy.
[2016.03.31-19.08.08:420][  0]LogDerivedDataCache:Display: Pak cache opened for reading ../../../Engine/DerivedDataCache/Compressed.ddp.
[2016.03.31-19.08.08:432][  0]LogDerivedDataCache: Using Local data cache path C:/Users/tobia/AppData/Local/UnrealEngine/Common/DerivedDataCache: Writable
[2016.03.31-19.08.08:597][  0]LogInit: Selected Device Profile: [Windows]
[2016.03.31-19.08.08:599][  0]LogContentStreaming: Texture pool size is 0.000000MB
[2016.03.31-19.08.08:694][  0]LogMeshUtilities: No automatic mesh reduction module available
[2016.03.31-19.08.08:694][  0]LogMeshUtilities: No automatic mesh merging module available
[2016.03.31-19.08.08:884][  0]LogInit: WinSock: version 1.1 (2.2), MaxSocks=32767, MaxUdp=65467
[2016.03.31-19.08.09:497][  0]UdpMessaging: Initializing bridge on interface 0.0.0.0:0 to multicast group 230.0.0.1:6666.
[2016.03.31-19.08.09:582][  0]LogWindows:Error: Windows GetLastError: Åtgärden har slutförts. (0)
[2016.03.31-19.08.09:724][  0]LogWindows:Error: === Critical error: ===
Fatal error: [File:D:\BuildFarm\buildmachine_++depot+UE4-Releases+4.10\Engine\Source\Runtime\CoreUObject\Private\UObject\UObjectGlobals.cpp] [Line: 2071] 
UObject() constructor called but it's not the object that's currently being constructed with NewObject. Maybe you trying to construct it on the stack which is not supported.




[2016.03.31-19.08.09:782][  0]LogExit: Executing StaticShutdownAfterError
[2016.03.31-19.08.09:784][  0]LogWindows: FPlatformMisc::RequestExit(1)
[2016.03.31-19.08.09:784][  0]Log file closed, 03/31/16 21:08:09
