[2016.03.31-20.25.17:280][  0]Log file open, 03/31/16 22:25:17
[2016.03.31-20.25.17:280][  0]LogInit:Display: Running engine for game: TreeEvolution
[2016.03.31-20.25.17:280][  0]LogPlatformFile: Not using cached read wrapper
[2016.03.31-20.25.17:280][  0]LogInit:Display: RandInit(-1853843424) SRandInit(-1853843423).
[2016.03.31-20.25.17:280][  0]LogTaskGraph: Started task graph with 4 named threads and 7 total threads.
[2016.03.31-20.25.17:280][  0]LogStats: Stats thread started at 0.072466
[2016.03.31-20.25.17:281][  0]LogInit: Version: 4.10.4-2872498+++depot+UE4-Releases+4.10
[2016.03.31-20.25.17:281][  0]LogInit: API Version: 2758231
[2016.03.31-20.25.17:281][  0]LogInit: Compiled (64-bit): Feb 18 2016 15:47:04
[2016.03.31-20.25.17:281][  0]LogInit: Compiled with Visual C++: 19.00.23026.00
[2016.03.31-20.25.17:281][  0]LogInit: Build Configuration: Development
[2016.03.31-20.25.17:281][  0]LogInit: Branch Name: ++depot+UE4-Releases+4.10
[2016.03.31-20.25.17:281][  0]LogInit: Command line:  
[2016.03.31-20.25.17:281][  0]LogInit: Base directory: D:/Program Files (x86)/Epic Games/4.10/Engine/Binaries/Win64/
[2016.03.31-20.25.17:281][  0]LogInit: Rocket: 1
[2016.03.31-20.25.17:287][  0]LogInit: Using libcurl 7.41.0
[2016.03.31-20.25.17:287][  0]LogInit:  - built for x86_64-pc-win32
[2016.03.31-20.25.17:287][  0]LogInit:  - supports SSL with WinSSL
[2016.03.31-20.25.17:287][  0]LogInit:  - other features:
[2016.03.31-20.25.17:287][  0]LogInit:      CURL_VERSION_SSL
[2016.03.31-20.25.17:287][  0]LogInit:      CURL_VERSION_IPV6
[2016.03.31-20.25.17:287][  0]LogInit:      CURL_VERSION_ASYNCHDNS
[2016.03.31-20.25.17:287][  0]LogInit:      CURL_VERSION_LARGEFILE
[2016.03.31-20.25.17:287][  0]LogInit:      CURL_VERSION_IDN
[2016.03.31-20.25.17:287][  0]LogInit:  CurlRequestOptions (configurable via config and command line):
[2016.03.31-20.25.17:287][  0]LogInit:  - bVerifyPeer = true  - Libcurl will verify peer certificate
[2016.03.31-20.25.17:287][  0]LogInit:  - bUseHttpProxy = false  - Libcurl will NOT use HTTP proxy
[2016.03.31-20.25.17:287][  0]LogInit:  - bDontReuseConnections = false  - Libcurl will reuse connections
[2016.03.31-20.25.17:287][  0]LogInit:  - CertBundlePath = nullptr  - Libcurl will use whatever was configured at build time.
[2016.03.31-20.25.17:291][  0]LogInit: Presizing for 0 objects not considered by GC, pre-allocating 0 bytes.
[2016.03.31-20.25.17:296][  0]LogInit: Object subsystem initialized
[2016.03.31-20.25.17:298][  0]LogInit: Selected Device Profile: [Windows]
[2016.03.31-20.25.17:298][  0]LogInit: Applying CVar settings loaded from the selected device profile: [Windows]
[2016.03.31-20.25.17:306][  0]LogInit: Computer: MSI
[2016.03.31-20.25.17:306][  0]LogInit: User: tobia
[2016.03.31-20.25.17:306][  0]LogInit: CPU Page size=4096, Cores=4
[2016.03.31-20.25.17:306][  0]LogInit: High frequency timer resolution =2.531247 MHz
[2016.03.31-20.25.17:306][  0]LogMemory: Memory total: Physical=15.9GB (16GB approx)
[2016.03.31-20.25.17:306][  0]LogMemory: Platform Memory Stats for Windows
[2016.03.31-20.25.17:306][  0]LogMemory: Process Physical Memory: 56.15 MB used, 56.15 MB peak
[2016.03.31-20.25.17:306][  0]LogMemory: Process Virtual Memory: 56.93 MB used, 56.93 MB peak
[2016.03.31-20.25.17:306][  0]LogMemory: Physical Memory: 7660.92 MB used, 16294.66 MB total
[2016.03.31-20.25.17:306][  0]LogMemory: Virtual Memory: 382.88 MB used, 134217728.00 MB total
[2016.03.31-20.25.17:340][  0]LogTextLocalizationManager: No translations for ('sv-SE') exist, falling back to 'en' for localization and internationalization data.
[2016.03.31-20.25.17:712][  0]LogD3D11RHI: Found D3D11 adapter 0: NVIDIA GeForce GTX 970M           (Feature Level 11_0)
[2016.03.31-20.25.17:712][  0]LogD3D11RHI: Adapter has 2991MB of dedicated video memory, 0MB of dedicated system memory, and 8147MB of shared system memory, 1 output[s]
[2016.03.31-20.25.17:720][  0]LogD3D11RHI: Found D3D11 adapter 1: Intel(R) HD Graphics 530 (Feature Level 11_0)
[2016.03.31-20.25.17:720][  0]LogD3D11RHI: Adapter has 128MB of dedicated video memory, 0MB of dedicated system memory, and 8147MB of shared system memory, 0 output[s]
[2016.03.31-20.25.17:722][  0]LogD3D11RHI: Found D3D11 adapter 2: Microsoft Basic Render Driver (Feature Level 11_0)
[2016.03.31-20.25.17:722][  0]LogD3D11RHI: Adapter has 0MB of dedicated video memory, 0MB of dedicated system memory, and 8147MB of shared system memory, 0 output[s]
[2016.03.31-20.25.17:722][  0]LogD3D11RHI: Chosen D3D11 Adapter Id = 0
[2016.03.31-20.25.17:726][  0]LogD3D11RHI: !Direct3DDevice
[2016.03.31-20.25.17:726][  0]LogRHI: Texture pool is 1361 MB (70% of 1945 MB)
[2016.03.31-20.25.17:740][  0]LogD3D11RHI: Async texture creation enabled
[2016.03.31-20.25.17:757][  0]LogShaderCompilers: Guid format shader working directory is 15 characters bigger than the processId version (../../../../../../TreeEvolution/Intermediate/Shaders/WorkingDirectory/5696/).
[2016.03.31-20.25.17:757][  0]LogShaderCompilers: Cleaned the shader compiler working directory 'C:/Users/tobia/AppData/Local/Temp/UnrealShaderWorkingDir/0F9A1B3E4E54D5AAE9E2A098F6DD498C/'.
[2016.03.31-20.25.17:757][  0]LogShaderCompilers:Display: Using Local Shader Compiler.
[2016.03.31-20.25.18:464][  0]LogTemp:Display: Loaded TP AllDesktopTargetPlatform
[2016.03.31-20.25.18:468][  0]LogTemp:Display: Loaded TP WindowsClientTargetPlatform
[2016.03.31-20.25.18:472][  0]LogTemp:Display: Loaded TP WindowsNoEditorTargetPlatform
[2016.03.31-20.25.18:476][  0]LogTemp:Display: Loaded TP WindowsServerTargetPlatform
[2016.03.31-20.25.18:479][  0]LogTemp:Display: Loaded TP WindowsTargetPlatform
[2016.03.31-20.25.18:481][  0]LogTemp:Display: Loaded TP AndroidTargetPlatform
[2016.03.31-20.25.18:483][  0]LogTemp:Display: Loaded TP Android_ASTCTargetPlatform
[2016.03.31-20.25.18:485][  0]LogTemp:Display: Loaded TP Android_ATCTargetPlatform
[2016.03.31-20.25.18:488][  0]LogTemp:Display: Loaded TP Android_DXTTargetPlatform
[2016.03.31-20.25.18:490][  0]LogTemp:Display: Loaded TP Android_ETC1TargetPlatform
[2016.03.31-20.25.18:493][  0]LogTemp:Display: Loaded TP Android_ETC2TargetPlatform
[2016.03.31-20.25.18:497][  0]LogTemp:Display: Loaded TP Android_MultiTargetPlatform
[2016.03.31-20.25.18:497][  0]LogTemp:Display: Loaded TP Android_PVRTCTargetPlatform
[2016.03.31-20.25.18:498][  0]LogTemp:Display: Loaded TP HTML5TargetPlatform
[2016.03.31-20.25.18:514][  0]LogTemp:Display: Loaded TP IOSTargetPlatform
[2016.03.31-20.25.18:517][  0]LogTemp:Display: Loaded TP LinuxNoEditorTargetPlatform
[2016.03.31-20.25.18:519][  0]LogTemp:Display: Loaded TP LinuxServerTargetPlatform
[2016.03.31-20.25.18:521][  0]LogTemp:Display: Loaded TP LinuxTargetPlatform
[2016.03.31-20.25.18:521][  0]LogTargetPlatformManager:Display: Building Assets For Windows
[2016.03.31-20.25.18:574][  0]LogDerivedDataCache:Display: Max Cache Size: 512 MB
[2016.03.31-20.25.18:617][  0]LogDerivedDataCache: Loaded boot cache 0.04s 42MB C:/Users/tobia/AppData/Local/UnrealEngine/4.10/DerivedDataCache/Boot.ddc.
[2016.03.31-20.25.18:617][  0]LogDerivedDataCache:Display: Loaded Boot cache: C:/Users/tobia/AppData/Local/UnrealEngine/4.10/DerivedDataCache/Boot.ddc
[2016.03.31-20.25.18:617][  0]LogDerivedDataCache: FDerivedDataBackendGraph:  Pak pak cache file ../../../../../../TreeEvolution/DerivedDataCache/DDC.ddp not found, will not use a pak cache.
[2016.03.31-20.25.18:617][  0]LogDerivedDataCache: Unable to find inner node Pak for hierarchical cache Hierarchy.
[2016.03.31-20.25.18:617][  0]LogDerivedDataCache: FDerivedDataBackendGraph:  CompressedPak pak cache file ../../../../../../TreeEvolution/DerivedDataCache/Compressed.ddp not found, will not use a pak cache.
[2016.03.31-20.25.18:617][  0]LogDerivedDataCache: Unable to find inner node CompressedPak for hierarchical cache Hierarchy.
[2016.03.31-20.25.18:671][  0]LogDerivedDataCache:Display: Pak cache opened for reading ../../../Engine/DerivedDataCache/Compressed.ddp.
[2016.03.31-20.25.18:684][  0]LogDerivedDataCache: Using Local data cache path C:/Users/tobia/AppData/Local/UnrealEngine/Common/Derived