[2016.03.31-18.26.24:892][  0]Log file open, 03/31/16 20:26:24
[2016.03.31-18.26.24:892][  0]LogInit:Display: Running engine for game: TreeEvolution
[2016.03.31-18.26.24:892][  0]LogPlatformFile: Not using cached read wrapper
[2016.03.31-18.26.24:892][  0]LogInit:Display: RandInit(1566956647) SRandInit(1566956648).
[2016.03.31-18.26.24:892][  0]LogTaskGraph: Started task graph with 4 named threads and 7 total threads.
[2016.03.31-18.26.24:892][  0]LogStats: Stats thread started at 0.076880
[2016.03.31-18.26.24:892][  0]LogInit: Version: 4.10.4-2872498+++depot+UE4-Releases+4.10
[2016.03.31-18.26.24:892][  0]LogInit: API Version: 2758231
[2016.03.31-18.26.24:892][  0]LogInit: Compiled (64-bit): Feb 18 2016 15:47:04
[2016.03.31-18.26.24:892][  0]LogInit: Compiled with Visual C++: 19.00.23026.00
[2016.03.31-18.26.24:892][  0]LogInit: Build Configuration: Development
[2016.03.31-18.26.24:892][  0]LogInit: Branch Name: ++depot+UE4-Releases+4.10
[2016.03.31-18.26.24:892][  0]LogInit: Command line:  
[2016.03.31-18.26.24:892][  0]LogInit: Base directory: D:/Program Files (x86)/Epic Games/4.10/Engine/Binaries/Win64/
[2016.03.31-18.26.24:892][  0]LogInit: Rocket: 1
[2016.03.31-18.26.24:898][  0]LogInit: Using libcurl 7.41.0
[2016.03.31-18.26.24:898][  0]LogInit:  - built for x86_64-pc-win32
[2016.03.31-18.26.24:898][  0]LogInit:  - supports SSL with WinSSL
[2016.03.31-18.26.24:898][  0]LogInit:  - other features:
[2016.03.31-18.26.24:898][  0]LogInit:      CURL_VERSION_SSL
[2016.03.31-18.26.24:898][  0]LogInit:      CURL_VERSION_IPV6
[2016.03.31-18.26.24:898][  0]LogInit:      CURL_VERSION_ASYNCHDNS
[2016.03.31-18.26.24:898][  0]LogInit:      CURL_VERSION_LARGEFILE
[2016.03.31-18.26.24:898][  0]LogInit:      CURL_VERSION_IDN
[2016.03.31-18.26.24:898][  0]LogInit:  CurlRequestOptions (configurable via config and command line):
[2016.03.31-18.26.24:898][  0]LogInit:  - bVerifyPeer = true  - Libcurl will verify peer certificate
[2016.03.31-18.26.24:898][  0]LogInit:  - bUseHttpProxy = false  - Libcurl will NOT use HTTP proxy
[2016.03.31-18.26.24:898][  0]LogInit:  - bDontReuseConnections = false  - Libcurl will reuse connections
[2016.03.31-18.26.24:898][  0]LogInit:  - CertBundlePath = nullptr  - Libcurl will use whatever was configured at build time.
[2016.03.31-18.26.24:904][  0]LogInit: Presizing for 0 objects not considered by GC, pre-allocating 0 bytes.
[2016.03.31-18.26.24:910][  0]LogInit: Object subsystem initialized
[2016.03.31-18.26.24:911][  0]LogInit: Selected Device Profile: [Windows]
[2016.03.31-18.26.24:911][  0]LogInit: Applying CVar settings loaded from the selected device profile: [Windows]
[2016.03.31-18.26.24:920][  0]LogInit: Computer: MSI
[2016.03.31-18.26.24:920][  0]LogInit: User: tobia
[2016.03.31-18.26.24:920][  0]LogInit: CPU Page size=4096, Cores=4
[2016.03.31-18.26.24:920][  0]LogInit: High frequency timer resolution =2.531247 MHz
[2016.03.31-18.26.24:920][  0]LogMemory: Memory total: Physical=15.9GB (16GB approx)
[2016.03.31-18.26.24:920][  0]LogMemory: Platform Memory Stats for Windows
[2016.03.31-18.26.24:920][  0]LogMemory: Process Physical Memory: 56.14 MB used, 56.14 MB peak
[2016.03.31-18.26.24:920][  0]LogMemory: Process Virtual Memory: 56.93 MB used, 56.93 MB peak
[2016.03.31-18.26.24:920][  0]LogMemory: Physical Memory: 7448.90 MB used, 16294.66 MB total
[2016.03.31-18.26.24:920][  0]LogMemory: Virtual Memory: 382.88 MB used, 134217728.00 MB total
[2016.03.31-18.26.25:281][  0]LogTextLocalizationManager: No translations for ('sv-SE') exist, falling back to 'en' for localization and internationalization data.
[2016.03.31-18.26.25:705][  0]LogD3D11RHI: Found D3D11 adapter 0: NVIDIA GeForce GTX 970M           (Feature Level 11_0)
[2016.03.31-18.26.25:705][  0]LogD3D11RHI: Adapter has 2991MB of dedicated video memory, 0MB of dedicated system memory, and 8147MB of shared system memory, 1 output[s]
[2016.03.31-18.26.25:718][  0]LogD3D11RHI: Found D3D11 adapter 1: Intel(R) HD Graphics 530 (Feature Level 11_0)
[2016.03.31-18.26.25:718][  0]LogD3D11RHI: Adapter has 128MB of dedicated video memory, 0MB of dedicated system memory, and 8147MB of shared system memory, 0 output[s]
[2016.03.31-18.26.25:721][  0]LogD3D11RHI: Found D3D11 adapter 2: Microsoft Basic Render Driver (Feature Level 11_0)
[2016.03.31-18.26.25:721][  0]LogD3D11RHI: Adapter has 0MB of dedicated video memory, 0MB of dedicated system memory, and 8147MB of shared system memory, 0 output[s]
[2016.03.31-18.26.25:721][  0]LogD3D11RHI: Chosen D3D11 Adapter Id = 0
[2016.03.31-18.26.25:733][  0]LogD3D11RHI: !Direct3DDevice
[2016.03.31-18.26.25:733][  0]LogRHI: Texture pool is 1361 MB (70% of 1945 MB)
[2016.03.31-18.26.25:761][  0]LogD3D11RHI: Async texture creation enabled
[2016.03.31-18.26.25:783][  0]LogShaderCompilers: Guid format shader working directory is 14 characters bigger than the processId version (../../../../../../TreeEvolution/Intermediate/Shaders/WorkingDirectory/13120/).
[2016.03.31-18.26.25:783][  0]LogShaderCompilers: Cleaned the shader compiler working directory 'C:/Users/tobia/AppData/Local/Temp/UnrealShaderWorkingDir/0586442441EDBA28DF17C89E99DCEAB4/'.
[2016.03.31-18.26.25:783][  0]LogShaderCompilers:Display: Using Local Shader Compiler.
[2016.03.31-18.26.26:579][  0]LogTemp:Display: Loaded TP AllDesktopTargetPlatform
[2016.03.31-18.26.26:583][  0]LogTemp:Display: Loaded TP WindowsClientTargetPlatform
[2016.03.31-18.26.26:587][  0]LogTemp:Display: Loaded TP WindowsNoEditorTargetPlatform
[2016.03.31-18.26.26:591][  0]LogTemp:Display: Loaded TP WindowsServerTargetPlatform
[2016.03.31-18.26.26:595][  0]LogTemp:Display: Loaded TP WindowsTargetPlatform
[2016.03.31-18.26.26:598][  0]LogTemp:Display: Loaded TP AndroidTargetPlatform
[2016.03.31-18.26.26:601][  0]LogTemp:Display: Loaded TP Android_ASTCTargetPlatform
[2016.03.31-18.26.26:603][  0]LogTemp:Display: Loaded TP Android_ATCTargetPlatform
[2016.03.31-18.26.26:606][  0]LogTemp:Display: Loaded TP Android_DXTTargetPlatform
[2016.03.31-18.26.26:609][  0]LogTemp:Display: Loaded TP Android_ETC1TargetPlatform
[2016.03.31-18.26.26:612][  0]LogTemp:Display: Loaded TP Android_ETC2TargetPlatform
[2016.03.31-18.26.26:618][  0]LogTemp:Display: Loaded TP Android_MultiTargetPlatform
[2016.03.31-18.26.26:618][  0]LogTemp:Display: Loaded TP Android_PVRTCTargetPlatform
[2016.03.31-18.26.26:619][  0]LogTemp:Display: Loaded TP HTML5TargetPlatform
[2016.03.31-18.26.26:636][  0]LogTemp:Display: Loaded TP IOSTargetPlatform
[2016.03.31-18.26.26:638][  0]LogTemp:Display: Loaded TP LinuxNoEditorTargetPlatform
[2016.03.31-18.26.26:641][  0]LogTemp:Display: Loaded TP LinuxServerTargetPlatform
[2016.03.31-18.26.26:644][  0]LogTemp:Display: Loaded TP LinuxTargetPlatform
[2016.03.31-18.26.26:644][  0]LogTargetPlatformManager:Display: Building Assets For Windows
[2016.03.31-18.26.26:705][  0]LogDerivedDataCache:Display: Max Cache Size: 512 MB
[2016.03.31-18.26.26:744][  0]LogDerivedDataCache: Loaded boot cache 0.04s 41MB C:/Users/tobia/AppData/Local/UnrealEngine/4.10/DerivedDataCache/Boot.ddc.
[2016.03.31-18.26.26:744][  0]LogDerivedDataCache:Display: Loaded Boot cache: C:/Users/tobia/AppData/Local/UnrealEngine/4.10/DerivedDataCache/Boot.ddc
[2016.03.31-18.26.26:744][  0]LogDerivedDataCache: FDerivedDataBackendGraph:  Pak pak cache file ../../../../../../TreeEvolution/DerivedDataCache/DDC.ddp not found, will not use a pak cache.
[2016.03.31-18.26.26:744][  0]LogDerivedDataCache: Unable to find inner node Pak for hierarchical cache Hierarchy.
[2016.03.31-18.26.26:744][  0]LogDerivedDataCache: FDerivedDataBackendGraph:  CompressedPak pak cache file ../../../../../../TreeEvolution/DerivedDataCache/Compressed.ddp not found, will not use a pak cache.
[2016.03.31-18.26.26:744][  0]LogDerivedDataCache: Unable to find inner node CompressedPak for hierarchical cache Hierarchy.
[2016.03.31-18.26.26:800][  0]LogDerivedDataCache:Display: Pak cache opened for reading ../../../Engine/DerivedDataCache/Compressed.ddp.
[2016.03.31-18.26.26:812][  0]LogDerivedDataCache: Using Local data cache path C:/Users/tobia/AppData/Local/UnrealEngine/Common/DerivedDataCache: Writable
[2016.03.31-18.26.27:002][  0]LogInit: Selected Device Profile: [Windows]
[2016.03.31-18.26.27:005][  0]LogContentStreaming: Texture pool size is 0.000000MB
[2016.03.31-18.26.27:117][  0]LogMeshUtilities: No automatic mesh reduction module available
[2016.03.31-18.26.27:117][  0]LogMeshUtilities: No automatic mesh merging module available
[2016.03.31-18.26.27:319][  0]LogInit: WinSock: version 1.1 (2.2), MaxSocks=32767, MaxUdp=65467
[2016.03.31-18.26.28:091][  0]UdpMessaging: Initializing bridge on interface 0.0.0.0:0 to multicast group 230.0.0.1:6666.
[2016.03.31-18.26.28:209][  0]LogAssetRegistry: FAssetRegistry took 0.0114 seconds to start up
[2016.03.31-18.26.28:454][  0]SourceControl: Info Source control is disabled
[2016.03.31-18.26.28:455][  0]SourceControl: Info Source control is disabled
[2016.03.31-18.26.28:463][  0]SourceControl: Info Source control is disabled
[2016.03.31-18.26.28:472][  0]SourceControl: Info Source control is disabled
[2016.03.31-18.26.28:737][  0]LogObj: 28662 objects as part of root set at end of initial load.
[2016.03.31-18.26.28:737][  0]LogUObjectAllocator: 6110080 out of 0 bytes used by permanent object pool.
[2016.03.31-18.26.28:805][  0]LogEngine: Initializing Engine...
[2016.03.31-18.26.28:808][  0]LogHMD: Can't find Oculus library dev build: is proper Runtime installed? Version: 0.8.0.0
[2016.03.31-18.26.28:827][  0]LogHMD: SteamVR failed to initialize.  Err: 110
[2016.03.31-18.26.29:056][  0]LogAIModule: Creating AISystem for world NewWorld
[2016.03.31-18.26.29:061][  0]LogInit: XAudio2 using 'Speakers (Realtek High Definition Audio)' : 2 channels at 48 kHz using 32 bits per sample (channel mask 0x3)
[2016.03.31-18.26.29:478][  0]LogInit: FAudioDevice initialized.
[2016.03.31-18.26.29:500][  0]LogDerivedDataCache: Saved boot cache 0.02s 41MB C:/Users/tobia/AppData/Local/UnrealEngine/4.10/DerivedDataCache/Boot.ddc.
[2016.03.31-18.26.29:506][  0]LogInit: Texture streaming: Enabled
[2016.03.31-18.26.29:510][  0]LogAnalytics: Creating configured Analytics provider AnalyticsET
[2016.03.31-18.26.29:510][  0]LogAnalytics: [UEEditor.Rocket.Release] APIServer = http://et2.epicgames.com/ET2/. AppVersion = 4.10.4-2872498+++depot+UE4-Releases+4.10
[2016.03.31-18.26.29:510][  0]LogAnalytics: [UEEditor.Rocket.Release] SetUserId 3750e6d1405e52e99c08f9974cd5569f|471a4cb9a5c14167995f8bc8b175918a|446fe6e5-1b13-4339-81c8-b1f6f83a87c4
[2016.03.31-18.26.29:510][  0]LogAnalytics: [UEEditor.Rocket.Release] AnalyticsET::StartSession
[2016.03.31-18.26.29:543][  0]LogInit: Transaction tracking system initialized
[2016.03.31-18.26.29:571][  0]BlueprintLog: New page: Editor Load
[2016.03.31-18.26.29:647][  0]LocalizationService: Info Localization service is disabled
[2016.03.31-18.26.29:782][  0]LogConsoleResponse:Display: 
[2016.03.31-18.26.30:047][  0]LogCook:Display: Done creating registry. It took  0.00s.
[2016.03.31-18.26.30:091][  0]LogFileCache: Scanning file cache for directory 'D:/TreeEvolution/Content/' took 0.01s
[2016.03.31-18.26.30:091][  0]SourceControl: Info Source control is disabled
[2016.03.31-18.26.30:092][  0]Cmd: MAP LOAD FILE="../../../../../../TreeEvolution/Content/StarterContent/Maps/Minimal_Default.umap" TEMPLATE=0 SHOWPROGRESS=1 FEATURELEVEL=3
[2016.03.31-18.26.30:095][  0]LightingResults: New page: Lighting Build
[2016.03.31-18.26.30:097][  0]MapCheck: New page: Map Check
[2016.03.31-18.26.30:097][  0]LightingResults: New page: Lighting Build
[2016.03.31-18.26.30:107][  0]LogParticles: Destroying 0 GPU particle simulations for FXSystem 0x000001DF4ADAE160
[2016.03.31-18.26.30:605][  0]LogAIModule: Creating AISystem for world Minimal_Default
[2016.03.31-18.26.30:621][  0]LogEditorServer: Finished looking for orphan Actors (0.000 secs)
[2016.03.31-18.26.30:622][  0]Cmd: MAP CHECKDEP NOCLEARLOG
[2016.03.31-18.26.30:661][  0]MapCheck: Info Map check complete: 0 Error(s), 0 Warning(s), took 39.349ms to complete.
[2016.03.31-18.26.30:661][  0]LogFileHelpers: Loading map 'Minimal_Default' took 0.570
[2016.03.31-18.26.30:800][  0]LogCollectionManager: Loaded 0 collections in 0.001275 seconds
[2016.03.31-18.26.30:838][  0]LogFileCache: Scanning file cache for directory 'D:/TreeEvolution/Saved/Collections/' took 0.01s
[2016.03.31-18.26.30:838][  0]LogFileCache: Scanning file cache for directory 'D:/TreeEvolution/Content/Developers/tobia/Collections/' took 0.01s
[2016.03.31-18.26.30:838][  0]LogFileCache: Scanning file cache for directory 'D:/TreeEvolution/Content/Collections/' took 0.01s
[2016.03.31-18.26.30:838][  0]LogCollectionManager: Rebuilt the GUID cache for 0 collections in 0.000002 seconds
[2016.03.31-18.26.30:845][  0]LogContentBrowser: Native class hierarchy populated in 0.0072 seconds. Added 1898 classes and 340 folders.
[2016.03.31-18.26.30:850][  0]LogContentBrowser: Native class hierarchy updated for 'WidgetCarousel' in 0.0010 seconds. Added 0 classes and 0 folders.
[2016.03.31-18.26.31:054][  0]LogContentBrowser: Native class hierarchy updated for 'AddContentDialog' in 0.0010 seconds. Added 0 classes and 0 folders.
[2016.03.31-18.26.31:058][  0]LogContentBrowser: Native class hierarchy updated for 'SceneOutliner' in 0.0013 seconds. Added 1 classes and 2 folders.
[2016.03.31-18.26.31:114][  0]LogCrashTracker: Crashtracker disabled due to settings.
[2016.03.31-18.26.31:119][  0]LogUObjectGlobals:Warning: Failed to find object 'Class None.'
[2016.03.31-18.26.31:143][  0]LogLoad: Full Startup: 6.86 seconds (BP compile: 0.06 seconds)
[2016.03.31-18.26.31:485][  0]LogOcInput: Can't find Oculus library dev build: is proper Runtime installed? Version: 0.8.0.0
[2016.03.31-18.26.31:596][  0]LogContentStreaming: Texture pool size now 1000 MB
[2016.03.31-18.26.31:776][  0]LogRenderer: Reallocating scene render targets to support 884x452 (Frame:2).
[2016.03.31-18.26.32:187][  2]LogAssetRegistry: Asset discovery search completed in 3.9887 seconds
[2016.03.31-18.26.32:187][  2]LogCollectionManager: Rebuilt the object cache for 0 collections in 0.000000 seconds (found 0 objects)
[2016.03.31-18.26.32:187][  2]LogCollectionManager: Fixed up redirectors for 0 collections in 0.000015 seconds (updated 0 objects)
[2016.03.31-18.27.51:716][769]LogVSAccessor:Warning: Couldn't goto line number '0' in 'D:/TreeEvolution/Source/TreeEvolution/Spawner.h'
[2016.03.31-18.27.51:834][769]LogVSAccessor:Warning: Couldn't goto line number '0' in 'D:/TreeEvolution/Source/TreeEvolution/Spawner.cpp'
[2016.03.31-18.28.35:394][834]Running D:/Program Files (x86)/Epic Games/4.10/Engine/Binaries/DotNET/UnrealBuildTool.exe TreeEvolution Win64 Development -editorrecompile "D:/TreeEvolution/TreeEvolution.uproject" -invalidatemakefilesonly -rocket -2015
[2016.03.31-18.28.35:798][834]Invalidating makefiles only in this run.
[2016.03.31-18.28.35:983][834]Recompiling TreeEvolution...
[2016.03.31-18.28.35:984][834]Launching UnrealBuildTool... [D:/Program Files (x86)/Epic Games/4.10/Engine/Binaries/DotNET/UnrealBuildTool.exe TreeEvolution -ModuleWithSuffix TreeEvolution 3735 Win64 Development -editorrecompile -canskiplink "D:/TreeEvolution/TreeEvolution.uproject" -rocket  -rocket -2015]
[2016.03.31-18.28.49:261][834]CompilerResultsLog: New page: Compilation - Mar 31, 2016, 10:28:49 PM
[2016.03.31-18.28.49:261][834]CompilerResultsLog: Info Creating makefile for hot reloading TreeEvolution (no existing makefile)
[2016.03.31-18.28.49:261][834]CompilerResultsLog: Info Compiling game modules for hot reload
[2016.03.31-18.28.49:261][834]CompilerResultsLog: Info Parsing headers for TreeEvolutionEditor
[2016.03.31-18.28.49:261][834]CompilerResultsLog: Info   Running UnrealHeaderTool "D:/TreeEvolution/TreeEvolution.uproject" "D:\TreeEvolution\Intermediate\Build\Win64\TreeEvolutionEditor\Development\UnrealHeaderTool.manifest" -LogCmds="loginit warning, logexit warning, logdatabase error" -rocket -installed
[2016.03.31-18.28.49:261][834]CompilerResultsLog: Info Reflection code generated for TreeEvolutionEditor in 6,0865087 seconds
[2016.03.31-18.28.49:261][834]CompilerResultsLog: Info Performing 4 actions (4 in parallel)
[2016.03.31-18.28.49:261][834]CompilerResultsLog: Info Branch.cpp
[2016.03.31-18.28.49:261][834]CompilerResultsLog: Info TreeEvolution.generated.cpp
[2016.03.31-18.28.49:261][834]CompilerResultsLog: Info Instancer.cpp
[2016.03.31-18.28.49:261][834]CompilerResultsLog: Info [4/4] Link UE4Editor-TreeEvolution-3735.dll
[2016.03.31-18.28.49:261][834]CompilerResultsLog: Info    Creating library D:\TreeEvolution\Intermediate/Build/Win64\UE4Editor\Development\UE4Editor-TreeEvolution-3735.lib and object D:\TreeEvolution\Intermediate/Build/Win64\UE4Editor\Development\UE4Editor-TreeEvolution-3735.exp
[2016.03.31-18.28.49:261][834]CompilerResultsLog: Info -------- End Detailed Actions Stats -----------------------------------------------------------
[2016.03.31-18.28.49:261][834]CompilerResultsLog: Info Total build time: 13,23 seconds
[2016.03.31-18.28.49:261][834]LogMainFrame: MainFrame: Module compiling took 13.281 seconds
[2016.03.31-18.28.49:298][834]LogClass: Could not find existing class Instancer in package /Script/TreeEvolution for HotReload, assuming new class
[2016.03.31-18.28.49:305][834]LogContentBrowser: Native class hierarchy updated for 'TreeEvolution' in 0.0011 seconds. Added 6 classes and 2 folders.
[2016.03.31-18.28.49:306][834]Warning: HotReload successful (4 functions remapped  0 scriptstructs remapped)
[2016.03.31-18.28.49:362][834]LogContentBrowser: Native class hierarchy populated in 0.0073 seconds. Added 1900 classes and 342 folders.
[2016.03.31-18.28.49:364][834]Warning: HotReload operation took 13.4s.
[2016.03.31-18.28.49:464][834]LogVSAccessor:Warning: Couldn't goto line number '0' in 'D:/TreeEvolution/Source/TreeEvolution/Instancer.h'
[2016.03.31-18.28.49:557][834]LogVSAccessor:Warning: Couldn't goto line number '0' in 'D:/TreeEvolution/Source/TreeEvolution/Instancer.cpp'
[2016.03.31-18.28.49:578][834]LogHotReload: New module detected: UE4Editor-TreeEvolution-3735.dll
[2016.03.31-18.28.49:607][835]LogHotReload: Starting Hot-Reload from IDE
[2016.03.31-18.28.49:789][835]LogContentBrowser: Native class hierarchy updated for 'TreeEvolution' in 0.0017 seconds. Added 6 classes and 2 folders.
[2016.03.31-18.28.49:790][835]Warning: HotReload successful (0 functions remapped  0 scriptstructs remapped)
[2016.03.31-18.28.49:800][835]LogContentBrowser: Native class hierarchy populated in 0.0073 seconds. Added 1900 classes and 342 folders.
[2016.03.31-18.31.43:496][356]LogHotReload: New module detected: UE4Editor-TreeEvolution-2293.dll
[2016.03.31-18.31.44:173][359]LogHotReload: Starting Hot-Reload from IDE
[2016.03.31-18.31.44:255][359]LogClass: Could not find existing class Instancer in package /Script/TreeEvolution for HotReload, assuming new class
[2016.03.31-18.31.44:260][359]LogHotReload: Re-instancing Instancer after hot-reload.
[2016.03.31-18.31.44:284][359]LogContentBrowser: Native class hierarchy updated for 'TreeEvolution' in 0.0011 seconds. Added 6 classes and 2 folders.
[2016.03.31-18.31.44:286][359]Warning: HotReload successful (4 functions remapped  0 scriptstructs remapped)
[2016.03.31-18.31.44:342][359]LogContentBrowser: Native class hierarchy populated in 0.0085 seconds. Added 1900 classes and 342 folders.
[2016.03.31-18.34.40:299][667]LogLinker:Warning: Asset '../../../Engine/Content/ArtTools/RenderToTexture/Macros/RenderToTextureMacros.uasset' has been saved with empty engine version. The asset will be loaded but may be incompatible.
[2016.03.31-18.34.40:756][667]LogContentBrowser: Native class hierarchy updated for 'BlueprintGraph' in 0.0014 seconds. Added 107 classes and 0 folders.
[2016.03.31-18.34.42:855][755]LogRenderer: Reallocating scene render targets to support 912x532 (Frame:1897).
[2016.03.31-18.36.25:957][901]LogHotReload: New module detected: UE4Editor-TreeEvolution-3469.dll
[2016.03.31-18.36.26:640][904]LogHotReload: Starting Hot-Reload from IDE
[2016.03.31-18.36.26:760][904]LogHotReload: Re-instancing Instancer after hot-reload.
[2016.03.31-18.36.26:801][904]LogContentBrowser: Native class hierarchy updated for 'TreeEvolution' in 0.0012 seconds. Added 6 classes and 2 folders.
[2016.03.31-18.36.26:804][904]Warning: HotReload successful (4 functions remapped  0 scriptstructs remapped)
[2016.03.31-18.36.27:183][904]LogContentBrowser: Native class hierarchy populated in 0.0077 seconds. Added 1900 classes and 342 folders.
[2016.03.31-18.36.32:102][ 56]Recompiling TreeEvolution...
[2016.03.31-18.36.32:102][ 56]Launching UnrealBuildTool... [D:/Program Files (x86)/Epic Games/4.10/Engine/Binaries/DotNET/UnrealBuildTool.exe TreeEvolution -ModuleWithSuffix TreeEvolution 2968 Win64 Development -editorrecompile -canskiplink "D:/TreeEvolution/TreeEvolution.uproject" -rocket  -rocket -2015]
[2016.03.31-18.36.32:105][ 56]Warning: Starting HotReload took  0.0s.
[2016.03.31-18.36.37:407][363]CompilerResultsLog: New page: Compilation - Mar 31, 2016, 10:36:37 PM
[2016.03.31-18.36.37:407][363]CompilerResultsLog: Info Creating makefile for hot reloading TreeEvolution (modules to compile have changed)
[2016.03.31-18.36.37:407][363]CompilerResultsLog: Info Compiling game modules for hot reload
[2016.03.31-18.36.37:408][363]CompilerResultsLog: Info Target is up to date.
[2016.03.31-18.36.37:408][363]LogMainFrame: MainFrame: Module compiling took 5.309 seconds
[2016.03.31-18.37.53:745][741]Recompiling TreeEvolution...
[2016.03.31-18.37.53:745][741]Launching UnrealBuildTool... [D:/Program Files (x86)/Epic Games/4.10/Engine/Binaries/DotNET/UnrealBuildTool.exe TreeEvolution -ModuleWithSuffix TreeEvolution 3755 Win64 Development -editorrecompile -canskiplink "D:/TreeEvolution/TreeEvolution.uproject" -rocket  -rocket -2015]
[2016.03.31-18.37.53:747][741]Warning: Starting HotReload took  0.0s.
[2016.03.31-18.38.06:312][ 78]CompilerResultsLog: New page: Compilation - Mar 31, 2016, 10:38:06 PM
[2016.03.31-18.38.06:312][ 78]CompilerResultsLog: Info Compiling game modules for hot reload
[2016.03.31-18.38.06:312][ 78]CompilerResultsLog: Info Parsing headers for TreeEvolutionEditor
[2016.03.31-18.38.06:312][ 78]CompilerResultsLog: Info   Running UnrealHeaderTool "D:/TreeEvolution/TreeEvolution.uproject" "D:\TreeEvolution\Intermediate\Build\Win64\TreeEvolutionEditor\Development\UnrealHeaderTool.manifest" -LogCmds="loginit warning, logexit warning, logdatabase error" -rocket -installed
[2016.03.31-18.38.06:312][ 78]CompilerResultsLog: Info Reflection code generated for TreeEvolutionEditor in 8,0069914 seconds
[2016.03.31-18.38.06:312][ 78]CompilerResultsLog: Info Performing 5 actions (4 in parallel)
[2016.03.31-18.38.06:312][ 78]CompilerResultsLog: Info Leaf.cpp
[2016.03.31-18.38.06:312][ 78]CompilerResultsLog: Info TreeEvolution.generated.cpp
[2016.03.31-18.38.06:312][ 78]CompilerResultsLog: Info Tree.cpp
[2016.03.31-18.38.06:312][ 78]CompilerResultsLog: Info Branch.cpp
[2016.03.31-18.38.06:312][ 78]CompilerResultsLog: Info [5/5] Link UE4Editor-TreeEvolution-3755.dll
[2016.03.31-18.38.06:312][ 78]CompilerResultsLog: Info    Creating library D:\TreeEvolution\Intermediate/Build/Win64\UE4Editor\Development\UE4Editor-TreeEvolution-3755.lib and object D:\TreeEvolution\Intermediate/Build/Win64\UE4Editor\Development\UE4Editor-TreeEvolution-3755.exp
[2016.03.31-18.38.06:312][ 78]CompilerResultsLog: Info -------- End Detailed Actions Stats -----------------------------------------------------------
[2016.03.31-18.38.06:312][ 78]CompilerResultsLog: Info Total build time: 12,50 seconds
[2016.03.31-18.38.06:312][ 78]LogMainFrame: MainFrame: Module compiling took 12.573 seconds
[2016.03.31-18.38.06:410][ 78]LogContentBrowser: Native class hierarchy updated for 'TreeEvolution' in 0.0016 seconds. Added 6 classes and 2 folders.
[2016.03.31-18.38.06:414][ 78]Warning: HotReload successful (4 functions remapped  0 scriptstructs remapped)
[2016.03.31-18.38.06:884][ 78]LogContentBrowser: Native class hierarchy populated in 0.0086 seconds. Added 1900 classes and 342 folders.
[2016.03.31-18.44.00:874][283]LogEditorViewport: Clicking on Actor (LMB): TreeBP_C (TreeBP)
[2016.03.31-18.45.34:014][673]Recompiling TreeEvolution...
[2016.03.31-18.45.34:014][673]Launching UnrealBuildTool... [D:/Program Files (x86)/Epic Games/4.10/Engine/Binaries/DotNET/UnrealBuildTool.exe TreeEvolution -ModuleWithSuffix TreeEvolution 805 Win64 Development -editorrecompile -canskiplink "D:/TreeEvolution/TreeEvolution.uproject" -rocket  -rocket -2015]
[2016.03.31-18.45.34:017][673]Warning: Starting HotReload took  0.0s.
[2016.03.31-18.45.40:534][ 54]CompilerResultsLog: New page: Compilation - Mar 31, 2016, 10:45:40 PM
[2016.03.31-18.45.40:535][ 54]CompilerResultsLog: Info Creating makefile for hot reloading TreeEvolution (modules to compile have changed)
[2016.03.31-18.45.40:535][ 54]CompilerResultsLog: Info Compiling game modules for hot reload
[2016.03.31-18.45.40:535][ 54]CompilerResultsLog: Info Performing 2 actions (4 in parallel)
[2016.03.31-18.45.40:535][ 54]CompilerResultsLog: Info Instancer.cpp
[2016.03.31-18.45.40:535][ 54]CompilerResultsLog:Error: Error D:\TreeEvolution\Source\TreeEvolution\Instancer.cpp(38) : error C2065: 'Branch_BP': undeclared identifier
[2016.03.31-18.45.40:535][ 54]CompilerResultsLog:Error: Error D:\TreeEvolution\Source\TreeEvolution\Instancer.cpp(42) : error C2065: 'Tree_BP': undeclared identifier
[2016.03.31-18.45.40:535][ 54]CompilerResultsLog:Error: Error D:\TreeEvolution\Source\TreeEvolution\Instancer.cpp(46) : error C2065: 'Leaf_BP': undeclared identifier
[2016.03.31-18.45.40:535][ 54]CompilerResultsLog: Info -------- End Detailed Actions Stats -----------------------------------------------------------
[2016.03.31-18.45.40:535][ 54]CompilerResultsLog: Info ERROR: UBT ERROR: Failed to produce item: D:\TreeEvolution\Binaries\Win64\UE4Editor-TreeEvolution-805.dll
[2016.03.31-18.45.40:535][ 54]CompilerResultsLog: Info Total build time: 6,47 seconds
[2016.03.31-18.45.40:535][ 54]LogMainFrame: MainFrame: Module compiling took 6.526 seconds
[2016.03.31-18.45.40:535][ 54]Warning: HotReload failed, recompile failed
[2016.03.31-18.47.27:329][679]LogHotReload: New module detected: UE4Editor-TreeEvolution-8886.dll
[2016.03.31-18.47.28:342][683]LogHotReload: Starting Hot-Reload from IDE
[2016.03.31-18.47.28:512][683]LogClass: Could not find existing class Branch in package /Script/TreeEvolution for HotReload, assuming new class
[2016.03.31-18.47.28:552][683]LogWindows:Error: Windows GetLastError: Åtgärden har slutförts. (0)
[2016.03.31-18.47.32:469][683]LogCrashTracker: 


[2016.03.31-18.47.32:664][683]LogCrashTracker: 


[2016.03.31-18.47.32:664][683]LogWindows:Error: === Critical error: ===
Fatal error: [File:D:\BuildFarm\buildmachine_++depot+UE4-Releases+4.10\Engine\Source\Runtime\CoreUObject\Private\UObject\UObjectGlobals.cpp] [Line: 2071] 
UObject() constructor called but it's not the object that's currently being constructed with NewObject. Maybe you trying to construct it on the stack which is not supported.




[2016.03.31-18.47.32:731][683]LogExit: Executing StaticShutdownAfterError
[2016.03.31-18.47.32:764][683]LogPhysics:Warning: PHYSX: ..\..\PhysX\src\NpScene.cpp (2946) 8 : PxScene::unlockWrite() called without matching call to PxScene::lockWrite(), behaviour will be undefined.
[2016.03.31-18.47.32:766][683]LogPhysics:Warning: PHYSX: ..\..\PhysX\src\NpScene.cpp (2946) 8 : PxScene::unlockWrite() called without matching call to PxScene::lockWrite(), behaviour will be undefined.
[2016.03.31-18.47.32:767][683]LogPhysics:Warning: PHYSX: ..\..\PhysX\src\NpScene.cpp (2946) 8 : PxScene::unlockWrite() called without matching call to PxScene::lockWrite(), behaviour will be undefined.
[2016.03.31-18.47.32:768][683]LogPhysics:Warning: PHYSX: ..\..\PhysX\src\NpScene.cpp (2946) 8 : PxScene::unlockWrite() called without matching call to PxScene::lockWrite(), behaviour will be undefined.
[2016.03.31-18.47.32:768][683]LogWindows: FPlatformMisc::RequestExit(1)
[2016.03.31-18.47.32:768][683]Log file closed, 03/31/16 20:47:32
