[2016.03.31-18.53.19:878][  0]Log file open, 03/31/16 20:53:19
[2016.03.31-18.53.19:878][  0]LogInit:Display: Running engine for game: TreeEvolution
[2016.03.31-18.53.19:878][  0]LogPlatformFile: Not using cached read wrapper
[2016.03.31-18.53.19:878][  0]LogInit:Display: RandInit(1360056414) SRandInit(1360056415).
[2016.03.31-18.53.19:878][  0]LogTaskGraph: Started task graph with 4 named threads and 7 total threads.
[2016.03.31-18.53.19:878][  0]LogStats: Stats thread started at 0.071930
[2016.03.31-18.53.19:878][  0]LogInit: Version: 4.10.4-2872498+++depot+UE4-Releases+4.10
[2016.03.31-18.53.19:878][  0]LogInit: API Version: 2758231
[2016.03.31-18.53.19:878][  0]LogInit: Compiled (64-bit): Feb 18 2016 15:47:04
[2016.03.31-18.53.19:878][  0]LogInit: Compiled with Visual C++: 19.00.23026.00
[2016.03.31-18.53.19:878][  0]LogInit: Build Configuration: Development
[2016.03.31-18.53.19:878][  0]LogInit: Branch Name: ++depot+UE4-Releases+4.10
[2016.03.31-18.53.19:878][  0]LogInit: Command line:  
[2016.03.31-18.53.19:878][  0]LogInit: Base directory: D:/Program Files (x86)/Epic Games/4.10/Engine/Binaries/Win64/
[2016.03.31-18.53.19:878][  0]LogInit: Rocket: 1
[2016.03.31-18.53.19:883][  0]LogInit: Using libcurl 7.41.0
[2016.03.31-18.53.19:883][  0]LogInit:  - built for x86_64-pc-win32
[2016.03.31-18.53.19:883][  0]LogInit:  - supports SSL with WinSSL
[2016.03.31-18.53.19:883][  0]LogInit:  - other features:
[2016.03.31-18.53.19:883][  0]LogInit:      CURL_VERSION_SSL
[2016.03.31-18.53.19:883][  0]LogInit:      CURL_VERSION_IPV6
[2016.03.31-18.53.19:883][  0]LogInit:      CURL_VERSION_ASYNCHDNS
[2016.03.31-18.53.19:883][  0]LogInit:      CURL_VERSION_LARGEFILE
[2016.03.31-18.53.19:883][  0]LogInit:      CURL_VERSION_IDN
[2016.03.31-18.53.19:883][  0]LogInit:  CurlRequestOptions (configurable via config and command line):
[2016.03.31-18.53.19:883][  0]LogInit:  - bVerifyPeer = true  - Libcurl will verify peer certificate
[2016.03.31-18.53.19:883][  0]LogInit:  - bUseHttpProxy = false  - Libcurl will NOT use HTTP proxy
[2016.03.31-18.53.19:883][  0]LogInit:  - bDontReuseConnections = false  - Libcurl will reuse connections
[2016.03.31-18.53.19:883][  0]LogInit:  - CertBundlePath = nullptr  - Libcurl will use whatever was configured at build time.
[2016.03.31-18.53.19:890][  0]LogInit: Presizing for 0 objects not considered by GC, pre-allocating 0 bytes.
[2016.03.31-18.53.19:895][  0]LogInit: Object subsystem initialized
[2016.03.31-18.53.19:896][  0]LogInit: Selected Device Profile: [Windows]
[2016.03.31-18.53.19:896][  0]LogInit: Applying CVar settings loaded from the selected device profile: [Windows]
[2016.03.31-18.53.19:904][  0]LogInit: Computer: MSI
[2016.03.31-18.53.19:904][  0]LogInit: User: tobia
[2016.03.31-18.53.19:904][  0]LogInit: CPU Page size=4096, Cores=4
[2016.03.31-18.53.19:904][  0]LogInit: High frequency timer resolution =2.531247 MHz
[2016.03.31-18.53.19:904][  0]LogMemory: Memory total: Physical=15.9GB (16GB approx)
[2016.03.31-18.53.19:904][  0]LogMemory: Platform Memory Stats for Windows
[2016.03.31-18.53.19:904][  0]LogMemory: Process Physical Memory: 56.14 MB used, 56.14 MB peak
[2016.03.31-18.53.19:904][  0]LogMemory: Process Virtual Memory: 56.92 MB used, 56.92 MB peak
[2016.03.31-18.53.19:904][  0]LogMemory: Physical Memory: 7436.27 MB used, 16294.66 MB total
[2016.03.31-18.53.19:904][  0]LogMemory: Virtual Memory: 382.88 MB used, 134217728.00 MB total
[2016.03.31-18.53.19:939][  0]LogTextLocalizationManager: No translations for ('sv-SE') exist, falling back to 'en' for localization and internationalization data.
[2016.03.31-18.53.20:367][  0]LogD3D11RHI: Found D3D11 adapter 0: NVIDIA GeForce GTX 970M           (Feature Level 11_0)
[2016.03.31-18.53.20:367][  0]LogD3D11RHI: Adapter has 2991MB of dedicated video memory, 0MB of dedicated system memory, and 8147MB of shared system memory, 1 output[s]
[2016.03.31-18.53.20:374][  0]LogD3D11RHI: Found D3D11 adapter 1: Intel(R) HD Graphics 530 (Feature Level 11_0)
[2016.03.31-18.53.20:374][  0]LogD3D11RHI: Adapter has 128MB of dedicated video memory, 0MB of dedicated system memory, and 8147MB of shared system memory, 0 output[s]
[2016.03.31-18.53.20:375][  0]LogD3D11RHI: Found D3D11 adapter 2: Microsoft Basic Render Driver (Feature Level 11_0)
[2016.03.31-18.53.20:375][  0]LogD3D11RHI: Adapter has 0MB of dedicated video memory, 0MB of dedicated system memory, and 8147MB of shared system memory, 0 output[s]
[2016.03.31-18.53.20:375][  0]LogD3D11RHI: Chosen D3D11 Adapter Id = 0
[2016.03.31-18.53.20:380][  0]LogD3D11RHI: !Direct3DDevice
[2016.03.31-18.53.20:380][  0]LogRHI: Texture pool is 1361 MB (70% of 1945 MB)
[2016.03.31-18.53.20:393][  0]LogD3D11RHI: Async texture creation enabled
[2016.03.31-18.53.20:405][  0]LogShaderCompilers: Guid format shader working directory is 14 characters bigger than the processId version (../../../../../../TreeEvolution/Intermediate/Shaders/WorkingDirectory/13992/).
[2016.03.31-18.53.20:405][  0]LogShaderCompilers: Cleaned the shader compiler working directory 'C:/Users/tobia/AppData/Local/Temp/UnrealShaderWorkingDir/BAF2CAC147FAE3E2C24C02A580934B7E/'.
[2016.03.31-18.53.20:405][  0]LogShaderCompilers:Display: Using Local Shader Compiler.
[2016.03.31-18.53.21:118][  0]LogTemp:Display: Loaded TP AllDesktopTargetPlatform
[2016.03.31-18.53.21:121][  0]LogTemp:Display: Loaded TP WindowsClientTargetPlatform
[2016.03.31-18.53.21:124][  0]LogTemp:Display: Loaded TP WindowsNoEditorTargetPlatform
[2016.03.31-18.53.21:127][  0]LogTemp:Display: Loaded TP WindowsServerTargetPlatform
[2016.03.31-18.53.21:131][  0]LogTemp:Display: Loaded TP WindowsTargetPlatform
[2016.03.31-18.53.21:134][  0]LogTemp:Display: Loaded TP AndroidTargetPlatform
[2016.03.31-18.53.21:136][  0]LogTemp:Display: Loaded TP Android_ASTCTargetPlatform
[2016.03.31-18.53.21:138][  0]LogTemp:Display: Loaded TP Android_ATCTargetPlatform
[2016.03.31-18.53.21:141][  0]LogTemp:Display: Loaded TP Android_DXTTargetPlatform
[2016.03.31-18.53.21:144][  0]LogTemp:Display: Loaded TP Android_ETC1TargetPlatform
[2016.03.31-18.53.21:147][  0]LogTemp:Display: Loaded TP Android_ETC2TargetPlatform
[2016.03.31-18.53.21:151][  0]LogTemp:Display: Loaded TP Android_MultiTargetPlatform
[2016.03.31-18.53.21:151][  0]LogTemp:Display: Loaded TP Android_PVRTCTargetPlatform
[2016.03.31-18.53.21:152][  0]LogTemp:Display: Loaded TP HTML5TargetPlatform
[2016.03.31-18.53.21:167][  0]LogTemp:Display: Loaded TP IOSTargetPlatform
[2016.03.31-18.53.21:169][  0]LogTemp:Display: Loaded TP LinuxNoEditorTargetPlatform
[2016.03.31-18.53.21:172][  0]LogTemp:Display: Loaded TP LinuxServerTargetPlatform
[2016.03.31-18.53.21:175][  0]LogTemp:Display: Loaded TP LinuxTargetPlatform
[2016.03.31-18.53.21:175][  0]LogTargetPlatformManager:Display: Building Assets For Windows
[2016.03.31-18.53.21:230][  0]LogDerivedDataCache:Display: Max Cache Size: 512 MB
[2016.03.31-18.53.21:273][  0]LogDerivedDataCache: Loaded boot cache 0.04s 41MB C:/Users/tobia/AppData/Local/UnrealEngine/4.10/DerivedDataCache/Boot.ddc.
[2016.03.31-18.53.21:273][  0]LogDerivedDataCache:Display: Loaded Boot cache: C:/Users/tobia/AppData/Local/UnrealEngine/4.10/DerivedDataCache/Boot.ddc
[2016.03.31-18.53.21:273][  0]LogDerivedDataCache: FDerivedDataBackendGraph:  Pak pak cache file ../../../../../../TreeEvolution/DerivedDataCache/DDC.ddp not found, will not use a pak cache.
[2016.03.31-18.53.21:273][  0]LogDerivedDataCache: Unable to find inner node Pak for hierarchical cache Hierarchy.
[2016.03.31-18.53.21:273][  0]LogDerivedDataCache: FDerivedDataBackendGraph:  CompressedPak pak cache file ../../../../../../TreeEvolution/DerivedDataCache/Compressed.ddp not found, will not use a pak cache.
[2016.03.31-18.53.21:273][  0]LogDerivedDataCache: Unable to find inner node CompressedPak for hierarchical cache Hierarchy.
[2016.03.31-18.53.21:327][  0]LogDerivedDataCache:Display: Pak cache opened for reading ../../../Engine/DerivedDataCache/Compressed.ddp.
[2016.03.31-18.53.21:339][  0]LogDerivedDataCache: Using Local data cache path C:/Users/tobia/AppData/Local/UnrealEngine/Common/DerivedDataCache: Writable
[2016.03.31-18.53.21:532][  0]LogInit: Selected Device Profile: [Windows]
[2016.03.31-18.53.21:535][  0]LogContentStreaming: Texture pool size is 0.000000MB
[2016.03.31-18.53.21:630][  0]LogMeshUtilities: No automatic mesh reduction module available
[2016.03.31-18.53.21:630][  0]LogMeshUtilities: No automatic mesh merging module available
[2016.03.31-18.53.21:811][  0]LogInit: WinSock: version 1.1 (2.2), MaxSocks=32767, MaxUdp=65467
[2016.03.31-18.53.22:437][  0]UdpMessaging: Initializing bridge on interface 0.0.0.0:0 to multicast group 230.0.0.1:6666.
[2016.03.31-18.53.22:588][  0]LogAssetRegistry: FAssetRegistry took 0.0111 seconds to start up
[2016.03.31-18.53.22:708][  0]SourceControl: Info Source control is disabled
[2016.03.31-18.53.22:708][  0]SourceControl: Info Source control is disabled
[2016.03.31-18.53.22:715][  0]SourceControl: Info Source control is disabled
[2016.03.31-18.53.22:722][  0]SourceControl: Info Source control is disabled
[2016.03.31-18.53.22:881][  0]LogObj: 29258 objects as part of root set at end of initial load.
[2016.03.31-18.53.22:881][  0]LogUObjectAllocator: 6343440 out of 0 bytes used by permanent object pool.
[2016.03.31-18.53.22:930][  0]LogEngine: Initializing Engine...
[2016.03.31-18.53.22:933][  0]LogHMD: Can't find Oculus library dev build: is proper Runtime installed? Version: 0.8.0.0
[2016.03.31-18.53.22:933][  0]LogHMD: SteamVR failed to initialize.  Err: 110
[2016.03.31-18.53.23:038][  0]LogAIModule: Creating AISystem for world NewWorld
[2016.03.31-18.53.23:042][  0]LogInit: XAudio2 using 'Speakers (Realtek High Definition Audio)' : 2 channels at 48 kHz using 32 bits per sample (channel mask 0x3)
[2016.03.31-18.53.23:434][  0]LogInit: FAudioDevice initialized.
[2016.03.31-18.53.23:453][  0]LogDerivedDataCache: Saved boot cache 0.02s 42MB C:/Users/tobia/AppData/Local/UnrealEngine/4.10/DerivedDataCache/Boot.ddc.
[2016.03.31-18.53.23:457][  0]LogInit: Texture streaming: Enabled
[2016.03.31-18.53.23:461][  0]LogAnalytics: Creating configured Analytics provider AnalyticsET
[2016.03.31-18.53.23:461][  0]LogAnalytics: [UEEditor.Rocket.Release] APIServer = http://et2.epicgames.com/ET2/. AppVersion = 4.10.4-2872498+++depot+UE4-Releases+4.10
[2016.03.31-18.53.23:461][  0]LogAnalytics: [UEEditor.Rocket.Release] SetUserId 3750e6d1405e52e99c08f9974cd5569f|471a4cb9a5c14167995f8bc8b175918a|446fe6e5-1b13-4339-81c8-b1f6f83a87c4
[2016.03.31-18.53.23:461][  0]LogAnalytics: [UEEditor.Rocket.Release] AnalyticsET::StartSession
[2016.03.31-18.53.23:491][  0]LogInit: Transaction tracking system initialized
[2016.03.31-18.53.23:511][  0]BlueprintLog: New page: Editor Load
[2016.03.31-18.53.23:567][  0]LocalizationService: Info Localization service is disabled
[2016.03.31-18.53.23:622][  0]LogConsoleResponse:Display: 
[2016.03.31-18.53.23:717][  0]LogCook:Display: Done creating registry. It took  0.00s.
[2016.03.31-18.53.23:753][  0]LogFileCache: Scanning file cache for directory 'D:/TreeEvolution/Content/' took 0.01s
[2016.03.31-18.53.23:753][  0]SourceControl: Info Source control is disabled
[2016.03.31-18.53.23:753][  0]Cmd: MAP LOAD FILE="../../../../../../TreeEvolution/Content/StarterContent/Maps/Minimal_Default.umap" TEMPLATE=0 SHOWPROGRESS=1 FEATURELEVEL=3
[2016.03.31-18.53.23:754][  0]LightingResults: New page: Lighting Build
[2016.03.31-18.53.23:756][  0]MapCheck: New page: Map Check
[2016.03.31-18.53.23:756][  0]LightingResults: New page: Lighting Build
[2016.03.31-18.53.23:766][  0]LogParticles: Destroying 0 GPU particle simulations for FXSystem 0x000001B5B297F420
[2016.03.31-18.53.23:999][  0]LogAIModule: Creating AISystem for world Minimal_Default
[2016.03.31-18.53.24:007][  0]LogEditorServer: Finished looking for orphan Actors (0.000 secs)
[2016.03.31-18.53.24:007][  0]Cmd: MAP CHECKDEP NOCLEARLOG
[2016.03.31-18.53.24:044][  0]MapCheck: Info Map check complete: 0 Error(s), 0 Warning(s), took 36.502ms to complete.
[2016.03.31-18.53.24:044][  0]LogFileHelpers: Loading map 'Minimal_Default' took 0.291
[2016.03.31-18.53.24:165][  0]LogCollectionManager: Loaded 0 collections in 0.001352 seconds
[2016.03.31-18.53.24:204][  0]LogFileCache: Scanning file cache for directory 'D:/TreeEvolution/Saved/Collections/' took 0.01s
[2016.03.31-18.53.24:204][  0]LogFileCache: Scanning file cache for directory 'D:/TreeEvolution/Content/Developers/tobia/Collections/' took 0.01s
[2016.03.31-18.53.24:204][  0]LogFileCache: Scanning file cache for directory 'D:/TreeEvolution/Content/Collections/' took 0.01s
[2016.03.31-18.53.24:204][  0]LogCollectionManager: Rebuilt the GUID cache for 0 collections in 0.000002 seconds
[2016.03.31-18.53.24:211][  0]LogContentBrowser: Native class hierarchy populated in 0.0073 seconds. Added 1899 classes and 340 folders.
[2016.03.31-18.53.24:216][  0]LogContentBrowser: Native class hierarchy updated for 'WidgetCarousel' in 0.0009 seconds. Added 0 classes and 0 folders.
[2016.03.31-18.53.24:247][  0]LogContentBrowser: Native class hierarchy updated for 'AddContentDialog' in 0.0009 seconds. Added 0 classes and 0 folders.
[2016.03.31-18.53.24:251][  0]LogContentBrowser: Native class hierarchy updated for 'SceneOutliner' in 0.0009 seconds. Added 1 classes and 2 folders.
[2016.03.31-18.53.24:289][  0]LogCrashTracker: Crashtracker disabled due to settings.
[2016.03.31-18.53.24:294][  0]LogUObjectGlobals:Warning: Failed to find object 'Class None.'
[2016.03.31-18.53.24:316][  0]LogLoad: Full Startup: 4.98 seconds (BP compile: 0.04 seconds)
[2016.03.31-18.53.24:339][  0]LogOcInput: Can't find Oculus library dev build: is proper Runtime installed? Version: 0.8.0.0
[2016.03.31-18.53.24:399][  0]LogContentStreaming: Texture pool size now 1000 MB
[2016.03.31-18.53.24:536][  0]LogRenderer: Reallocating scene render targets to support 884x452 (Frame:2).
[2016.03.31-18.53.24:676][  3]LogAssetRegistry: Asset discovery search completed in 2.0990 seconds
[2016.03.31-18.53.24:676][  3]LogCollectionManager: Rebuilt the object cache for 0 collections in 0.000001 seconds (found 0 objects)
[2016.03.31-18.53.24:676][  3]LogCollectionManager: Fixed up redirectors for 0 collections in 0.000022 seconds (updated 0 objects)
[2016.03.31-18.54.05:717][268]Recompiling TreeEvolution...
[2016.03.31-18.54.05:718][268]Launching UnrealBuildTool... [D:/Program Files (x86)/Epic Games/4.10/Engine/Binaries/DotNET/UnrealBuildTool.exe TreeEvolution -ModuleWithSuffix TreeEvolution 1626 Win64 Development -editorrecompile -canskiplink "D:/TreeEvolution/TreeEvolution.uproject" -rocket  -rocket -2015]
[2016.03.31-18.54.05:719][268]Warning: Starting HotReload took  0.0s.
[2016.03.31-18.54.21:489][204]CompilerResultsLog: New page: Compilation - Mar 31, 2016, 10:54:21 PM
[2016.03.31-18.54.21:489][204]CompilerResultsLog: Info Creating makefile for hot reloading TreeEvolution (modules to compile have changed)
[2016.03.31-18.54.21:489][204]CompilerResultsLog: Info Compiling game modules for hot reload
[2016.03.31-18.54.21:489][204]CompilerResultsLog: Info Parsing headers for TreeEvolutionEditor
[2016.03.31-18.54.21:489][204]CompilerResultsLog: Info   Running UnrealHeaderTool "D:/TreeEvolution/TreeEvolution.uproject" "D:\TreeEvolution\Intermediate\Build\Win64\TreeEvolutionEditor\Development\UnrealHeaderTool.manifest" -LogCmds="loginit warning, logexit warning, logdatabase error" -rocket -installed
[2016.03.31-18.54.21:489][204]CompilerResultsLog: Info Reflection code generated for TreeEvolutionEditor in 7,4324686 seconds
[2016.03.31-18.54.21:489][204]CompilerResultsLog: Info Performing 6 actions (4 in parallel)
[2016.03.31-18.54.21:489][204]CompilerResultsLog: Info Leaf.cpp
[2016.03.31-18.54.21:489][204]CompilerResultsLog: Info Branch.cpp
[2016.03.31-18.54.21:489][204]CompilerResultsLog: Info Instancer.cpp
[2016.03.31-18.54.21:489][204]CompilerResultsLog: Info Tree.cpp
[2016.03.31-18.54.21:489][204]CompilerResultsLog: Info TreeEvolution.generated.cpp
[2016.03.31-18.54.21:489][204]CompilerResultsLog: Info [6/6] Link UE4Editor-TreeEvolution-1626.dll
[2016.03.31-18.54.21:489][204]CompilerResultsLog: Info    Creating library D:\TreeEvolution\Intermediate/Build/Win64\UE4Editor\Development\UE4Editor-TreeEvolution-1626.lib and object D:\TreeEvolution\Intermediate/Build/Win64\UE4Editor\Development\UE4Editor-TreeEvolution-1626.exp
[2016.03.31-18.54.21:489][204]CompilerResultsLog: Info -------- End Detailed Actions Stats -----------------------------------------------------------
[2016.03.31-18.54.21:489][204]CompilerResultsLog: Info Total build time: 15,72 seconds
[2016.03.31-18.54.21:489][204]LogMainFrame: MainFrame: Module compiling took 15.777 seconds
[2016.03.31-18.54.21:526][204]LogClass: Could not find existing class Instancer in package /Script/TreeEvolution for HotReload, assuming new class
[2016.03.31-18.54.21:529][204]LogClass: Could not find existing class Tree in package /Script/TreeEvolution for HotReload, assuming new class
[2016.03.31-18.54.21:529][204]LogClass: Function calculateCost is new.
[2016.03.31-18.54.21:529][204]LogClass: Function calculateHits is new.
[2016.03.31-18.54.21:529][204]LogClass: Function duplicate is new.
[2016.03.31-18.54.21:529][204]LogClass: Function mutate is new.
[2016.03.31-18.54.21:530][204]LogWindows:Error: Windows GetLastError: Åtgärden har slutförts. (0)
[2016.03.31-18.54.21:753][204]LogCrashTracker: 


[2016.03.31-18.54.21:753][204]LogCrashTracker: 


[2016.03.31-18.54.21:753][204]LogWindows:Error: === Critical error: ===
Fatal error: [File:D:\BuildFarm\buildmachine_++depot+UE4-Releases+4.10\Engine\Source\Runtime\CoreUObject\Private\UObject\UObjectGlobals.cpp] [Line: 2071] 
UObject() constructor called but it's not the object that's currently being constructed with NewObject. Maybe you trying to construct it on the stack which is not supported.




[2016.03.31-18.54.21:815][204]LogExit: Executing StaticShutdownAfterError
[2016.03.31-18.54.21:818][204]LogPhysics:Warning: PHYSX: ..\..\PhysX\src\NpScene.cpp (2946) 8 : PxScene::unlockWrite() called without matching call to PxScene::lockWrite(), behaviour will be undefined.
[2016.03.31-18.54.21:818][204]LogPhysics:Warning: PHYSX: ..\..\PhysX\src\NpScene.cpp (2946) 8 : PxScene::unlockWrite() called without matching call to PxScene::lockWrite(), behaviour will be undefined.
[2016.03.31-18.54.21:818][204]LogWindows: FPlatformMisc::RequestExit(1)
[2016.03.31-18.54.21:818][204]Log file closed, 03/31/16 20:54:21
