[2016.03.31-19.22.29:366][  0]Log file open, 03/31/16 21:22:29
[2016.03.31-19.22.29:366][  0]LogInit:Display: Running engine for game: TreeEvolution
[2016.03.31-19.22.29:366][  0]LogPlatformFile: Not using cached read wrapper
[2016.03.31-19.22.29:366][  0]LogInit:Display: RandInit(1493284913) SRandInit(1493284915).
[2016.03.31-19.22.29:366][  0]LogTaskGraph: Started task graph with 4 named threads and 7 total threads.
[2016.03.31-19.22.29:366][  0]LogStats: Stats thread started at 0.076949
[2016.03.31-19.22.29:366][  0]LogInit: Version: 4.10.4-2872498+++depot+UE4-Releases+4.10
[2016.03.31-19.22.29:366][  0]LogInit: API Version: 2758231
[2016.03.31-19.22.29:366][  0]LogInit: Compiled (64-bit): Feb 18 2016 15:47:04
[2016.03.31-19.22.29:366][  0]LogInit: Compiled with Visual C++: 19.00.23026.00
[2016.03.31-19.22.29:366][  0]LogInit: Build Configuration: Development
[2016.03.31-19.22.29:366][  0]LogInit: Branch Name: ++depot+UE4-Releases+4.10
[2016.03.31-19.22.29:366][  0]LogInit: Command line:  
[2016.03.31-19.22.29:366][  0]LogInit: Base directory: D:/Program Files (x86)/Epic Games/4.10/Engine/Binaries/Win64/
[2016.03.31-19.22.29:366][  0]LogInit: Rocket: 1
[2016.03.31-19.22.29:372][  0]LogInit: Using libcurl 7.41.0
[2016.03.31-19.22.29:372][  0]LogInit:  - built for x86_64-pc-win32
[2016.03.31-19.22.29:372][  0]LogInit:  - supports SSL with WinSSL
[2016.03.31-19.22.29:372][  0]LogInit:  - other features:
[2016.03.31-19.22.29:372][  0]LogInit:      CURL_VERSION_SSL
[2016.03.31-19.22.29:372][  0]LogInit:      CURL_VERSION_IPV6
[2016.03.31-19.22.29:372][  0]LogInit:      CURL_VERSION_ASYNCHDNS
[2016.03.31-19.22.29:372][  0]LogInit:      CURL_VERSION_LARGEFILE
[2016.03.31-19.22.29:372][  0]LogInit:      CURL_VERSION_IDN
[2016.03.31-19.22.29:372][  0]LogInit:  CurlRequestOptions (configurable via config and command line):
[2016.03.31-19.22.29:372][  0]LogInit:  - bVerifyPeer = true  - Libcurl will verify peer certificate
[2016.03.31-19.22.29:372][  0]LogInit:  - bUseHttpProxy = false  - Libcurl will NOT use HTTP proxy
[2016.03.31-19.22.29:372][  0]LogInit:  - bDontReuseConnections = false  - Libcurl will reuse connections
[2016.03.31-19.22.29:372][  0]LogInit:  - CertBundlePath = nullptr  - Libcurl will use whatever was configured at build time.
[2016.03.31-19.22.29:377][  0]LogInit: Presizing for 0 objects not considered by GC, pre-allocating 0 bytes.
[2016.03.31-19.22.29:383][  0]LogInit: Object subsystem initialized
[2016.03.31-19.22.29:383][  0]LogInit: Selected Device Profile: [Windows]
[2016.03.31-19.22.29:383][  0]LogInit: Applying CVar settings loaded from the selected device profile: [Windows]
[2016.03.31-19.22.29:392][  0]LogInit: Computer: MSI
[2016.03.31-19.22.29:392][  0]LogInit: User: tobia
[2016.03.31-19.22.29:392][  0]LogInit: CPU Page size=4096, Cores=4
[2016.03.31-19.22.29:392][  0]LogInit: High frequency timer resolution =2.531247 MHz
[2016.03.31-19.22.29:392][  0]LogMemory: Memory total: Physical=15.9GB (16GB approx)
[2016.03.31-19.22.29:393][  0]LogMemory: Platform Memory Stats for Windows
[2016.03.31-19.22.29:393][  0]LogMemory: Process Physical Memory: 56.22 MB used, 56.22 MB peak
[2016.03.31-19.22.29:393][  0]LogMemory: Process Virtual Memory: 56.97 MB used, 56.97 MB peak
[2016.03.31-19.22.29:393][  0]LogMemory: Physical Memory: 9239.88 MB used, 16294.66 MB total
[2016.03.31-19.22.29:393][  0]LogMemory: Virtual Memory: 383.88 MB used, 134217728.00 MB total
[2016.03.31-19.22.29:429][  0]LogTextLocalizationManager: No translations for ('sv-SE') exist, falling back to 'en' for localization and internationalization data.
[2016.03.31-19.22.29:860][  0]LogD3D11RHI: Found D3D11 adapter 0: NVIDIA GeForce GTX 970M           (Feature Level 11_0)
[2016.03.31-19.22.29:860][  0]LogD3D11RHI: Adapter has 2991MB of dedicated video memory, 0MB of dedicated system memory, and 8147MB of shared system memory, 1 output[s]
[2016.03.31-19.22.29:867][  0]LogD3D11RHI: Found D3D11 adapter 1: Intel(R) HD Graphics 530 (Feature Level 11_0)
[2016.03.31-19.22.29:867][  0]LogD3D11RHI: Adapter has 128MB of dedicated video memory, 0MB of dedicated system memory, and 8147MB of shared system memory, 0 output[s]
[2016.03.31-19.22.29:869][  0]LogD3D11RHI: Found D3D11 adapter 2: Microsoft Basic Render Driver (Feature Level 11_0)
[2016.03.31-19.22.29:869][  0]LogD3D11RHI: Adapter has 0MB of dedicated video memory, 0MB of dedicated system memory, and 8147MB of shared system memory, 0 output[s]
[2016.03.31-19.22.29:869][  0]LogD3D11RHI: Chosen D3D11 Adapter Id = 0
[2016.03.31-19.22.29:874][  0]LogD3D11RHI: !Direct3DDevice
[2016.03.31-19.22.29:874][  0]LogRHI: Texture pool is 1361 MB (70% of 1945 MB)
[2016.03.31-19.22.29:887][  0]LogD3D11RHI: Async texture creation enabled
[2016.03.31-19.22.29:904][  0]LogShaderCompilers: Guid format shader working directory is 15 characters bigger than the processId version (../../../../../../TreeEvolution/Intermediate/Shaders/WorkingDirectory/2128/).
[2016.03.31-19.22.29:904][  0]LogShaderCompilers: Cleaned the shader compiler working directory 'C:/Users/tobia/AppData/Local/Temp/UnrealShaderWorkingDir/BB05AB1C40E888D02050A190E13999EE/'.
[2016.03.31-19.22.29:905][  0]LogShaderCompilers:Display: Using Local Shader Compiler.
[2016.03.31-19.22.30:635][  0]LogTemp:Display: Loaded TP AllDesktopTargetPlatform
[2016.03.31-19.22.30:637][  0]LogTemp:Display: Loaded TP WindowsClientTargetPlatform
[2016.03.31-19.22.30:641][  0]LogTemp:Display: Loaded TP WindowsNoEditorTargetPlatform
[2016.03.31-19.22.30:644][  0]LogTemp:Display: Loaded TP WindowsServerTargetPlatform
[2016.03.31-19.22.30:648][  0]LogTemp:Display: Loaded TP WindowsTargetPlatform
[2016.03.31-19.22.30:650][  0]LogTemp:Display: Loaded TP AndroidTargetPlatform
[2016.03.31-19.22.30:653][  0]LogTemp:Display: Loaded TP Android_ASTCTargetPlatform
[2016.03.31-19.22.30:656][  0]LogTemp:Display: Loaded TP Android_ATCTargetPlatform
[2016.03.31-19.22.30:658][  0]LogTemp:Display: Loaded TP Android_DXTTargetPlatform
[2016.03.31-19.22.30:661][  0]LogTemp:Display: Loaded TP Android_ETC1TargetPlatform
[2016.03.31-19.22.30:665][  0]LogTemp:Display: Loaded TP Android_ETC2TargetPlatform
[2016.03.31-19.22.30:670][  0]LogTemp:Display: Loaded TP Android_MultiTargetPlatform
[2016.03.31-19.22.30:670][  0]LogTemp:Display: Loaded TP Android_PVRTCTargetPlatform
[2016.03.31-19.22.30:671][  0]LogTemp:Display: Loaded TP HTML5TargetPlatform
[2016.03.31-19.22.30:687][  0]LogTemp:Display: Loaded TP IOSTargetPlatform
[2016.03.31-19.22.30:690][  0]LogTemp:Display: Loaded TP LinuxNoEditorTargetPlatform
[2016.03.31-19.22.30:692][  0]LogTemp:Display: Loaded TP LinuxServerTargetPlatform
[2016.03.31-19.22.30:695][  0]LogTemp:Display: Loaded TP LinuxTargetPlatform
[2016.03.31-19.22.30:695][  0]LogTargetPlatformManager:Display: Building Assets For Windows
[2016.03.31-19.22.30:751][  0]LogDerivedDataCache:Display: Max Cache Size: 512 MB
[2016.03.31-19.22.30:794][  0]LogDerivedDataCache: Loaded boot cache 0.04s 42MB C:/Users/tobia/AppData/Local/UnrealEngine/4.10/DerivedDataCache/Boot.ddc.
[2016.03.31-19.22.30:794][  0]LogDerivedDataCache:Display: Loaded Boot cache: C:/Users/tobia/AppData/Local/UnrealEngine/4.10/DerivedDataCache/Boot.ddc
[2016.03.31-19.22.30:794][  0]LogDerivedDataCache: FDerivedDataBackendGraph:  Pak pak cache file ../../../../../../TreeEvolution/DerivedDataCache/DDC.ddp not found, will not use a pak cache.
[2016.03.31-19.22.30:794][  0]LogDerivedDataCache: Unable to find inner node Pak for hierarchical cache Hierarchy.
[2016.03.31-19.22.30:794][  0]LogDerivedDataCache: FDerivedDataBackendGraph:  CompressedPak pak cache file ../../../../../../TreeEvolution/DerivedDataCache/Compressed.ddp not found, will not use a pak cache.
[2016.03.31-19.22.30:794][  0]LogDerivedDataCache: Unable to find inner node CompressedPak for hierarchical cache Hierarchy.
[2016.03.31-19.22.30:847][  0]LogDerivedDataCache:Display: Pak cache opened for reading ../../../Engine/DerivedDataCache/Compressed.ddp.
[2016.03.31-19.22.30:859][  0]LogDerivedDataCache: Using Local data cache path C:/Users/tobia/AppData/Local/UnrealEngine/Common/DerivedDataCache: Writable
[2016.03.31-19.22.31:006][  0]LogInit: Selected Device Profile: [Windows]
[2016.03.31-19.22.31:008][  0]LogContentStreaming: Texture pool size is 0.000000MB
[2016.03.31-19.22.31:103][  0]LogMeshUtilities: No automatic mesh reduction module available
[2016.03.31-19.22.31:103][  0]LogMeshUtilities: No automatic mesh merging module available
[2016.03.31-19.22.31:288][  0]LogInit: WinSock: version 1.1 (2.2), MaxSocks=32767, MaxUdp=65467
[2016.03.31-19.22.31:902][  0]UdpMessaging: Initializing bridge on interface 0.0.0.0:0 to multicast group 230.0.0.1:6666.
[2016.03.31-19.22.32:046][  0]LogAssetRegistry: FAssetRegistry took 0.0114 seconds to start up
[2016.03.31-19.22.32:181][  0]SourceControl: Info Source control is disabled
[2016.03.31-19.22.32:182][  0]SourceControl: Info Source control is disabled
[2016.03.31-19.22.32:189][  0]SourceControl: Info Source control is disabled
[2016.03.31-19.22.32:195][  0]SourceControl: Info Source control is disabled
[2016.03.31-19.22.32:343][  0]LogObj: 29263 objects as part of root set at end of initial load.
[2016.03.31-19.22.32:343][  0]LogUObjectAllocator: 6345312 out of 0 bytes used by permanent object pool.
[2016.03.31-19.22.32:390][  0]LogEngine: Initializing Engine...
[2016.03.31-19.22.32:393][  0]LogHMD: Can't find Oculus library dev build: is proper Runtime installed? Version: 0.8.0.0
[2016.03.31-19.22.32:393][  0]LogHMD: SteamVR failed to initialize.  Err: 110
[2016.03.31-19.22.32:503][  0]LogAIModule: Creating AISystem for world NewWorld
[2016.03.31-19.22.32:506][  0]LogInit: XAudio2 using 'Speakers (Realtek High Definition Audio)' : 2 channels at 48 kHz using 32 bits per sample (channel mask 0x3)
[2016.03.31-19.22.32:881][  0]LogInit: FAudioDevice initialized.
[2016.03.31-19.22.32:901][  0]LogDerivedDataCache: Saved boot cache 0.02s 42MB C:/Users/tobia/AppData/Local/UnrealEngine/4.10/DerivedDataCache/Boot.ddc.
[2016.03.31-19.22.32:906][  0]LogInit: Texture streaming: Enabled
[2016.03.31-19.22.32:909][  0]LogAnalytics: Creating configured Analytics provider AnalyticsET
[2016.03.31-19.22.32:910][  0]LogAnalytics: [UEEditor.Rocket.Release] APIServer = http://et2.epicgames.com/ET2/. AppVersion = 4.10.4-2872498+++depot+UE4-Releases+4.10
[2016.03.31-19.22.32:910][  0]LogAnalytics: [UEEditor.Rocket.Release] SetUserId 3750e6d1405e52e99c08f9974cd5569f|471a4cb9a5c14167995f8bc8b175918a|446fe6e5-1b13-4339-81c8-b1f6f83a87c4
[2016.03.31-19.22.32:910][  0]LogAnalytics: [UEEditor.Rocket.Release] AnalyticsET::StartSession
[2016.03.31-19.22.32:919][  0]LogInit: Transaction tracking system initialized
[2016.03.31-19.22.32:939][  0]BlueprintLog: New page: Editor Load
[2016.03.31-19.22.32:997][  0]LocalizationService: Info Localization service is disabled
[2016.03.31-19.22.33:051][  0]LogConsoleResponse:Display: 
[2016.03.31-19.22.33:152][  0]LogCook:Display: Done creating registry. It took  0.00s.
[2016.03.31-19.22.33:193][  0]LogFileCache: Scanning file cache for directory 'D:/TreeEvolution/Content/' took 0.01s
[2016.03.31-19.22.33:193][  0]SourceControl: Info Source control is disabled
[2016.03.31-19.22.33:193][  0]Cmd: MAP LOAD FILE="../../../../../../TreeEvolution/Content/StarterContent/Maps/Minimal_Default.umap" TEMPLATE=0 SHOWPROGRESS=1 FEATURELEVEL=3
[2016.03.31-19.22.33:194][  0]LightingResults: New page: Lighting Build
[2016.03.31-19.22.33:196][  0]MapCheck: New page: Map Check
[2016.03.31-19.22.33:196][  0]LightingResults: New page: Lighting Build
[2016.03.31-19.22.33:206][  0]LogParticles: Destroying 0 GPU particle simulations for FXSystem 0x000002625C2BAAC0
[2016.03.31-19.22.33:456][  0]LogAIModule: Creating AISystem for world Minimal_Default
[2016.03.31-19.22.33:463][  0]LogEditorServer: Finished looking for orphan Actors (0.000 secs)
[2016.03.31-19.22.33:464][  0]Cmd: MAP CHECKDEP NOCLEARLOG
[2016.03.31-19.22.33:502][  0]MapCheck: Info Map check complete: 0 Error(s), 0 Warning(s), took 38.126ms to complete.
[2016.03.31-19.22.33:502][  0]LogFileHelpers: Loading map 'Minimal_Default' took 0.308
[2016.03.31-19.22.33:633][  0]LogCollectionManager: Loaded 0 collections in 0.001053 seconds
[2016.03.31-19.22.33:671][  0]LogFileCache: Scanning file cache for directory 'D:/TreeEvolution/Saved/Collections/' took 0.01s
[2016.03.31-19.22.33:671][  0]LogFileCache: Scanning file cache for directory 'D:/TreeEvolution/Content/Developers/tobia/Collections/' took 0.01s
[2016.03.31-19.22.33:671][  0]LogFileCache: Scanning file cache for directory 'D:/TreeEvolution/Content/Collections/' took 0.01s
[2016.03.31-19.22.33:671][  0]LogCollectionManager: Rebuilt the GUID cache for 0 collections in 0.000002 seconds
[2016.03.31-19.22.33:680][  0]LogContentBrowser: Native class hierarchy populated in 0.0086 seconds. Added 1900 classes and 340 folders.
[2016.03.31-19.22.33:687][  0]LogContentBrowser: Native class hierarchy updated for 'WidgetCarousel' in 0.0011 seconds. Added 0 classes and 0 folders.
[2016.03.31-19.22.33:724][  0]LogContentBrowser: Native class hierarchy updated for 'AddContentDialog' in 0.0010 seconds. Added 0 classes and 0 folders.
[2016.03.31-19.22.33:727][  0]LogContentBrowser: Native class hierarchy updated for 'SceneOutliner' in 0.0009 seconds. Added 1 classes and 2 folders.
[2016.03.31-19.22.33:765][  0]LogCrashTracker: Crashtracker disabled due to settings.
[2016.03.31-19.22.33:770][  0]LogUObjectGlobals:Warning: Failed to find object 'Class None.'
[2016.03.31-19.22.33:793][  0]LogLoad: Full Startup: 5.05 seconds (BP compile: 0.04 seconds)
[2016.03.31-19.22.33:815][  0]LogOcInput: Can't find Oculus library dev build: is proper Runtime installed? Version: 0.8.0.0
[2016.03.31-19.22.33:869][  0]LogContentStreaming: Texture pool size now 1000 MB
[2016.03.31-19.22.34:001][  0]LogRenderer: Reallocating scene render targets to support 884x452 (Frame:2).
[2016.03.31-19.22.34:165][  2]LogAssetRegistry: Asset discovery search completed in 2.1302 seconds
[2016.03.31-19.22.34:165][  2]LogCollectionManager: Rebuilt the object cache for 0 collections in 0.000000 seconds (found 0 objects)
[2016.03.31-19.22.34:165][  2]LogCollectionManager: Fixed up redirectors for 0 collections in 0.000018 seconds (updated 0 objects)
[2016.03.31-19.24.58:926][722]LogHotReload: New module detected: UE4Editor-TreeEvolution-6405.dll
[2016.03.31-19.24.59:600][725]LogHotReload: Starting Hot-Reload from IDE
[2016.03.31-19.24.59:714][725]LogClass: Could not find existing class Tree in package /Script/TreeEvolution for HotReload, assuming new class
[2016.03.31-19.24.59:714][725]LogClass: Function calculateCost is new.
[2016.03.31-19.24.59:714][725]LogClass: Function calculateHits is new.
[2016.03.31-19.24.59:714][725]LogClass: Function duplicate is new.
[2016.03.31-19.24.59:714][725]LogClass: Function mutate is new.
[2016.03.31-19.24.59:716][725]LogWindows:Error: Windows GetLastError: Åtgärden har slutförts. (0)
[2016.03.31-19.24.59:947][725]LogCrashTracker: 


[2016.03.31-19.24.59:947][725]LogCrashTracker: 


[2016.03.31-19.24.59:947][725]LogWindows:Error: === Critical error: ===
Fatal error: [File:D:\BuildFarm\buildmachine_++depot+UE4-Releases+4.10\Engine\Source\Runtime\CoreUObject\Private\UObject\UObjectGlobals.cpp] [Line: 2071] 
UObject() constructor called but it's not the object that's currently being constructed with NewObject. Maybe you trying to construct it on the stack which is not supported.




[2016.03.31-19.25.00:013][725]LogExit: Executing StaticShutdownAfterError
[2016.03.31-19.25.00:016][725]LogPhysics:Warning: PHYSX: ..\..\PhysX\src\NpScene.cpp (2946) 8 : PxScene::unlockWrite() called without matching call to PxScene::lockWrite(), behaviour will be undefined.
[2016.03.31-19.25.00:017][725]LogPhysics:Warning: PHYSX: ..\..\PhysX\src\NpScene.cpp (2946) 8 : PxScene::unlockWrite() called without matching call to PxScene::lockWrite(), behaviour will be undefined.
[2016.03.31-19.25.00:017][725]LogWindows: FPlatformMisc::RequestExit(1)
[2016.03.31-19.25.00:017][725]Log file closed, 03/31/16 21:25:00
