[2016.03.31-19.40.27:263][  0]Log file open, 03/31/16 21:40:27
[2016.03.31-19.40.27:263][  0]LogInit:Display: Running engine for game: TreeEvolution
[2016.03.31-19.40.27:263][  0]LogPlatformFile: Not using cached read wrapper
[2016.03.31-19.40.27:263][  0]LogInit:Display: RandInit(-73181545) SRandInit(-73181544).
[2016.03.31-19.40.27:263][  0]LogTaskGraph: Started task graph with 4 named threads and 7 total threads.
[2016.03.31-19.40.27:263][  0]LogStats: Stats thread started at 0.074346
[2016.03.31-19.40.27:263][  0]LogInit: Version: 4.10.4-2872498+++depot+UE4-Releases+4.10
[2016.03.31-19.40.27:263][  0]LogInit: API Version: 2758231
[2016.03.31-19.40.27:263][  0]LogInit: Compiled (64-bit): Feb 18 2016 15:47:04
[2016.03.31-19.40.27:263][  0]LogInit: Compiled with Visual C++: 19.00.23026.00
[2016.03.31-19.40.27:263][  0]LogInit: Build Configuration: Development
[2016.03.31-19.40.27:263][  0]LogInit: Branch Name: ++depot+UE4-Releases+4.10
[2016.03.31-19.40.27:263][  0]LogInit: Command line: 
[2016.03.31-19.40.27:263][  0]LogInit: Base directory: D:/Program Files (x86)/Epic Games/4.10/Engine/Binaries/Win64/
[2016.03.31-19.40.27:263][  0]LogInit: Rocket: 1
[2016.03.31-19.40.27:270][  0]LogInit: Using libcurl 7.41.0
[2016.03.31-19.40.27:270][  0]LogInit:  - built for x86_64-pc-win32
[2016.03.31-19.40.27:270][  0]LogInit:  - supports SSL with WinSSL
[2016.03.31-19.40.27:270][  0]LogInit:  - other features:
[2016.03.31-19.40.27:270][  0]LogInit:      CURL_VERSION_SSL
[2016.03.31-19.40.27:270][  0]LogInit:      CURL_VERSION_IPV6
[2016.03.31-19.40.27:270][  0]LogInit:      CURL_VERSION_ASYNCHDNS
[2016.03.31-19.40.27:270][  0]LogInit:      CURL_VERSION_LARGEFILE
[2016.03.31-19.40.27:270][  0]LogInit:      CURL_VERSION_IDN
[2016.03.31-19.40.27:270][  0]LogInit:  CurlRequestOptions (configurable via config and command line):
[2016.03.31-19.40.27:270][  0]LogInit:  - bVerifyPeer = true  - Libcurl will verify peer certificate
[2016.03.31-19.40.27:270][  0]LogInit:  - bUseHttpProxy = false  - Libcurl will NOT use HTTP proxy
[2016.03.31-19.40.27:270][  0]LogInit:  - bDontReuseConnections = false  - Libcurl will reuse connections
[2016.03.31-19.40.27:270][  0]LogInit:  - CertBundlePath = nullptr  - Libcurl will use whatever was configured at build time.
[2016.03.31-19.40.27:274][  0]LogInit: Presizing for 0 objects not considered by GC, pre-allocating 0 bytes.
[2016.03.31-19.40.27:280][  0]LogInit: Object subsystem initialized
[2016.03.31-19.40.27:280][  0]LogInit: Selected Device Profile: [Windows]
[2016.03.31-19.40.27:280][  0]LogInit: Applying CVar settings loaded from the selected device profile: [Windows]
[2016.03.31-19.40.27:290][  0]LogInit: Computer: MSI
[2016.03.31-19.40.27:290][  0]LogInit: User: tobia
[2016.03.31-19.40.27:290][  0]LogInit: CPU Page size=4096, Cores=4
[2016.03.31-19.40.27:290][  0]LogInit: High frequency timer resolution =2.531247 MHz
[2016.03.31-19.40.27:290][  0]LogMemory: Memory total: Physical=15.9GB (16GB approx)
[2016.03.31-19.40.27:290][  0]LogMemory: Platform Memory Stats for Windows
[2016.03.31-19.40.27:290][  0]LogMemory: Process Physical Memory: 56.30 MB used, 56.30 MB peak
[2016.03.31-19.40.27:290][  0]LogMemory: Process Virtual Memory: 57.13 MB used, 57.13 MB peak
[2016.03.31-19.40.27:290][  0]LogMemory: Physical Memory: 9254.93 MB used, 16294.66 MB total
[2016.03.31-19.40.27:290][  0]LogMemory: Virtual Memory: 383.88 MB used, 134217728.00 MB total
[2016.03.31-19.40.27:323][  0]LogTextLocalizationManager: No translations for ('sv-SE') exist, falling back to 'en' for localization and internationalization data.
[2016.03.31-19.40.27:798][  0]LogD3D11RHI: Found D3D11 adapter 0: NVIDIA GeForce GTX 970M           (Feature Level 11_0)
[2016.03.31-19.40.27:798][  0]LogD3D11RHI: Adapter has 2991MB of dedicated video memory, 0MB of dedicated system memory, and 8147MB of shared system memory, 1 output[s]
[2016.03.31-19.40.27:805][  0]LogD3D11RHI: Found D3D11 adapter 1: Intel(R) HD Graphics 530 (Feature Level 11_0)
[2016.03.31-19.40.27:805][  0]LogD3D11RHI: Adapter has 128MB of dedicated video memory, 0MB of dedicated system memory, and 8147MB of shared system memory, 0 output[s]
[2016.03.31-19.40.27:806][  0]LogD3D11RHI: Found D3D11 adapter 2: Microsoft Basic Render Driver (Feature Level 11_0)
[2016.03.31-19.40.27:806][  0]LogD3D11RHI: Adapter has 0MB of dedicated video memory, 0MB of dedicated system memory, and 8147MB of shared system memory, 0 output[s]
[2016.03.31-19.40.27:806][  0]LogD3D11RHI: Chosen D3D11 Adapter Id = 0
[2016.03.31-19.40.27:812][  0]LogD3D11RHI: !Direct3DDevice
[2016.03.31-19.40.27:812][  0]LogRHI: Texture pool is 1361 MB (70% of 1945 MB)
[2016.03.31-19.40.27:823][  0]LogD3D11RHI: Async texture creation enabled
[2016.03.31-19.40.27:837][  0]LogShaderCompilers: Guid format shader working directory is 15 characters bigger than the processId version (../../../../../../TreeEvolution/Intermediate/Shaders/WorkingDirectory/5760/).
[2016.03.31-19.40.27:837][  0]LogShaderCompilers: Cleaned the shader compiler working directory 'C:/Users/tobia/AppData/Local/Temp/UnrealShaderWorkingDir/EEBD03A345FFFE71932A86A62782BD2A/'.
[2016.03.31-19.40.27:837][  0]LogShaderCompilers:Display: Using Local Shader Compiler.
[2016.03.31-19.40.28:583][  0]LogTemp:Display: Loaded TP AllDesktopTargetPlatform
[2016.03.31-19.40.28:587][  0]LogTemp:Display: Loaded TP WindowsClientTargetPlatform
[2016.03.31-19.40.28:591][  0]LogTemp:Display: Loaded TP WindowsNoEditorTargetPlatform
[2016.03.31-19.40.28:594][  0]LogTemp:Display: Loaded TP WindowsServerTargetPlatform
[2016.03.31-19.40.28:597][  0]LogTemp:Display: Loaded TP WindowsTargetPlatform
[2016.03.31-19.40.28:600][  0]LogTemp:Display: Loaded TP AndroidTargetPlatform
[2016.03.31-19.40.28:602][  0]LogTemp:Display: Loaded TP Android_ASTCTargetPlatform
[2016.03.31-19.40.28:604][  0]LogTemp:Display: Loaded TP Android_ATCTargetPlatform
[2016.03.31-19.40.28:607][  0]LogTemp:Display: Loaded TP Android_DXTTargetPlatform
[2016.03.31-19.40.28:610][  0]LogTemp:Display: Loaded TP Android_ETC1TargetPlatform
[2016.03.31-19.40.28:612][  0]LogTemp:Display: Loaded TP Android_ETC2TargetPlatform
[2016.03.31-19.40.28:618][  0]LogTemp:Display: Loaded TP Android_MultiTargetPlatform
[2016.03.31-19.40.28:618][  0]LogTemp:Display: Loaded TP Android_PVRTCTargetPlatform
[2016.03.31-19.40.28:618][  0]LogTemp:Display: Loaded TP HTML5TargetPlatform
[2016.03.31-19.40.28:637][  0]LogTemp:Display: Loaded TP IOSTargetPlatform
[2016.03.31-19.40.28:639][  0]LogTemp:Display: Loaded TP LinuxNoEditorTargetPlatform
[2016.03.31-19.40.28:642][  0]LogTemp:Display: Loaded TP LinuxServerTargetPlatform
[2016.03.31-19.40.28:644][  0]LogTemp:Display: Loaded TP LinuxTargetPlatform
[2016.03.31-19.40.28:644][  0]LogTargetPlatformManager:Display: Building Assets For Windows
[2016.03.31-19.40.28:703][  0]LogDerivedDataCache:Display: Max Cache Size: 512 MB
[2016.03.31-19.40.28:745][  0]LogDerivedDataCache: Loaded boot cache 0.04s 42MB C:/Users/tobia/AppData/Local/UnrealEngine/4.10/DerivedDataCache/Boot.ddc.
[2016.03.31-19.40.28:745][  0]LogDerivedDataCache:Display: Loaded Boot cache: C:/Users/tobia/AppData/Local/UnrealEngine/4.10/DerivedDataCache/Boot.ddc
[2016.03.31-19.40.28:745][  0]LogDerivedDataCache: FDerivedDataBackendGraph:  Pak pak cache file ../../../../../../TreeEvolution/DerivedDataCache/DDC.ddp not found, will not use a pak cache.
[2016.03.31-19.40.28:745][  0]LogDerivedDataCache: Unable to find inner node Pak for hierarchical cache Hierarchy.
[2016.03.31-19.40.28:745][  0]LogDerivedDataCache: FDerivedDataBackendGraph:  CompressedPak pak cache file ../../../../../../TreeEvolution/DerivedDataCache/Compressed.ddp not found, will not use a pak cache.
[2016.03.31-19.40.28:745][  0]LogDerivedDataCache: Unable to find inner node CompressedPak for hierarchical cache Hierarchy.
[2016.03.31-19.40.28:808][  0]LogDerivedDataCache:Display: Pak cache opened for reading ../../../Engine/DerivedDataCache/Compressed.ddp.
[2016.03.31-19.40.28:820][  0]LogDerivedDataCache: Using Local data cache path C:/Users/tobia/AppData/Local/UnrealEngine/Common/DerivedDataCache: Writable
[2016.03.31-19.40.28:997][  0]LogInit: Selected Device Profile: [Windows]
[2016.03.31-19.40.29:000][  0]LogContentStreaming: Texture pool size is 0.000000MB
[2016.03.31-19.40.29:099][  0]LogMeshUtilities: No automatic mesh reduction module available
[2016.03.31-19.40.29:099][  0]LogMeshUtilities: No automatic mesh merging module available
[2016.03.31-19.40.29:302][  0]LogInit: WinSock: version 1.1 (2.2), MaxSocks=32767, MaxUdp=65467
[2016.03.31-19.40.29:973][  0]UdpMessaging: Initializing bridge on interface 0.0.0.0:0 to multicast group 230.0.0.1:6666.
[2016.03.31-19.40.30:102][  0]LogAssetRegistry: FAssetRegistry took 0.0108 seconds to start up
[2016.03.31-19.40.30:243][  0]SourceControl: Info Source control is disabled
[2016.03.31-19.40.30:243][  0]SourceControl: Info Source control is disabled
[2016.03.31-19.40.30:251][  0]SourceControl: Info Source control is disabled
[2016.03.31-19.40.30:259][  0]SourceControl: Info Source control is disabled
[2016.03.31-19.40.30:425][  0]LogObj: 29260 objects as part of root set at end of initial load.
[2016.03.31-19.40.30:425][  0]LogUObjectAllocator: 6344816 out of 0 bytes used by permanent object pool.
[2016.03.31-19.40.30:479][  0]LogEngine: Initializing Engine...
[2016.03.31-19.40.30:483][  0]LogHMD: Can't find Oculus library dev build: is proper Runtime installed? Version: 0.8.0.0
[2016.03.31-19.40.30:483][  0]LogHMD: SteamVR failed to initialize.  Err: 110
[2016.03.31-19.40.30:597][  0]LogAIModule: Creating AISystem for world NewWorld
[2016.03.31-19.40.30:602][  0]LogInit: XAudio2 using 'Speakers (Realtek High Definition Audio)' : 2 channels at 48 kHz using 32 bits per sample (channel mask 0x3)
[2016.03.31-19.40.31:959][  0]LogInit: FAudioDevice initialized.
[2016.03.31-19.40.31:982][  0]LogDerivedDataCache: Saved boot cache 0.02s 42MB C:/Users/tobia/AppData/Local/UnrealEngine/4.10/DerivedDataCache/Boot.ddc.
[2016.03.31-19.40.31:987][  0]LogInit: Texture streaming: Enabled
[2016.03.31-19.40.31:990][  0]LogAnalytics: Creating configured Analytics provider AnalyticsET
[2016.03.31-19.40.31:990][  0]LogAnalytics: [UEEditor.Rocket.Release] APIServer = http://et2.epicgames.com/ET2/. AppVersion = 4.10.4-2872498+++depot+UE4-Releases+4.10
[2016.03.31-19.40.31:991][  0]LogAnalytics: [UEEditor.Rocket.Release] SetUserId 3750e6d1405e52e99c08f9974cd5569f|471a4cb9a5c14167995f8bc8b175918a|446fe6e5-1b13-4339-81c8-b1f6f83a87c4
[2016.03.31-19.40.31:991][  0]LogAnalytics: [UEEditor.Rocket.Release] AnalyticsET::StartSession
[2016.03.31-19.40.32:001][  0]LogInit: Transaction tracking system initialized
[2016.03.31-19.40.32:019][  0]BlueprintLog: New page: Editor Load
[2016.03.31-19.40.32:079][  0]LocalizationService: Info Localization service is disabled
[2016.03.31-19.40.32:140][  0]LogConsoleResponse:Display: 
[2016.03.31-19.40.32:249][  0]LogCook:Display: Done creating registry. It took  0.00s.
[2016.03.31-19.40.32:288][  0]LogFileCache: Scanning file cache for directory 'D:/TreeEvolution/Content/' took 0.01s
[2016.03.31-19.40.32:288][  0]SourceControl: Info Source control is disabled
[2016.03.31-19.40.32:288][  0]Cmd: MAP LOAD FILE="../../../../../../TreeEvolution/Content/StarterContent/Maps/Minimal_Default.umap" TEMPLATE=0 SHOWPROGRESS=1 FEATURELEVEL=3
[2016.03.31-19.40.32:288][  0]LightingResults: New page: Lighting Build
[2016.03.31-19.40.32:290][  0]MapCheck: New page: Map Check
[2016.03.31-19.40.32:290][  0]LightingResults: New page: Lighting Build
[2016.03.31-19.40.32:303][  0]LogParticles: Destroying 0 GPU particle simulations for FXSystem 0x0000018A99A43420
[2016.03.31-19.40.32:559][  0]LogAIModule: Creating AISystem for world Minimal_Default
[2016.03.31-19.40.32:567][  0]LogEditorServer: Finished looking for orphan Actors (0.000 secs)
[2016.03.31-19.40.32:568][  0]Cmd: MAP CHECKDEP NOCLEARLOG
[2016.03.31-19.40.32:606][  0]MapCheck: Info Map check complete: 0 Error(s), 0 Warning(s), took 38.5ms to complete.
[2016.03.31-19.40.32:606][  0]LogFileHelpers: Loading map 'Minimal_Default' took 0.319
[2016.03.31-19.40.32:733][  0]LogCollectionManager: Loaded 0 collections in 0.001227 seconds
[2016.03.31-19.40.32:771][  0]LogFileCache: Scanning file cache for directory 'D:/TreeEvolution/Saved/Collections/' took 0.01s
[2016.03.31-19.40.32:771][  0]LogFileCache: Scanning file cache for directory 'D:/TreeEvolution/Content/Developers/tobia/Collections/' took 0.01s
[2016.03.31-19.40.32:771][  0]LogFileCache: Scanning file cache for directory 'D:/TreeEvolution/Content/Collections/' took 0.01s
[2016.03.31-19.40.32:771][  0]LogCollectionManager: Rebuilt the GUID cache for 0 collections in 0.000002 seconds
[2016.03.31-19.40.32:779][  0]LogContentBrowser: Native class hierarchy populated in 0.0077 seconds. Added 1900 classes and 340 folders.
[2016.03.31-19.40.32:784][  0]LogContentBrowser: Native class hierarchy updated for 'WidgetCarousel' in 0.0010 seconds. Added 0 classes and 0 folders.
[2016.03.31-19.40.32:820][  0]LogContentBrowser: Native class hierarchy updated for 'AddContentDialog' in 0.0010 seconds. Added 0 classes and 0 folders.
[2016.03.31-19.40.32:824][  0]LogContentBrowser: Native class hierarchy updated for 'SceneOutliner' in 0.0010 seconds. Added 1 classes and 2 folders.
[2016.03.31-19.40.32:861][  0]LogCrashTracker: Crashtracker disabled due to settings.
[2016.03.31-19.40.32:865][  0]LogUObjectGlobals:Warning: Failed to find object 'Class None.'
[2016.03.31-19.40.32:888][  0]LogLoad: Full Startup: 6.22 seconds (BP compile: 0.04 seconds)
[2016.03.31-19.40.32:909][  0]LogOcInput: Can't find Oculus library dev build: is proper Runtime installed? Version: 0.8.0.0
[2016.03.31-19.40.32:968][  0]LogContentStreaming: Texture pool size now 1000 MB
[2016.03.31-19.40.33:118][  0]LogRenderer: Reallocating scene render targets to support 884x452 (Frame:2).
[2016.03.31-19.40.33:235][  2]LogAssetRegistry: Asset discovery search completed in 3.1437 seconds
[2016.03.31-19.40.33:235][  2]LogCollectionManager: Rebuilt the object cache for 0 collections in 0.000000 seconds (found 0 objects)
[2016.03.31-19.40.33:235][  2]LogCollectionManager: Fixed up redirectors for 0 collections in 0.000017 seconds (updated 0 objects)
[2016.03.31-19.40.35:356][121]LogWindowsTextInputMethodSystem:Display: IME system now deactivated.
[2016.03.31-19.40.35:580][122]Cmd: QUIT_EDITOR
[2016.03.31-19.40.35:714][122]LogExit: Preparing to exit.
[2016.03.31-19.40.36:070][122]LogExit: Editor shut down
[2016.03.31-19.40.36:070][122]LogExit: Transaction tracking system shut down
[2016.03.31-19.40.36:071][122]LogParticles: Destroying 0 GPU particle simulations for FXSystem 0x0000018A8C06F7E0
[2016.03.31-19.40.36:071][122]LogParticles: Destroying 0 GPU particle simulations for FXSystem 0x0000018AA3963880
[2016.03.31-19.40.36:071][122]LogParticles: Destroying 0 GPU particle simulations for FXSystem 0x0000018A8ADAE700
[2016.03.31-19.40.36:189][122]LogExit: Object subsystem successfully closed.
[2016.03.31-19.40.36:199][122]LogD3D11RHI: Shutdown
[2016.03.31-19.40.36:199][122]LogD3D11RHI: CleanupD3DDevice
[2016.03.31-19.40.36:263][122]LogD3D11RHI: ~FD3D11DynamicRHI
[2016.03.31-19.40.36:273][122]LogModuleManager: Shutting down and abandoning module CrashTracker (199)
[2016.03.31-19.40.36:273][122]LogModuleManager: Shutting down and abandoning module SceneOutliner (198)
[2016.03.31-19.40.36:273][122]LogModuleManager: Shutting down and abandoning module SuperSearch (197)
[2016.03.31-19.40.36:273][122]LogModuleManager: Shutting down and abandoning module WidgetCarousel (196)
[2016.03.31-19.40.36:273][122]LogModuleManager: Shutting down and abandoning module AddContentDialog (195)
[2016.03.31-19.40.36:274][122]LogModuleManager: Shutting down and abandoning module EditorWidgets (194)
[2016.03.31-19.40.36:274][122]LogModuleManager: Shutting down and abandoning module CollectionManager (193)
[2016.03.31-19.40.36:274][122]LogModuleManager: Shutting down and abandoning module StatsViewer (192)
[2016.03.31-19.40.36:274][122]LogModuleManager: Shutting down and abandoning module FoliageEdit (191)
[2016.03.31-19.40.36:274][122]LogModuleManager: Shutting down and abandoning module LandscapeEditor (190)
[2016.03.31-19.40.36:274][122]LogModuleManager: Shutting down and abandoning module ActorPickerMode (189)
[2016.03.31-19.40.36:274][122]LogModuleManager: Shutting down and abandoning module GeometryMode (188)
[2016.03.31-19.40.36:274][122]LogModuleManager: Shutting down and abandoning module TextureAlignMode (187)
[2016.03.31-19.40.36:274][122]LogModuleManager: Shutting down and abandoning module BspMode (186)
[2016.03.31-19.40.36:274][122]LogModuleManager: Shutting down and abandoning module PlacementMode (185)
[2016.03.31-19.40.36:274][122]LogModuleManager: Shutting down and abandoning module AutomationWorker (184)
[2016.03.31-19.40.36:274][122]LogModuleManager: Shutting down and abandoning module CharacterAI (183)
[2016.03.31-19.40.36:274][122]LogModuleManager: Shutting down and abandoning module SmartSnapping (182)
[2016.03.31-19.40.36:274][122]LogModuleManager: Shutting down and abandoning module ViewportSnapping (181)
[2016.03.31-19.40.36:274][122]LogModuleManager: Shutting down and abandoning module LogVisualizer (180)
[2016.03.31-19.40.36:274][122]LogModuleManager: Shutting down and abandoning module GameProjectGeneration (179)
[2016.03.31-19.40.36:274][122]LogModuleManager: Shutting down and abandoning module IntroTutorials (178)
[2016.03.31-19.40.36:274][122]LogModuleManager: Shutting down and abandoning module EditorLiveStreaming (177)
[2016.03.31-19.40.36:274][122]LogModuleManager: Shutting down and abandoning module IOSPlatformEditor (176)
[2016.03.31-19.40.36:274][122]LogModuleManager: Shutting down and abandoning module HTML5PlatformEditor (175)
[2016.03.31-19.40.36:274][122]LogModuleManager: Shutting down and abandoning module AndroidDeviceDetection (174)
[2016.03.31-19.40.37:107][122]LogModuleManager: Shutting down and abandoning module AndroidPlatformEditor (173)
[2016.03.31-19.40.37:107][122]LogModuleManager: Shutting down and abandoning module IOSRuntimeSettings (172)
[2016.03.31-19.40.37:107][122]LogModuleManager: Shutting down and abandoning module AndroidRuntimeSettings (171)
[2016.03.31-19.40.37:107][122]LogModuleManager: Shutting down and abandoning module MergeActors (170)
[2016.03.31-19.40.37:107][122]LogModuleManager: Shutting down and abandoning module SizeMap (169)
[2016.03.31-19.40.37:107][122]LogModuleManager: Shutting down and abandoning module TreeMap (168)
[2016.03.31-19.40.37:107][122]LogModuleManager: Shutting down and abandoning module ReferenceViewer (167)
[2016.03.31-19.40.37:107][122]LogModuleManager: Shutting down and abandoning module LocalizationService (166)
[2016.03.31-19.40.37:107][122]LogModuleManager: Shutting down and abandoning module LocalizationDashboard (165)
[2016.03.31-19.40.37:107][122]LogModuleManager: Shutting down and abandoning module HardwareTargeting (164)
[2016.03.31-19.40.37:107][122]LogModuleManager: Shutting down and abandoning module DeviceProfileEditor (163)
[2016.03.31-19.40.37:107][122]LogModuleManager: Shutting down and abandoning module UndoHistory (162)
[2016.03.31-19.40.37:107][122]LogModuleManager: Shutting down and abandoning module GameplayTagsEditor (161)
[2016.03.31-19.40.37:107][122]LogModuleManager: Shutting down and abandoning module UserFeedback (160)
[2016.03.31-19.40.37:107][122]LogModuleManager: Shutting down and abandoning module XmlParser (159)
[2016.03.31-19.40.37:107][122]LogModuleManager: Shutting down and abandoning module Blutility (158)
[2016.03.31-19.40.37:107][122]LogModuleManager: Shutting down and abandoning module ProjectTargetPlatformEditor (157)
[2016.03.31-19.40.37:107][122]LogModuleManager: Shutting down and abandoning module ProjectSettingsViewer (156)
[2016.03.31-19.40.37:107][122]LogModuleManager: Shutting down and abandoning module InputBindingEditor (155)
[2016.03.31-19.40.37:108][122]LogModuleManager: Shutting down and abandoning module EditorSettingsViewer (154)
[2016.03.31-19.40.37:108][122]LogModuleManager: Shutting down and abandoning module SettingsEditor (153)
[2016.03.31-19.40.37:108][122]LogModuleManager: Shutting down and abandoning module ProjectLauncher (152)
[2016.03.31-19.40.37:108][122]LogModuleManager: Shutting down and abandoning module SessionFrontend (151)
[2016.03.31-19.40.37:108][122]LogModuleManager: Shutting down and abandoning module ProfilerClient (150)
[2016.03.31-19.40.37:108][122]LogModuleManager: Shutting down and abandoning module TargetDeviceServices (149)
[2016.03.31-19.40.37:108][122]LogModuleManager: Shutting down and abandoning module DeviceManager (148)
[2016.03.31-19.40.37:108][122]LogModuleManager: Shutting down and abandoning module AutomationController (147)
[2016.03.31-19.40.37:108][122]LogModuleManager: Shutting down and abandoning module AutomationWindow (146)
[2016.03.31-19.40.37:108][122]LogModuleManager: Shutting down and abandoning module Layers (145)
[2016.03.31-19.40.37:108][122]LogModuleManager: Shutting down and abandoning module ComponentVisualizers (144)
[2016.03.31-19.40.37:108][122]LogModuleManager: Shutting down and abandoning module DetailCustomizations (143)
[2016.03.31-19.40.37:108][122]LogModuleManager: Shutting down and abandoning module PackagesDialog (142)
[2016.03.31-19.40.37:108][122]LogModuleManager: Shutting down and abandoning module Persona (141)
[2016.03.31-19.40.37:108][122]LogModuleManager: Shutting down and abandoning module Kismet (140)
[2016.03.31-19.40.37:108][122]LogModuleManager: Shutting down and abandoning module GraphEditor (139)
[2016.03.31-19.40.37:108][122]LogModuleManager: Shutting down and abandoning module ClassViewer (138)
[2016.03.31-19.40.37:108][122]LogModuleManager: Shutting down and abandoning module Toolbox (137)
[2016.03.31-19.40.37:108][122]LogModuleManager: Shutting down and abandoning module ModuleUI (136)
[2016.03.31-19.40.37:108][122]LogModuleManager: Shutting down and abandoning module MovieSceneTools (135)
[2016.03.31-19.40.37:108][122]LogModuleManager: Shutting down and abandoning module OutputLog (134)
[2016.03.31-19.40.37:108][122]LogModuleManager: Shutting down and abandoning module GammaUI (133)
[2016.03.31-19.40.37:108][122]LogModuleManager: Shutting down and abandoning module Documentation (132)
[2016.03.31-19.40.37:108][122]LogModuleManager: Shutting down and abandoning module GameLiveStreaming (131)
[2016.03.31-19.40.37:108][122]LogModuleManager: Shutting down and abandoning module StreamingPauseRendering (130)
[2016.03.31-19.40.37:108][122]LogModuleManager: Shutting down and abandoning module AnalyticsET (129)
[2016.03.31-19.40.37:108][122]LogModuleManager: Shutting down and abandoning module Analytics (128)
[2016.03.31-19.40.37:108][122]LogModuleManager: Shutting down and abandoning module AITestSuite (127)
[2016.03.31-19.40.37:108][122]LogModuleManager: Shutting down and abandoning module GameplayDebugger (126)
[2016.03.31-19.40.37:108][122]LogModuleManager: Shutting down and abandoning module AIModule (125)
[2016.03.31-19.40.37:108][122]LogModuleManager: Shutting down and abandoning module ProfilerService (124)
[2016.03.31-19.40.37:190][122]LogModuleManager: Shutting down and abandoning module TaskGraph (123)
[2016.03.31-19.40.37:190][122]LogModuleManager: Shutting down and abandoning module SlateRemote (122)
[2016.03.31-19.40.37:190][122]LogModuleManager: Shutting down and abandoning module SteamVRController (121)
[2016.03.31-19.40.37:190][122]LogModuleManager: Shutting down and abandoning module SteamVR (120)
[2016.03.31-19.40.37:190][122]LogModuleManager: Shutting down and abandoning module ProceduralMeshComponent (119)
[2016.03.31-19.40.37:190][122]LogModuleManager: Shutting down and abandoning module OculusLibrary (118)
[2016.03.31-19.40.37:190][122]LogModuleManager: Shutting down and abandoning module OculusInput (117)
[2016.03.31-19.40.37:190][122]LogModuleManager: Shutting down and abandoning module LeapMotionController (116)
[2016.03.31-19.40.37:213][122]LogModuleManager: Shutting down and abandoning module CustomMeshComponent (115)
[2016.03.31-19.40.37:213][122]LogModuleManager: Shutting down and abandoning module CableComponent (114)
[2016.03.31-19.40.37:213][122]LogModuleManager: Shutting down and abandoning module ArchVisCharacter (113)
[2016.03.31-19.40.37:213][122]LogModuleManager: Shutting down and abandoning module MessagingDebugger (112)
[2016.03.31-19.40.37:213][122]LogModuleManager: Shutting down and abandoning module MediaPlayerEditor (111)
[2016.03.31-19.40.37:213][122]LogModuleManager: Shutting down and abandoning module HTML5Networking (110)
[2016.03.31-19.40.37:213][122]LogModuleManager: Shutting down and abandoning module SpeedTreeImporter (109)
[2016.03.31-19.40.37:213][122]LogModuleManager: Shutting down and abandoning module PluginBrowser (108)
[2016.03.31-19.40.37:213][122]LogModuleManager: Shutting down and abandoning module EpicSurvey (107)
[2016.03.31-19.40.37:213][122]LogModuleManager: Shutting down and abandoning module DesktopPlatform (106)
[2016.03.31-19.40.37:213][122]LogModuleManager: Shutting down and abandoning module VisualStudioSourceCodeAccess (105)
[2016.03.31-19.40.37:213][122]LogModuleManager: Shutting down and abandoning module UObjectPlugin (104)
[2016.03.31-19.40.37:213][122]LogModuleManager: Shutting down and abandoning module SubversionSourceControl (103)
[2016.03.31-19.40.37:213][122]LogModuleManager: Shutting down and abandoning module PerforceSourceControl (102)
[2016.03.31-19.40.37:213][122]LogModuleManager: Shutting down and abandoning module SourceControl (101)
[2016.03.31-19.40.37:213][122]LogModuleManager: Shutting down and abandoning module GitSourceControl (100)
[2016.03.31-19.40.37:213][122]LogModuleManager: Shutting down and abandoning module LightPropagationVolumeEditor (99)
[2016.03.31-19.40.37:213][122]LogModuleManager: Shutting down and abandoning module PaperTiledImporter (98)
[2016.03.31-19.40.37:213][122]LogModuleManager: Shutting down and abandoning module PaperSpriteSheetImporter (97)
[2016.03.31-19.40.37:213][122]LogModuleManager: Shutting down and abandoning module MeshPaint (96)
[2016.03.31-19.40.37:213][122]LogModuleManager: Shutting down and abandoning module SlateReflector (95)
[2016.03.31-19.40.37:213][122]LogModuleManager: Shutting down and abandoning module HotReload (94)
[2016.03.31-19.40.37:214][122]LogModuleManager: Shutting down and abandoning module MainFrame (93)
[2016.03.31-19.40.37:214][122]LogModuleManager: Shutting down and abandoning module LevelEditor (92)
[2016.03.31-19.40.37:214][122]LogModuleManager: Shutting down and abandoning module DirectoryWatcher (91)
[2016.03.31-19.40.37:215][122]LogModuleManager: Shutting down and abandoning module AssetRegistry (90)
[2016.03.31-19.40.37:331][122]LogModuleManager: Shutting down and abandoning module ContentBrowser (89)
[2016.03.31-19.40.37:332][122]LogModuleManager: Shutting down and abandoning module Paper2DEditor (88)
[2016.03.31-19.40.37:332][122]LogModuleManager: Shutting down and abandoning module TreeEvolution (87)
[2016.03.31-19.40.37:332][122]LogModuleManager: Shutting down and abandoning module UdpMessaging (86)
[2016.03.31-19.40.37:433][122]LogModuleManager: Shutting down and abandoning module LightPropagationVolumeRuntime (85)
[2016.03.31-19.40.37:433][122]LogModuleManager: Shutting down and abandoning module Paper2D (84)
[2016.03.31-19.40.37:433][122]LogModuleManager: Shutting down and abandoning module WindowsMoviePlayer (83)
[2016.03.31-19.40.37:435][122]LogModuleManager: Shutting down and abandoning module Media (82)
[2016.03.31-19.40.37:435][122]LogModuleManager: Shutting down and abandoning module WmfMedia (81)
[2016.03.31-19.40.37:435][122]LogModuleManager: Shutting down and abandoning module OnlineBlueprintSupport (80)
[2016.03.31-19.40.37:436][122]LogModuleManager: Shutting down and abandoning module GameplayTasksEditor (79)
[2016.03.31-19.40.37:436][122]LogModuleManager: Shutting down and abandoning module PropertyEditor (78)
[2016.03.31-19.40.37:436][122]LogModuleManager: Shutting down and abandoning module BehaviorTreeEditor (77)
[2016.03.31-19.40.37:436][122]LogModuleManager: Shutting down and abandoning module FunctionalTesting (76)
[2016.03.31-19.40.37:436][122]LogModuleManager: Shutting down and abandoning module CollisionAnalyzer (75)
[2016.03.31-19.40.37:436][122]LogModuleManager: Shutting down and abandoning module WorkspaceMenuStructure (74)
[2016.03.31-19.40.37:436][122]LogModuleManager: Shutting down and abandoning module MessageLog (73)
[2016.03.31-19.40.37:436][122]LogModuleManager: Shutting down and abandoning module Sequencer (72)
[2016.03.31-19.40.37:436][122]LogModuleManager: Shutting down and abandoning module AssetTools (71)
[2016.03.31-19.40.37:436][122]LogModuleManager: Shutting down and abandoning module UMGEditor (70)
[2016.03.31-19.40.37:436][122]LogModuleManager: Shutting down and abandoning module UMG (69)
[2016.03.31-19.40.37:436][122]LogModuleManager: Shutting down and abandoning module Slate (68)
[2016.03.31-19.40.37:436][122]LogModuleManager: Shutting down and abandoning module EditorStyle (67)
[2016.03.31-19.40.37:438][122]LogModuleManager: Shutting down and abandoning module SessionServices (66)
[2016.03.31-19.40.37:438][122]LogModuleManager: Shutting down and abandoning module SourceCodeAccess (65)
[2016.03.31-19.40.37:438][122]LogModuleManager: Shutting down and abandoning module HeadMountedDisplay (64)
[2016.03.31-19.40.37:438][122]LogModuleManager: Shutting down and abandoning module XAudio2 (63)
[2016.03.31-19.40.37:438][122]LogModuleManager: Shutting down and abandoning module Networking (61)
[2016.03.31-19.40.37:438][122]LogModuleManager: Shutting down and abandoning module Core (60)
[2016.03.31-19.40.37:438][122]LogModuleManager: Shutting down and abandoning module KismetCompiler (59)
[2016.03.31-19.40.37:438][122]LogModuleManager: Shutting down and abandoning module PhysXFormats (58)
[2016.03.31-19.40.37:438][122]LogModuleManager: Shutting down and abandoning module MeshUtilities (57)
[2016.03.31-19.40.37:438][122]LogModuleManager: Shutting down and abandoning module DerivedDataCache (56)
[2016.03.31-19.40.37:815][122]LogDerivedDataCache: Shutdown
[2016.03.31-19.40.37:815][122]LogModuleManager: Shutting down and abandoning module ShaderFormatOpenGL (55)
[2016.03.31-19.40.37:815][122]LogModuleManager: Shutting down and abandoning module ShaderFormatD3D (54)
[2016.03.31-19.40.37:815][122]LogModuleManager: Shutting down and abandoning module MetalShaderFormat (53)
[2016.03.31-19.40.37:815][122]LogModuleManager: Shutting down and abandoning module TextureFormatUncompressed (52)
[2016.03.31-19.40.37:815][122]LogModuleManager: Shutting down and abandoning module TextureFormatPVR (51)
[2016.03.31-19.40.37:815][122]LogModuleManager: Shutting down and abandoning module TextureFormatIntelISPCTexComp (50)
[2016.03.31-19.40.37:815][122]LogModuleManager: Shutting down and abandoning module TextureFormatDXT (49)
[2016.03.31-19.40.37:815][122]LogModuleManager: Shutting down and abandoning module ImageWrapper (48)
[2016.03.31-19.40.37:815][122]LogModuleManager: Shutting down and abandoning module TextureFormatASTC (47)
[2016.03.31-19.40.37:815][122]LogModuleManager: Shutting down and abandoning module TextureFormatAndroid (46)
[2016.03.31-19.40.37:815][122]LogModuleManager: Shutting down and abandoning module AudioFormatOpus (45)
[2016.03.31-19.40.37:815][122]LogModuleManager: Shutting down and abandoning module AudioFormatOgg (44)
[2016.03.31-19.40.37:815][122]LogModuleManager: Shutting down and abandoning module AudioFormatADPCM (43)
[2016.03.31-19.40.37:815][122]LogModuleManager: Shutting down and abandoning module LinuxTargetPlatform (42)
[2016.03.31-19.40.37:815][122]LogModuleManager: Shutting down and abandoning module LinuxServerTargetPlatform (41)
[2016.03.31-19.40.37:815][122]LogModuleManager: Shutting down and abandoning module LinuxNoEditorTargetPlatform (40)
[2016.03.31-19.40.37:815][122]LogModuleManager: Shutting down and abandoning module Messaging (39)
[2016.03.31-19.40.37:815][122]LogModuleManager: Shutting down and abandoning module IOSTargetPlatform (38)
[2016.03.31-19.40.37:815][122]LogModuleManager: Shutting down and abandoning module HTML5TargetPlatform (37)
[2016.03.31-19.40.37:815][122]LogModuleManager: Shutting down and abandoning module Android_PVRTCTargetPlatform (36)
[2016.03.31-19.40.37:815][122]LogModuleManager: Shutting down and abandoning module Android_MultiTargetPlatform (35)
[2016.03.31-19.40.37:815][122]LogModuleManager: Shutting down and abandoning module Android_ETC2TargetPlatform (34)
[2016.03.31-19.40.37:815][122]LogModuleManager: Shutting down and abandoning module Android_ETC1TargetPlatform (33)
[2016.03.31-19.40.37:815][122]LogModuleManager: Shutting down and abandoning module Android_DXTTargetPlatform (32)
[2016.03.31-19.40.37:815][122]LogModuleManager: Shutting down and abandoning module Android_ATCTargetPlatform (31)
[2016.03.31-19.40.37:815][122]LogModuleManager: Shutting down and abandoning module Android_ASTCTargetPlatform (30)
[2016.03.31-19.40.37:815][122]LogModuleManager: Shutting down and abandoning module AndroidTargetPlatform (29)
[2016.03.31-19.40.37:815][122]LogModuleManager: Shutting down and abandoning module WindowsTargetPlatform (28)
[2016.03.31-19.40.37:815][122]LogModuleManager: Shutting down and abandoning module WindowsServerTargetPlatform (27)
[2016.03.31-19.40.37:815][122]LogModuleManager: Shutting down and abandoning module WindowsNoEditorTargetPlatform (26)
[2016.03.31-19.40.37:815][122]LogModuleManager: Shutting down and abandoning module WindowsClientTargetPlatform (25)
[2016.03.31-19.40.37:815][122]LogModuleManager: Shutting down and abandoning module AllDesktopTargetPlatform (24)
[2016.03.31-19.40.37:815][122]LogModuleManager: Shutting down and abandoning module TargetPlatform (23)
[2016.03.31-19.40.37:815][122]LogModuleManager: Shutting down and abandoning module InputCore (22)
[2016.03.31-19.40.37:815][122]LogModuleManager: Shutting down and abandoning module Settings (21)
[2016.03.31-19.40.37:815][122]LogModuleManager: Shutting down and abandoning module OnlineSubsystem (19)
[2016.03.31-19.40.37:815][122]LogModuleManager: Shutting down and abandoning module HTTP (18)
[2016.03.31-19.40.39:818][122]LogModuleManager: Shutting down and abandoning module XMPP (17)
[2016.03.31-19.40.39:818][122]LogModuleManager: Shutting down and abandoning module OculusRift (16)
[2016.03.31-19.40.39:818][122]LogModuleManager: Shutting down and abandoning module ExampleDeviceProfileSelector (15)
[2016.03.31-19.40.39:818][122]LogModuleManager: Shutting down and abandoning module TextureCompressor (14)
[2016.03.31-19.40.39:819][122]LogModuleManager: Shutting down and abandoning module ShaderCore (13)
[2016.03.31-19.40.39:819][122]LogModuleManager: Shutting down and abandoning module Landscape (12)
[2016.03.31-19.40.39:819][122]LogModuleManager: Shutting down and abandoning module SlateRHIRenderer (11)
[2016.03.31-19.40.39:819][122]LogModuleManager: Shutting down and abandoning module OpenGLDrv (10)
[2016.03.31-19.40.39:819][122]LogModuleManager: Shutting down and abandoning module D3D11RHI (9)
[2016.03.31-19.40.39:819][122]LogModuleManager: Shutting down and abandoning module AnimGraphRuntime (8)
[2016.03.31-19.40.39:819][122]LogModuleManager: Shutting down and abandoning module Renderer (7)
[2016.03.31-19.40.39:819][122]LogModuleManager: Shutting down and abandoning module Engine (6)
[2016.03.31-19.40.39:819][122]LogModuleManager: Shutting down and abandoning module CoreUObject (5)
[2016.03.31-19.40.39:819][122]LogModuleManager: Shutting down and abandoning module NetworkFile (4)
[2016.03.31-19.40.39:819][122]LogModuleManager: Shutting down and abandoning module StreamingFile (3)
[2016.03.31-19.40.39:819][122]LogModuleManager: Shutting down and abandoning module SandboxFile (2)
[2016.03.31-19.40.39:819][122]LogModuleManager: Shutting down and abandoning module PakFile (1)
[2016.03.31-19.40.39:820][122]LogExit: Exiting.
[2016.03.31-19.40.39:822][122]Log file closed, 03/31/16 21:40:39
