[2016.03.31-14.10.11:768][  0]Log file open, 03/31/16 15:10:11
[2016.03.31-14.10.11:768][  0]LogInit:Display: Running engine for game: TreeEvolution
[2016.03.31-14.10.11:768][  0]LogPlatformFile: Not using cached read wrapper
[2016.03.31-14.10.11:768][  0]LogInit:Display: RandInit(1308585500) SRandInit(1308585501).
[2016.03.31-14.10.11:768][  0]LogTaskGraph: Started task graph with 4 named threads and 7 total threads.
[2016.03.31-14.10.11:768][  0]LogStats: Stats thread started at 0.070200
[2016.03.31-14.10.11:768][  0]LogInit: Version: 4.10.4-2872498+++depot+UE4-Releases+4.10
[2016.03.31-14.10.11:768][  0]LogInit: API Version: 2758231
[2016.03.31-14.10.11:768][  0]LogInit: Compiled (64-bit): Feb 18 2016 15:47:04
[2016.03.31-14.10.11:768][  0]LogInit: Compiled with Visual C++: 19.00.23026.00
[2016.03.31-14.10.11:768][  0]LogInit: Build Configuration: Development
[2016.03.31-14.10.11:768][  0]LogInit: Branch Name: ++depot+UE4-Releases+4.10
[2016.03.31-14.10.11:768][  0]LogInit: Command line:  
[2016.03.31-14.10.11:768][  0]LogInit: Base directory: D:/Program Files (x86)/Epic Games/4.10/Engine/Binaries/Win64/
[2016.03.31-14.10.11:768][  0]LogInit: Rocket: 1
[2016.03.31-14.10.11:772][  0]LogInit: Using libcurl 7.41.0
[2016.03.31-14.10.11:772][  0]LogInit:  - built for x86_64-pc-win32
[2016.03.31-14.10.11:772][  0]LogInit:  - supports SSL with WinSSL
[2016.03.31-14.10.11:772][  0]LogInit:  - other features:
[2016.03.31-14.10.11:772][  0]LogInit:      CURL_VERSION_SSL
[2016.03.31-14.10.11:772][  0]LogInit:      CURL_VERSION_IPV6
[2016.03.31-14.10.11:772][  0]LogInit:      CURL_VERSION_ASYNCHDNS
[2016.03.31-14.10.11:772][  0]LogInit:      CURL_VERSION_LARGEFILE
[2016.03.31-14.10.11:772][  0]LogInit:      CURL_VERSION_IDN
[2016.03.31-14.10.11:772][  0]LogInit:  CurlRequestOptions (configurable via config and command line):
[2016.03.31-14.10.11:772][  0]LogInit:  - bVerifyPeer = true  - Libcurl will verify peer certificate
[2016.03.31-14.10.11:772][  0]LogInit:  - bUseHttpProxy = false  - Libcurl will NOT use HTTP proxy
[2016.03.31-14.10.11:772][  0]LogInit:  - bDontReuseConnections = false  - Libcurl will reuse connections
[2016.03.31-14.10.11:772][  0]LogInit:  - CertBundlePath = nullptr  - Libcurl will use whatever was configured at build time.
[2016.03.31-14.10.11:777][  0]LogInit: Presizing for 0 objects not considered by GC, pre-allocating 0 bytes.
[2016.03.31-14.10.11:783][  0]LogInit: Object subsystem initialized
[2016.03.31-14.10.11:783][  0]LogInit: Selected Device Profile: [Windows]
[2016.03.31-14.10.11:783][  0]LogInit: Applying CVar settings loaded from the selected device profile: [Windows]
[2016.03.31-14.10.11:791][  0]LogInit: Computer: MSI
[2016.03.31-14.10.11:791][  0]LogInit: User: tobia
[2016.03.31-14.10.11:791][  0]LogInit: CPU Page size=4096, Cores=4
[2016.03.31-14.10.11:791][  0]LogInit: High frequency timer resolution =2.531247 MHz
[2016.03.31-14.10.11:791][  0]LogMemory: Memory total: Physical=15.9GB (16GB approx)
[2016.03.31-14.10.11:791][  0]LogMemory: Platform Memory Stats for Windows
[2016.03.31-14.10.11:791][  0]LogMemory: Process Physical Memory: 56.38 MB used, 56.38 MB peak
[2016.03.31-14.10.11:791][  0]LogMemory: Process Virtual Memory: 58.87 MB used, 58.87 MB peak
[2016.03.31-14.10.11:791][  0]LogMemory: Physical Memory: 3534.25 MB used, 16294.66 MB total
[2016.03.31-14.10.11:791][  0]LogMemory: Virtual Memory: 384.81 MB used, 134217728.00 MB total
[2016.03.31-14.10.12:140][  0]LogTextLocalizationManager: No translations for ('sv-SE') exist, falling back to 'en' for localization and internationalization data.
[2016.03.31-14.10.12:911][  0]LogD3D11RHI: Found D3D11 adapter 0: NVIDIA GeForce GTX 970M           (Feature Level 11_0)
[2016.03.31-14.10.12:911][  0]LogD3D11RHI: Adapter has 2991MB of dedicated video memory, 0MB of dedicated system memory, and 8147MB of shared system memory, 1 output[s]
[2016.03.31-14.10.12:917][  0]LogD3D11RHI: Found D3D11 adapter 1: Intel(R) HD Graphics 530 (Feature Level 11_0)
[2016.03.31-14.10.12:917][  0]LogD3D11RHI: Adapter has 128MB of dedicated video memory, 0MB of dedicated system memory, and 8147MB of shared system memory, 0 output[s]
[2016.03.31-14.10.12:918][  0]LogD3D11RHI: Found D3D11 adapter 2: Microsoft Basic Render Driver (Feature Level 11_0)
[2016.03.31-14.10.12:918][  0]LogD3D11RHI: Adapter has 0MB of dedicated video memory, 0MB of dedicated system memory, and 8147MB of shared system memory, 0 output[s]
[2016.03.31-14.10.12:918][  0]LogD3D11RHI: Chosen D3D11 Adapter Id = 0
[2016.03.31-14.10.12:923][  0]LogD3D11RHI: !Direct3DDevice
[2016.03.31-14.10.12:923][  0]LogRHI: Texture pool is 1361 MB (70% of 1945 MB)
[2016.03.31-14.10.12:936][  0]LogD3D11RHI: Async texture creation enabled
[2016.03.31-14.10.12:951][  0]LogShaderCompilers: Guid format shader working directory is 15 characters bigger than the processId version (../../../../../../TreeEvolution/Intermediate/Shaders/WorkingDirectory/7444/).
[2016.03.31-14.10.12:951][  0]LogShaderCompilers: Cleaned the shader compiler working directory 'C:/Users/tobia/AppData/Local/Temp/UnrealShaderWorkingDir/5EE074624A6AC17D3CD09A8E7F9B413E/'.
[2016.03.31-14.10.12:951][  0]LogShaderCompilers:Display: Using Local Shader Compiler.
[2016.03.31-14.10.13:777][  0]LogTemp:Display: Loaded TP AllDesktopTargetPlatform
[2016.03.31-14.10.13:784][  0]LogTemp:Display: Loaded TP WindowsClientTargetPlatform
[2016.03.31-14.10.13:790][  0]LogTemp:Display: Loaded TP WindowsNoEditorTargetPlatform
[2016.03.31-14.10.13:796][  0]LogTemp:Display: Loaded TP WindowsServerTargetPlatform
[2016.03.31-14.10.13:799][  0]LogTemp:Display: Loaded TP WindowsTargetPlatform
[2016.03.31-14.10.13:802][  0]LogTemp:Display: Loaded TP AndroidTargetPlatform
[2016.03.31-14.10.13:804][  0]LogTemp:Display: Loaded TP Android_ASTCTargetPlatform
[2016.03.31-14.10.13:806][  0]LogTemp:Display: Loaded TP Android_ATCTargetPlatform
[2016.03.31-14.10.13:808][  0]LogTemp:Display: Loaded TP Android_DXTTargetPlatform
[2016.03.31-14.10.13:811][  0]LogTemp:Display: Loaded TP Android_ETC1TargetPlatform
[2016.03.31-14.10.13:813][  0]LogTemp:Display: Loaded TP Android_ETC2TargetPlatform
[2016.03.31-14.10.13:818][  0]LogTemp:Display: Loaded TP Android_MultiTargetPlatform
[2016.03.31-14.10.13:818][  0]LogTemp:Display: Loaded TP Android_PVRTCTargetPlatform
[2016.03.31-14.10.13:818][  0]LogTemp:Display: Loaded TP HTML5TargetPlatform
[2016.03.31-14.10.13:834][  0]LogTemp:Display: Loaded TP IOSTargetPlatform
[2016.03.31-14.10.13:836][  0]LogTemp:Display: Loaded TP LinuxNoEditorTargetPlatform
[2016.03.31-14.10.13:839][  0]LogTemp:Display: Loaded TP LinuxServerTargetPlatform
[2016.03.31-14.10.13:841][  0]LogTemp:Display: Loaded TP LinuxTargetPlatform
[2016.03.31-14.10.13:841][  0]LogTargetPlatformManager:Display: Building Assets For Windows
[2016.03.31-14.10.13:911][  0]LogDerivedDataCache:Display: Max Cache Size: 512 MB
[2016.03.31-14.10.13:954][  0]LogDerivedDataCache: Loaded boot cache 0.04s 41MB C:/Users/tobia/AppData/Local/UnrealEngine/4.10/DerivedDataCache/Boot.ddc.
[2016.03.31-14.10.13:954][  0]LogDerivedDataCache:Display: Loaded Boot cache: C:/Users/tobia/AppData/Local/UnrealEngine/4.10/DerivedDataCache/Boot.ddc
[2016.03.31-14.10.13:954][  0]LogDerivedDataCache: FDerivedDataBackendGraph:  Pak pak cache file ../../../../../../TreeEvolution/DerivedDataCache/DDC.ddp not found, will not use a pak cache.
[2016.03.31-14.10.13:954][  0]LogDerivedDataCache: Unable to find inner node Pak for hierarchical cache Hierarchy.
[2016.03.31-14.10.13:955][  0]LogDerivedDataCache: FDerivedDataBackendGraph:  CompressedPak pak cache file ../../../../../../TreeEvolution/DerivedDataCache/Compressed.ddp not found, will not use a pak cache.
[2016.03.31-14.10.13:955][  0]LogDerivedDataCache: Unable to find inner node CompressedPak for hierarchical cache Hierarchy.
[2016.03.31-14.10.14:010][  0]LogDerivedDataCache:Display: Pak cache opened for reading ../../../Engine/DerivedDataCache/Compressed.ddp.
[2016.03.31-14.10.14:022][  0]LogDerivedDataCache: Using Local data cache path C:/Users/tobia/AppData/Local/UnrealEngine/Common/DerivedDataCache: Writable
[2016.03.31-14.10.14:204][  0]LogInit: Selected Device Profile: [Windows]
[2016.03.31-14.10.14:206][  0]LogContentStreaming: Texture pool size is 0.000000MB
[2016.03.31-14.10.14:312][  0]LogMeshUtilities: No automatic mesh reduction module available
[2016.03.31-14.10.14:312][  0]LogMeshUtilities: No automatic mesh merging module available
[2016.03.31-14.10.14:549][  0]LogInit: WinSock: version 1.1 (2.2), MaxSocks=32767, MaxUdp=65467
[2016.03.31-14.10.15:309][  0]UdpMessaging: Initializing bridge on interface 0.0.0.0:0 to multicast group 230.0.0.1:6666.
[2016.03.31-14.10.15:412][  0]LogAssetRegistry: FAssetRegistry took 0.0113 seconds to start up
[2016.03.31-14.10.15:583][  0]SourceControl: Info Source control is disabled
[2016.03.31-14.10.15:584][  0]SourceControl: Info Source control is disabled
[2016.03.31-14.10.15:595][  0]SourceControl: Info Source control is disabled
[2016.03.31-14.10.15:602][  0]SourceControl: Info Source control is disabled
[2016.03.31-14.10.15:776][  0]LogObj: 28637 objects as part of root set at end of initial load.
[2016.03.31-14.10.15:776][  0]LogUObjectAllocator: 6101776 out of 0 bytes used by permanent object pool.
[2016.03.31-14.10.15:835][  0]LogEngine: Initializing Engine...
[2016.03.31-14.10.15:838][  0]LogHMD: Can't find Oculus library dev build: is proper Runtime installed? Version: 0.8.0.0
[2016.03.31-14.10.15:839][  0]LogHMD: SteamVR failed to initialize.  Err: 110
[2016.03.31-14.10.15:985][  0]LogAIModule: Creating AISystem for world NewWorld
[2016.03.31-14.10.15:990][  0]LogInit: XAudio2 using 'Speakers (Realtek High Definition Audio)' : 2 channels at 48 kHz using 32 bits per sample (channel mask 0x3)
[2016.03.31-14.10.16:355][  0]LogInit: FAudioDevice initialized.
[2016.03.31-14.10.16:376][  0]LogDerivedDataCache: Saved boot cache 0.02s 41MB C:/Users/tobia/AppData/Local/UnrealEngine/4.10/DerivedDataCache/Boot.ddc.
[2016.03.31-14.10.16:381][  0]LogInit: Texture streaming: Enabled
[2016.03.31-14.10.16:385][  0]LogAnalytics: Creating configured Analytics provider AnalyticsET
[2016.03.31-14.10.16:385][  0]LogAnalytics: [UEEditor.Rocket.Release] APIServer = http://et2.epicgames.com/ET2/. AppVersion = 4.10.4-2872498+++depot+UE4-Releases+4.10
[2016.03.31-14.10.16:385][  0]LogAnalytics: [UEEditor.Rocket.Release] SetUserId 3750e6d1405e52e99c08f9974cd5569f|471a4cb9a5c14167995f8bc8b175918a|446fe6e5-1b13-4339-81c8-b1f6f83a87c4
[2016.03.31-14.10.16:385][  0]LogAnalytics: [UEEditor.Rocket.Release] AnalyticsET::StartSession
[2016.03.31-14.10.16:416][  0]LogInit: Transaction tracking system initialized
[2016.03.31-14.10.16:450][  0]BlueprintLog: New page: Editor Load
[2016.03.31-14.10.16:671][  0]LocalizationService: Info Localization service is disabled
[2016.03.31-14.10.16:746][  0]LogConsoleResponse:Display: 
[2016.03.31-14.10.16:861][  0]LogCook:Display: Done creating registry. It took  0.00s.
[2016.03.31-14.10.16:914][  0]LogFileCache: Scanning file cache for directory 'D:/TreeEvolution/Content/' took 0.01s
[2016.03.31-14.10.16:914][  0]SourceControl: Info Source control is disabled
[2016.03.31-14.10.16:914][  0]Cmd: MAP LOAD FILE="../../../../../../TreeEvolution/Content/StarterContent/Maps/Minimal_Default.umap" TEMPLATE=0 SHOWPROGRESS=1 FEATURELEVEL=3
[2016.03.31-14.10.16:915][  0]LightingResults: New page: Lighting Build
[2016.03.31-14.10.16:918][  0]MapCheck: New page: Map Check
[2016.03.31-14.10.16:918][  0]LightingResults: New page: Lighting Build
[2016.03.31-14.10.16:930][  0]LogParticles: Destroying 0 GPU particle simulations for FXSystem 0x00000265BE972AC0
[2016.03.31-14.10.17:378][  0]LogAIModule: Creating AISystem for world Minimal_Default
[2016.03.31-14.10.17:385][  0]LogEditorServer: Finished looking for orphan Actors (0.000 secs)
[2016.03.31-14.10.17:386][  0]Cmd: MAP CHECKDEP NOCLEARLOG
[2016.03.31-14.10.17:437][  0]MapCheck: Info Map check complete: 0 Error(s), 0 Warning(s), took 51.035ms to complete.
[2016.03.31-14.10.17:438][  0]LogFileHelpers: Loading map 'Minimal_Default' took 0.523
[2016.03.31-14.10.17:546][  0]LogCollectionManager: Loaded 0 collections in 0.002008 seconds
[2016.03.31-14.10.17:584][  0]LogFileCache: Scanning file cache for directory 'D:/TreeEvolution/Saved/Collections/' took 0.01s
[2016.03.31-14.10.17:584][  0]LogFileCache: Scanning file cache for directory 'D:/TreeEvolution/Content/Developers/tobia/Collections/' took 0.01s
[2016.03.31-14.10.17:584][  0]LogFileCache: Scanning file cache for directory 'D:/TreeEvolution/Content/Collections/' took 0.01s
[2016.03.31-14.10.17:584][  0]LogCollectionManager: Rebuilt the GUID cache for 0 collections in 0.000002 seconds
[2016.03.31-14.10.17:596][  0]LogContentBrowser: Native class hierarchy populated in 0.0111 seconds. Added 1894 classes and 340 folders.
[2016.03.31-14.10.17:601][  0]LogContentBrowser: Native class hierarchy updated for 'WidgetCarousel' in 0.0012 seconds. Added 0 classes and 0 folders.
[2016.03.31-14.10.17:647][  0]LogContentBrowser: Native class hierarchy updated for 'AddContentDialog' in 0.0013 seconds. Added 0 classes and 0 folders.
[2016.03.31-14.10.17:652][  0]LogContentBrowser: Native class hierarchy updated for 'SceneOutliner' in 0.0014 seconds. Added 1 classes and 2 folders.
[2016.03.31-14.10.17:722][  0]LogCrashTracker: Crashtracker disabled due to settings.
[2016.03.31-14.10.17:727][  0]LogUObjectGlobals:Warning: Failed to find object 'Class None.'
[2016.03.31-14.10.17:750][  0]LogLoad: Full Startup: 6.53 seconds (BP compile: 0.05 seconds)
[2016.03.31-14.10.17:771][  0]LogOcInput: Can't find Oculus library dev build: is proper Runtime installed? Version: 0.8.0.0
[2016.03.31-14.10.17:875][  0]LogContentStreaming: Texture pool size now 1000 MB
[2016.03.31-14.10.18:092][  1]LogRenderer: Reallocating scene render targets to support 752x396 (Frame:2).
[2016.03.31-14.10.18:325][  3]LogAssetRegistry: Asset discovery search completed in 2.9248 seconds
[2016.03.31-14.10.18:326][  3]LogCollectionManager: Rebuilt the object cache for 0 collections in 0.000000 seconds (found 0 objects)
[2016.03.31-14.10.18:326][  3]LogCollectionManager: Fixed up redirectors for 0 collections in 0.000018 seconds (updated 0 objects)
[2016.03.31-14.10.21:897][126]LogRenderer: Reallocating scene render targets to support 884x452 (Frame:127).
[2016.03.31-14.10.53:593][990]Running D:/Program Files (x86)/Epic Games/4.10/Engine/Binaries/DotNET/UnrealBuildTool.exe  -projectfiles -project="D:/TreeEvolution/TreeEvolution.uproject" -game -rocket -progress -2015
[2016.03.31-14.10.53:896][990]Discovering modules, targets and source code for game...
[2016.03.31-14.10.58:623][990]LogVSAccessor:Warning: Couldn't access Visual Studio
[2016.03.31-14.10.58:691][990]Recompiling TreeEvolution...
[2016.03.31-14.10.58:692][990]Launching UnrealBuildTool... [D:/Program Files (x86)/Epic Games/4.10/Engine/Binaries/DotNET/UnrealBuildTool.exe TreeEvolution -ModuleWithSuffix TreeEvolution 4779 Win64 Development -editorrecompile -canskiplink "D:/TreeEvolution/TreeEvolution.uproject" -rocket  -rocket -2015]
[2016.03.31-14.11.12:200][990]CompilerResultsLog: New page: Compilation - Mar 31, 2016, 4:11:12 PM
[2016.03.31-14.11.12:221][990]CompilerResultsLog: Info Performing full C++ include scan (hot reloading a new target)
[2016.03.31-14.11.12:221][990]CompilerResultsLog: Info Creating makefile for hot reloading TreeEvolution (no existing makefile)
[2016.03.31-14.11.12:221][990]CompilerResultsLog: Info Compiling game modules for hot reload
[2016.03.31-14.11.12:221][990]CompilerResultsLog: Info Parsing headers for TreeEvolutionEditor
[2016.03.31-14.11.12:221][990]CompilerResultsLog: Info   Running UnrealHeaderTool "D:/TreeEvolution/TreeEvolution.uproject" "D:\TreeEvolution\Intermediate\Build\Win64\TreeEvolutionEditor\Development\UnrealHeaderTool.manifest" -LogCmds="loginit warning, logexit warning, logdatabase error" -rocket -installed
[2016.03.31-14.11.12:221][990]CompilerResultsLog: Info Reflection code generated for TreeEvolutionEditor in 6,5749016 seconds
[2016.03.31-14.11.12:221][990]CompilerResultsLog: Info Performing 3 actions (4 in parallel)
[2016.03.31-14.11.12:221][990]CompilerResultsLog: Info TreeEvolution.generated.cpp
[2016.03.31-14.11.12:221][990]CompilerResultsLog: Info Tree.cpp
[2016.03.31-14.11.12:221][990]CompilerResultsLog: Info [3/3] Link UE4Editor-TreeEvolution-4779.dll
[2016.03.31-14.11.12:221][990]CompilerResultsLog: Info    Creating library D:\TreeEvolution\Intermediate/Build/Win64\UE4Editor\Development\UE4Editor-TreeEvolution-4779.lib and object D:\TreeEvolution\Intermediate/Build/Win64\UE4Editor\Development\UE4Editor-TreeEvolution-4779.exp
[2016.03.31-14.11.12:221][990]CompilerResultsLog: Info -------- End Detailed Actions Stats -----------------------------------------------------------
[2016.03.31-14.11.12:221][990]CompilerResultsLog: Info Total build time: 13,44 seconds
[2016.03.31-14.11.12:231][990]LogMainFrame: MainFrame: Module compiling took 13.608 seconds
[2016.03.31-14.11.12:263][990]LogClass: Could not find existing class Tree in package /Script/TreeEvolution for HotReload, assuming new class
[2016.03.31-14.11.12:288][990]LogContentBrowser: Native class hierarchy updated for 'TreeEvolution' in 0.0013 seconds. Added 2 classes and 2 folders.
[2016.03.31-14.11.12:290][990]Warning: HotReload successful (0 functions remapped  0 scriptstructs remapped)
[2016.03.31-14.11.12:439][990]LogContentBrowser: Native class hierarchy populated in 0.0097 seconds. Added 1896 classes and 342 folders.
[2016.03.31-14.11.12:473][990]Warning: HotReload operation took 13.9s.
[2016.03.31-14.11.12:514][990]LogHotReload: New module detected: UE4Editor-TreeEvolution-4779.dll
[2016.03.31-14.11.12:575][991]LogHotReload: Starting Hot-Reload from IDE
[2016.03.31-14.11.12:758][991]LogContentBrowser: Native class hierarchy updated for 'TreeEvolution' in 0.0009 seconds. Added 2 classes and 2 folders.
[2016.03.31-14.11.12:759][991]Warning: HotReload successful (0 functions remapped  0 scriptstructs remapped)
[2016.03.31-14.11.12:775][991]LogContentBrowser: Native class hierarchy populated in 0.0131 seconds. Added 1896 classes and 342 folders.
[2016.03.31-14.11.16:433][996]LogVSAccessor:Warning: Couldn't goto line number '0' in 'D:/TreeEvolution/Source/TreeEvolution/Tree.h'
[2016.03.31-14.11.16:537][996]LogVSAccessor:Warning: Couldn't goto line number '0' in 'D:/TreeEvolution/Source/TreeEvolution/Tree.cpp'
[2016.03.31-14.12.00:979][375]LogEditorViewport: Clicking on Actor (LMB): BP_Sky_Sphere_C (BP_Sky_Sphere)
[2016.03.31-14.12.03:520][501]LogEditorViewport: Clicking on Actor (LMB): BP_Sky_Sphere_C (BP_Sky_Sphere)
[2016.03.31-14.12.13:524][ 98]LogEditorViewport: Clicking on Actor (LMB): StaticMeshActor (Table)
[2016.03.31-14.12.14:672][148]Cmd: DELETE
[2016.03.31-14.12.14:672][148]Cmd: ACTOR DELETE
[2016.03.31-14.12.14:785][148]LogEditorActor: Deleted Actor: StaticMeshActor
[2016.03.31-14.12.14:875][148]LogEditorActor: Deleted 1 Actors (0.094 secs)
[2016.03.31-14.12.16:042][216]LogEditorViewport: Clicking on Actor (LMB): StaticMeshActor (Chair)
[2016.03.31-14.12.16:729][256]Cmd: DELETE
[2016.03.31-14.12.16:729][256]Cmd: ACTOR DELETE
[2016.03.31-14.12.16:729][256]LogEditorActor: Deleted Actor: StaticMeshActor
[2016.03.31-14.12.16:745][256]LogEditorActor: Deleted 1 Actors (0.016 secs)
[2016.03.31-14.12.20:384][475]LogEditorViewport: Clicking on Actor (LMB): StaticMeshActor (Chair)
[2016.03.31-14.12.21:139][519]Cmd: DELETE
[2016.03.31-14.12.21:139][519]Cmd: ACTOR DELETE
[2016.03.31-14.12.21:139][519]LogEditorActor: Deleted Actor: StaticMeshActor
[2016.03.31-14.12.21:153][519]LogEditorActor: Deleted 1 Actors (0.014 secs)
[2016.03.31-14.12.22:309][589]LogEditorViewport: Clicking on Actor (LMB): SphereReflectionCapture (SphereReflectionCapture)
[2016.03.31-14.12.24:287][706]Cmd: DELETE
[2016.03.31-14.12.24:287][706]Cmd: ACTOR DELETE
[2016.03.31-14.12.24:288][706]LogEditorActor: Deleted Actor: SphereReflectionCapture
[2016.03.31-14.12.24:304][706]LogEditorActor: Deleted 1 Actors (0.017 secs)
[2016.03.31-14.12.27:843][919]LogEditorViewport: Clicking on Actor (LMB): StaticMeshActor (Statue)
[2016.03.31-14.12.29:134][995]Cmd: DELETE
[2016.03.31-14.12.29:134][995]Cmd: ACTOR DELETE
[2016.03.31-14.12.29:134][995]LogEditorActor: Deleted Actor: StaticMeshActor
[2016.03.31-14.12.29:151][995]LogEditorActor: Deleted 1 Actors (0.016 secs)
[2016.03.31-14.15.17:604][533]Running D:/Program Files (x86)/Epic Games/4.10/Engine/Binaries/DotNET/UnrealBuildTool.exe TreeEvolution Win64 Development -editorrecompile "D:/TreeEvolution/TreeEvolution.uproject" -invalidatemakefilesonly -rocket -2015
[2016.03.31-14.15.17:907][533]Invalidating makefiles only in this run.
[2016.03.31-14.15.18:031][533]Recompiling TreeEvolution...
[2016.03.31-14.15.18:031][533]Launching UnrealBuildTool... [D:/Program Files (x86)/Epic Games/4.10/Engine/Binaries/DotNET/UnrealBuildTool.exe TreeEvolution -ModuleWithSuffix TreeEvolution 109 Win64 Development -editorrecompile -canskiplink "D:/TreeEvolution/TreeEvolution.uproject" -rocket  -rocket -2015]
[2016.03.31-14.15.21:332][533]CompilerResultsLog: New page: Compilation - Mar 31, 2016, 5:15:21 PM
[2016.03.31-14.15.21:332][533]CompilerResultsLog: Info Creating makefile for hot reloading TreeEvolution (no existing makefile)
[2016.03.31-14.15.21:332][533]CompilerResultsLog: Info Compiling game modules for hot reload
[2016.03.31-14.15.21:332][533]CompilerResultsLog: Info ERROR: The first include statement in source file 'D:\TreeEvolution\Source\TreeEvolution\Tree.cpp' is trying to include the file 'evoltree.h' as the precompiled header, but that file could not be located in any of the module's include search paths.
[2016.03.31-14.15.21:332][533]LogMainFrame: MainFrame: Module compiling took 3.309 seconds
[2016.03.31-14.15.21:332][533]Warning: HotReload failed, recompile failed
[2016.03.31-14.15.21:340][533]Warning: RebindPackages failed because the compiler could not be started.
[2016.03.31-14.17.51:297][ 49]Running D:/Program Files (x86)/Epic Games/4.10/Engine/Binaries/DotNET/UnrealBuildTool.exe TreeEvolution Win64 Development -editorrecompile "D:/TreeEvolution/TreeEvolution.uproject" -invalidatemakefilesonly -rocket -2015
[2016.03.31-14.17.51:600][ 49]Invalidating makefiles only in this run.
[2016.03.31-14.17.51:730][ 49]Recompiling TreeEvolution...
[2016.03.31-14.17.51:730][ 49]Launching UnrealBuildTool... [D:/Program Files (x86)/Epic Games/4.10/Engine/Binaries/DotNET/UnrealBuildTool.exe TreeEvolution -ModuleWithSuffix TreeEvolution 4562 Win64 Development -editorrecompile -canskiplink "D:/TreeEvolution/TreeEvolution.uproject" -rocket  -rocket -2015]
[2016.03.31-14.17.54:966][ 49]CompilerResultsLog: New page: Compilation - Mar 31, 2016, 5:17:54 PM
[2016.03.31-14.17.54:966][ 49]CompilerResultsLog: Info Creating makefile for hot reloading TreeEvolution (no existing makefile)
[2016.03.31-14.17.54:966][ 49]CompilerResultsLog: Info Compiling game modules for hot reload
[2016.03.31-14.17.54:966][ 49]CompilerResultsLog: Info ERROR: The first include statement in source file 'D:\TreeEvolution\Source\TreeEvolution\Branch.cpp' is trying to include the file 'evoltree.h' as the precompiled header, but that file could not be located in any of the module's include search paths.
[2016.03.31-14.17.54:966][ 49]LogMainFrame: MainFrame: Module compiling took 3.247 seconds
[2016.03.31-14.17.54:966][ 49]Warning: HotReload failed, recompile failed
[2016.03.31-14.17.54:968][ 49]Warning: RebindPackages failed because the compiler could not be started.
[2016.03.31-14.20.39:477][205]LogSavePackage: Save=222.813889ms
[2016.03.31-14.20.39:477][205]LogSavePackage: Moving '../../../../../../TreeEvolution/Saved/Minimal_Default_Auto1C61904E74C3B8DECDA1DB982C838A0DA.tmp' to '../../../../../../TreeEvolution/Saved/Autosaves/Game/StarterContent/Maps/Minimal_Default_Auto1.umap'
[2016.03.31-14.20.39:477][205]LogSavePackage: Total save time: 236.955542ms
[2016.03.31-14.20.39:477][205]LogSavePackage:Display: Finished SavePackage ../../../../../../TreeEvolution/Saved/Autosaves/Game/StarterContent/Maps/Minimal_Default_Auto1.umap
[2016.03.31-14.20.39:490][205]LogFileHelpers: Editor autosave (incl. sublevels) for '/Game/StarterContent/Maps/Minimal_Default' took 0.269
[2016.03.31-14.20.39:490][205]LogFileHelpers: Editor autosave (incl. sublevels) for all levels took 0.269
[2016.03.31-14.21.07:813][502]Recompiling TreeEvolution...
[2016.03.31-14.21.07:813][502]Launching UnrealBuildTool... [D:/Program Files (x86)/Epic Games/4.10/Engine/Binaries/DotNET/UnrealBuildTool.exe TreeEvolution -ModuleWithSuffix TreeEvolution 5507 Win64 Development -editorrecompile -canskiplink "D:/TreeEvolution/TreeEvolution.uproject" -rocket  -rocket -2015]
[2016.03.31-14.21.07:815][502]Warning: Starting HotReload took  0.0s.
[2016.03.31-14.21.14:506][149]CompilerResultsLog: New page: Compilation - Mar 31, 2016, 5:21:14 PM
[2016.03.31-14.21.14:527][149]CompilerResultsLog: Info Creating makefile for hot reloading TreeEvolution (modules to compile have changed)
[2016.03.31-14.21.14:528][149]CompilerResultsLog: Info Compiling game modules for hot reload
[2016.03.31-14.21.14:528][149]CompilerResultsLog: Info Performing 5 actions (4 in parallel)
[2016.03.31-14.21.14:528][149]CompilerResultsLog: Info Leaf.cpp
[2016.03.31-14.21.14:528][149]CompilerResultsLog: Info Branch.cpp
[2016.03.31-14.21.14:528][149]CompilerResultsLog: Info Tree.cpp
[2016.03.31-14.21.14:528][149]CompilerResultsLog: Info TreeEvolution.generated.cpp
[2016.03.31-14.21.14:528][149]CompilerResultsLog:Error: Error d:\treeevolution\source\treeevolution\Leaf.h(9) : error C2079: 'ALeaf' uses undefined class 'EVOLTREE_API'
[2016.03.31-14.21.14:528][149]CompilerResultsLog:Error: Error d:\treeevolution\source\treeevolution\Leaf.h(9) : error C2143: syntax error: missing ';' before ':'
[2016.03.31-14.21.14:528][149]CompilerResultsLog:Error: Error d:\treeevolution\source\treeevolution\Leaf.h(9) : error C2059: syntax error: ':'
[2016.03.31-14.21.14:528][149]CompilerResultsLog:Error: Error d:\treeevolution\source\treeevolution\Leaf.h(9) : error C2059: syntax error: 'public'
[2016.03.31-14.21.14:528][149]CompilerResultsLog:Error: Error d:\treeevolution\source\treeevolution\Leaf.h(10) : error C2143: syntax error: missing ';' before '{'
[2016.03.31-14.21.14:528][149]CompilerResultsLog:Error: Error d:\treeevolution\source\treeevolution\Leaf.h(10) : error C2447: '{': missing function header (old-style formal list?)
[2016.03.31-14.21.14:528][149]CompilerResultsLog:Error: Error d:\treeevolution\source\treeevolution\Leaf.h(9) : error C2079: 'ALeaf' uses undefined class 'EVOLTREE_API'
[2016.03.31-14.21.14:528][149]CompilerResultsLog:Error: Error d:\treeevolution\source\treeevolution\Leaf.h(9) : error C2143: syntax error: missing ';' before ':'
[2016.03.31-14.21.14:528][149]CompilerResultsLog:Error: Error d:\treeevolution\source\treeevolution\Leaf.h(9) : error C2059: syntax error: ':'
[2016.03.31-14.21.14:528][149]CompilerResultsLog:Error: Error D:\TreeEvolution\Source\TreeEvolution\Leaf.cpp(8) : error C2825: 'ALeaf': must be a class or namespace when followed by '::'d:\treeevolution\source\treeevolution\Leaf.h(9): error C2059: syntax error: 'public'
[2016.03.31-14.21.14:528][149]CompilerResultsLog: Info 
[2016.03.31-14.21.14:528][149]CompilerResultsLog:Error: Error d:\treeevolution\source\treeevolution\Leaf.h(10) : error C2143: syntax error: missing ';' before '{'
[2016.03.31-14.21.14:528][149]CompilerResultsLog:Error: Error D:\TreeEvolution\Source\TreeEvolution\Leaf.cpp(8) : error C2510: 'ALeaf': left of '::' must be a class/struct/uniond:\treeevolution\source\treeevolution\Leaf.h(10): error C2447: '{': missing function header (old-style formal list?)
[2016.03.31-14.21.14:528][149]CompilerResultsLog: Info 
[2016.03.31-14.21.14:528][149]CompilerResultsLog:Error: Error D:\TreeEvolution\Source\TreeEvolution\Leaf.cpp(9) : error C4430: missing type specifier - int assumed. Note: C++ does not support default-int
[2016.03.31-14.21.14:528][149]CompilerResultsLog:Error: Error D:\TreeEvolution\Source\TreeEvolution\Leaf.cpp(9) : error C2365: 'ALeaf': redefinition; previous definition was 'data variable'
[2016.03.31-14.21.14:528][149]CompilerResultsLog:Error: Error d:\treeevolution\source\treeevolution\Leaf.h(9) : note: see declaration of 'ALeaf'
[2016.03.31-14.21.14:528][149]CompilerResultsLog:Error: Error D:\TreeEvolution\Source\TreeEvolution\Leaf.cpp(12) : error C2065: 'Leaf_BP': undeclared identifier
[2016.03.31-14.21.14:528][149]CompilerResultsLog:Error: Error D:\TreeEvolution\Source\TreeEvolution\Leaf.cpp(15) : error C2065: 'PrimaryActorTick': undeclared identifier
[2016.03.31-14.21.14:528][149]CompilerResultsLog:Error: Error D:\TreeEvolution\Source\TreeEvolution\Leaf.cpp(15) : error C2228: left of '.bCanEverTick' must have class/struct/union
[2016.03.31-14.21.14:528][149]CompilerResultsLog:Error: Error D:\TreeEvolution\Source\TreeEvolution\Leaf.cpp(15) : note: type is 'unknown-type'
[2016.03.31-14.21.14:528][149]CompilerResultsLog:Error: Error D:\TreeEvolution\Source\TreeEvolution\Leaf.cpp(22) : error C2825: 'ALeaf': must be a class or namespace when followed by '::'
[2016.03.31-14.21.14:528][149]CompilerResultsLog:Error: Error D:\TreeEvolution\Source\TreeEvolution\Leaf.cpp(22) : error C2510: 'ALeaf': left of '::' must be a class/struct/union
[2016.03.31-14.21.14:528][149]CompilerResultsLog:Error: Error D:\TreeEvolution\Source\TreeEvolution\Leaf.cpp(24) : error C2653: 'Super': is not a class or namespace name
[2016.03.31-14.21.14:528][149]CompilerResultsLog:Error: Error D:\TreeEvolution\Source\TreeEvolution\Leaf.cpp(29) : error C2825: 'ALeaf': must be a class or namespace when followed by '::'
[2016.03.31-14.21.14:528][149]CompilerResultsLog:Error: Error D:\TreeEvolution\Source\TreeEvolution\Leaf.cpp(29) : error C2510: 'ALeaf': left of '::' must be a class/struct/union
[2016.03.31-14.21.14:528][149]CompilerResultsLog:Error: Error D:\TreeEvolution\Source\TreeEvolution\Leaf.cpp(31) : error C2653: 'Super': is not a class or namespace name
[2016.03.31-14.21.14:528][149]CompilerResultsLog:Error: Error D:\TreeEvolution\Source\TreeEvolution\Leaf.cpp(35) : error C2143: syntax error: missing ';' before '*'
[2016.03.31-14.21.14:528][149]CompilerResultsLog:Error: Error D:\TreeEvolution\Source\TreeEvolution\Leaf.cpp(35) : error C4430: missing type specifier - int assumed. Note: C++ does not support default-int
[2016.03.31-14.21.14:528][149]CompilerResultsLog:Error: Error D:\TreeEvolution\Source\TreeEvolution\Leaf.cpp(35) : error C2086: 'int ALeaf': redefinition
[2016.03.31-14.21.14:528][149]CompilerResultsLog:Error: Error d:\treeevolution\source\treeevolution\Leaf.h(9) : note: see declaration of 'ALeaf'
[2016.03.31-14.21.14:528][149]CompilerResultsLog:Error: Error D:\TreeEvolution\Source\TreeEvolution\Leaf.cpp(35) : error C2825: 'ALeaf': must be a class or namespace when followed by '::'
[2016.03.31-14.21.14:528][149]CompilerResultsLog:Error: Error D:\TreeEvolution\Source\TreeEvolution\Leaf.cpp(35) : error C2510: 'ALeaf': left of '::' must be a class/struct/union
[2016.03.31-14.21.14:528][149]CompilerResultsLog:Error: Error D:\TreeEvolution\Source\TreeEvolution\Leaf.cpp(35) : error C2059: syntax error: '{'
[2016.03.31-14.21.14:528][149]CompilerResultsLog:Error: Error D:\TreeEvolution\Source\TreeEvolution\Leaf.cpp(35) : error C2143: syntax error: missing ';' before '{'
[2016.03.31-14.21.14:528][149]CompilerResultsLog:Error: Error D:\TreeEvolution\Source\TreeEvolution\Leaf.cpp(35) : error C2447: '{': missing function header (old-style formal list?)
[2016.03.31-14.21.14:528][149]CompilerResultsLog:Error: Error d:\treeevolution\source\treeevolution\Leaf.h(9) : error C2079: 'ALeaf' uses undefined class 'EVOLTREE_API'
[2016.03.31-14.21.14:528][149]CompilerResultsLog:Error: Error d:\treeevolution\source\treeevolution\Leaf.h(9) : error C2143: syntax error: missing ';' before ':'
[2016.03.31-14.21.14:528][149]CompilerResultsLog:Error: Error d:\treeevolution\source\treeevolution\Branch.h(6) : fatal error C1083: Cannot open include file: 'Instancer.h': No such file or directoryD:\TreeEvolution\Source\TreeEvolution\Leaf.h(9): error C2079: 'ALeaf' uses undefined class 'EVOLTREE_API'
[2016.03.31-14.21.14:528][149]CompilerResultsLog: Info 
[2016.03.31-14.21.14:528][149]CompilerResultsLog:Error: Error d:\treeevolution\source\treeevolution\Leaf.h(9) : error C2059: syntax error: ':'
[2016.03.31-14.21.14:528][149]CompilerResultsLog:Error: Error D:\TreeEvolution\Source\TreeEvolution\Leaf.h(9) : error C2143: syntax error: missing ';' before ':'d:\treeevolution\source\treeevolution\Leaf.h(9): error C2059: syntax error: 'public'
[2016.03.31-14.21.14:528][149]CompilerResultsLog: Info 
[2016.03.31-14.21.14:528][149]CompilerResultsLog:Error: Error D:\TreeEvolution\Source\TreeEvolution\Leaf.h(9) : error C2059: syntax error: ':'d:\treeevolution\source\treeevolution\Leaf.h(10): error C2143: syntax error: missing ';' before '{'
[2016.03.31-14.21.14:528][149]CompilerResultsLog: Info 
[2016.03.31-14.21.14:528][149]CompilerResultsLog:Error: Error d:\treeevolution\source\treeevolution\Leaf.h(10) : error C2447: '{': missing function header (old-style formal list?)
[2016.03.31-14.21.14:528][149]CompilerResultsLog:Error: Error D:\TreeEvolution\Source\TreeEvolution\Leaf.h(9) : error C2059: syntax error: 'public'
[2016.03.31-14.21.14:528][149]CompilerResultsLog:Error: Error D:\TreeEvolution\Source\TreeEvolution\Leaf.h(10) : error C2143: syntax error: missing ';' before '{'
[2016.03.31-14.21.14:528][149]CompilerResultsLog:Error: Error D:\TreeEvolution\Source\TreeEvolution\Leaf.h(10) : error C2447: '{': missing function header (old-style formal list?)
[2016.03.31-14.21.14:528][149]CompilerResultsLog:Error: Error D:\TreeEvolution\Source\TreeEvolution\Branch.h(6) : fatal error C1083: Cannot open include file: 'Instancer.h': No such file or directory
[2016.03.31-14.21.14:528][149]CompilerResultsLog:Error: Error d:\treeevolution\source\treeevolution\Branch.h(6) : fatal error C1083: Cannot open include file: 'Instancer.h': No such file or directory
[2016.03.31-14.21.14:528][149]CompilerResultsLog: Info -------- End Detailed Actions Stats -----------------------------------------------------------
[2016.03.31-14.21.14:528][149]CompilerResultsLog: Info ERROR: UBT ERROR: Failed to produce item: D:\TreeEvolution\Binaries\Win64\UE4Editor-TreeEvolution-5507.dll
[2016.03.31-14.21.14:528][149]CompilerResultsLog: Info Total build time: 6,65 seconds
[2016.03.31-14.21.14:528][149]LogMainFrame: MainFrame: Module compiling took 6.718 seconds
[2016.03.31-14.21.14:528][149]Warning: HotReload failed, recompile failed
[2016.03.31-14.43.35:008][161]LogD3D11RHI: Timed out while waiting for GPU to catch up. (500 ms)
[2016.03.31-14.43.59:958][512]LogSavePackage: Save=81.936691ms
[2016.03.31-14.43.59:958][512]LogSavePackage: Moving '../../../../../../TreeEvolution/Saved/Minimal_DefaultD4ACE5E543CF337A03E286A2F6304171.tmp' to '../../../../../../TreeEvolution/Content/StarterContent/Maps/Minimal_Default.umap'
[2016.03.31-14.43.59:961][512]LogSavePackage: Total save time: 86.702719ms
[2016.03.31-14.43.59:961][512]LogSavePackage:Display: Finished SavePackage ../../../../../../TreeEvolution/Content/StarterContent/Maps/Minimal_Default.umap
[2016.03.31-14.43.59:987][512]LogFileHelpers: Saving map 'Minimal_Default' took 1.259
[2016.03.31-14.44.00:067][512]LogWindowsTextInputMethodSystem:Display: IME system now deactivated.
[2016.03.31-14.44.00:326][513]Cmd: QUIT_EDITOR
[2016.03.31-14.44.00:464][513]LogExit: Preparing to exit.
[2016.03.31-14.44.01:030][513]LogExit: Editor shut down
[2016.03.31-14.44.01:030][513]LogExit: Transaction tracking system shut down
[2016.03.31-14.44.01:031][513]LogParticles: Destroying 0 GPU particle simulations for FXSystem 0x00000265D8D51C60
[2016.03.31-14.44.01:033][513]LogParticles: Destroying 0 GPU particle simulations for FXSystem 0x00000265B19D1940
[2016.03.31-14.44.01:033][513]LogParticles: Destroying 0 GPU particle simulations for FXSystem 0x00000265CC75EA20
[2016.03.31-14.44.01:158][513]LogParticles: Destroying 0 GPU particle simulations for FXSystem 0x00000265D8D52840
[2016.03.31-14.44.01:158][513]LogExit: Object subsystem successfully closed.
[2016.03.31-14.44.01:180][513]LogD3D11RHI: Shutdown
[2016.03.31-14.44.01:180][513]LogD3D11RHI: CleanupD3DDevice
[2016.03.31-14.44.01:254][513]LogD3D11RHI: ~FD3D11DynamicRHI
[2016.03.31-14.44.01:264][513]LogModuleManager: Shutting down and abandoning module CookingStats (200)
[2016.03.31-14.44.01:264][513]LogModuleManager: Shutting down and abandoning module CrashTracker (199)
[2016.03.31-14.44.01:264][513]LogModuleManager: Shutting down and abandoning module SceneOutliner (198)
[2016.03.31-14.44.01:264][513]LogModuleManager: Shutting down and abandoning module SuperSearch (197)
[2016.03.31-14.44.01:264][513]LogModuleManager: Shutting down and abandoning module WidgetCarousel (196)
[2016.03.31-14.44.01:264][513]LogModuleManager: Shutting down and abandoning module AddContentDialog (195)
[2016.03.31-14.44.01:267][513]LogModuleManager: Shutting down and abandoning module EditorWidgets (194)
[2016.03.31-14.44.01:267][513]LogModuleManager: Shutting down and abandoning module CollectionManager (193)
[2016.03.31-14.44.01:267][513]LogModuleManager: Shutting down and abandoning module StatsViewer (192)
[2016.03.31-14.44.01:267][513]LogModuleManager: Shutting down and abandoning module FoliageEdit (191)
[2016.03.31-14.44.01:267][513]LogModuleManager: Shutting down and abandoning module LandscapeEditor (190)
[2016.03.31-14.44.01:267][513]LogModuleManager: Shutting down and abandoning module ActorPickerMode (189)
[2016.03.31-14.44.01:267][513]LogModuleManager: Shutting down and abandoning module GeometryMode (188)
[2016.03.31-14.44.01:267][513]LogModuleManager: Shutting down and abandoning module TextureAlignMode (187)
[2016.03.31-14.44.01:267][513]LogModuleManager: Shutting down and abandoning module BspMode (186)
[2016.03.31-14.44.01:267][513]LogModuleManager: Shutting down and abandoning module PlacementMode (185)
[2016.03.31-14.44.01:267][513]LogModuleManager: Shutting down and abandoning module AutomationWorker (184)
[2016.03.31-14.44.01:267][513]LogModuleManager: Shutting down and abandoning module CharacterAI (183)
[2016.03.31-14.44.01:267][513]LogModuleManager: Shutting down and abandoning module SmartSnapping (182)
[2016.03.31-14.44.01:267][513]LogModuleManager: Shutting down and abandoning module ViewportSnapping (181)
[2016.03.31-14.44.01:267][513]LogModuleManager: Shutting down and abandoning module LogVisualizer (180)
[2016.03.31-14.44.01:267][513]LogModuleManager: Shutting down and abandoning module GameProjectGeneration (179)
[2016.03.31-14.44.01:267][513]LogModuleManager: Shutting down and abandoning module IntroTutorials (178)
[2016.03.31-14.44.01:267][513]LogModuleManager: Shutting down and abandoning module EditorLiveStreaming (177)
[2016.03.31-14.44.01:267][513]LogModuleManager: Shutting down and abandoning module IOSPlatformEditor (176)
[2016.03.31-14.44.01:267][513]LogModuleManager: Shutting down and abandoning module HTML5PlatformEditor (175)
[2016.03.31-14.44.01:267][513]LogModuleManager: Shutting down and abandoning module AndroidDeviceDetection (174)
[2016.03.31-14.44.01:389][513]LogModuleManager: Shutting down and abandoning module AndroidPlatformEditor (173)
[2016.03.31-14.44.01:389][513]LogModuleManager: Shutting down and abandoning module IOSRuntimeSettings (172)
[2016.03.31-14.44.01:389][513]LogModuleManager: Shutting down and abandoning module AndroidRuntimeSettings (171)
[2016.03.31-14.44.01:389][513]LogModuleManager: Shutting down and abandoning module MergeActors (170)
[2016.03.31-14.44.01:389][513]LogModuleManager: Shutting down and abandoning module SizeMap (169)
[2016.03.31-14.44.01:389][513]LogModuleManager: Shutting down and abandoning module TreeMap (168)
[2016.03.31-14.44.01:389][513]LogModuleManager: Shutting down and abandoning module ReferenceViewer (167)
[2016.03.31-14.44.01:389][513]LogModuleManager: Shutting down and abandoning module LocalizationService (166)
[2016.03.31-14.44.01:389][513]LogModuleManager: Shutting down and abandoning module LocalizationDashboard (165)
[2016.03.31-14.44.01:389][513]LogModuleManager: Shutting down and abandoning module HardwareTargeting (164)
[2016.03.31-14.44.01:389][513]LogModuleManager: Shutting down and abandoning module DeviceProfileEditor (163)
[2016.03.31-14.44.01:389][513]LogModuleManager: Shutting down and abandoning module UndoHistory (162)
[2016.03.31-14.44.01:389][513]LogModuleManager: Shutting down and abandoning module GameplayTagsEditor (161)
[2016.03.31-14.44.01:389][513]LogModuleManager: Shutting down and abandoning module UserFeedback (160)
[2016.03.31-14.44.01:389][513]LogModuleManager: Shutting down and abandoning module XmlParser (159)
[2016.03.31-14.44.01:389][513]LogModuleManager: Shutting down and abandoning module Blutility (158)
[2016.03.31-14.44.01:389][513]LogModuleManager: Shutting down and abandoning module ProjectTargetPlatformEditor (157)
[2016.03.31-14.44.01:389][513]LogModuleManager: Shutting down and abandoning module ProjectSettingsViewer (156)
[2016.03.31-14.44.01:389][513]LogModuleManager: Shutting down and abandoning module InputBindingEditor (155)
[2016.03.31-14.44.01:389][513]LogModuleManager: Shutting down and abandoning module EditorSettingsViewer (154)
[2016.03.31-14.44.01:389][513]LogModuleManager: Shutting down and abandoning module SettingsEditor (153)
[2016.03.31-14.44.01:389][513]LogModuleManager: Shutting down and abandoning module ProjectLauncher (152)
[2016.03.31-14.44.01:389][513]LogModuleManager: Shutting down and abandoning module SessionFrontend (151)
[2016.03.31-14.44.01:389][513]LogModuleManager: Shutting down and abandoning module ProfilerClient (150)
[2016.03.31-14.44.01:390][513]LogModuleManager: Shutting down and abandoning module TargetDeviceServices (149)
[2016.03.31-14.44.01:390][513]LogModuleManager: Shutting down and abandoning module DeviceManager (148)
[2016.03.31-14.44.01:390][513]LogModuleManager: Shutting down and abandoning module AutomationController (147)
[2016.03.31-14.44.01:390][513]LogModuleManager: Shutting down and abandoning module AutomationWindow (146)
[2016.03.31-14.44.01:390][513]LogModuleManager: Shutting down and abandoning module Layers (145)
[2016.03.31-14.44.01:390][513]LogModuleManager: Shutting down and abandoning module ComponentVisualizers (144)
[2016.03.31-14.44.01:390][513]LogModuleManager: Shutting down and abandoning module DetailCustomizations (143)
[2016.03.31-14.44.01:390][513]LogModuleManager: Shutting down and abandoning module PackagesDialog (142)
[2016.03.31-14.44.01:390][513]LogModuleManager: Shutting down and abandoning module Persona (141)
[2016.03.31-14.44.01:390][513]LogModuleManager: Shutting down and abandoning module Kismet (140)
[2016.03.31-14.44.01:390][513]LogModuleManager: Shutting down and abandoning module GraphEditor (139)
[2016.03.31-14.44.01:390][513]LogModuleManager: Shutting down and abandoning module ClassViewer (138)
[2016.03.31-14.44.01:391][513]LogModuleManager: Shutting down and abandoning module Toolbox (137)
[2016.03.31-14.44.01:391][513]LogModuleManager: Shutting down and abandoning module ModuleUI (136)
[2016.03.31-14.44.01:391][513]LogModuleManager: Shutting down and abandoning module MovieSceneTools (135)
[2016.03.31-14.44.01:391][513]LogModuleManager: Shutting down and abandoning module OutputLog (134)
[2016.03.31-14.44.01:391][513]LogModuleManager: Shutting down and abandoning module GammaUI (133)
[2016.03.31-14.44.01:391][513]LogModuleManager: Shutting down and abandoning module Documentation (132)
[2016.03.31-14.44.01:391][513]LogModuleManager: Shutting down and abandoning module GameLiveStreaming (131)
[2016.03.31-14.44.01:391][513]LogModuleManager: Shutting down and abandoning module StreamingPauseRendering (130)
[2016.03.31-14.44.01:391][513]LogModuleManager: Shutting down and abandoning module AnalyticsET (129)
[2016.03.31-14.44.01:391][513]LogModuleManager: Shutting down and abandoning module Analytics (128)
[2016.03.31-14.44.01:391][513]LogModuleManager: Shutting down and abandoning module AITestSuite (127)
[2016.03.31-14.44.01:391][513]LogModuleManager: Shutting down and abandoning module GameplayDebugger (126)
[2016.03.31-14.44.01:391][513]LogModuleManager: Shutting down and abandoning module AIModule (125)
[2016.03.31-14.44.01:391][513]LogModuleManager: Shutting down and abandoning module ProfilerService (124)
[2016.03.31-14.44.01:427][513]LogModuleManager: Shutting down and abandoning module TaskGraph (123)
[2016.03.31-14.44.01:427][513]LogModuleManager: Shutting down and abandoning module SlateRemote (122)
[2016.03.31-14.44.01:427][513]LogModuleManager: Shutting down and abandoning module SteamVRController (121)
[2016.03.31-14.44.01:427][513]LogModuleManager: Shutting down and abandoning module SteamVR (120)
[2016.03.31-14.44.01:427][513]LogModuleManager: Shutting down and abandoning module ProceduralMeshComponent (119)
[2016.03.31-14.44.01:427][513]LogModuleManager: Shutting down and abandoning module OculusLibrary (118)
[2016.03.31-14.44.01:427][513]LogModuleManager: Shutting down and abandoning module OculusInput (117)
[2016.03.31-14.44.01:427][513]LogModuleManager: Shutting down and abandoning module LeapMotionController (116)
[2016.03.31-14.44.01:443][513]LogModuleManager: Shutting down and abandoning module CustomMeshComponent (115)
[2016.03.31-14.44.01:443][513]LogModuleManager: Shutting down and abandoning module CableComponent (114)
[2016.03.31-14.44.01:443][513]LogModuleManager: Shutting down and abandoning module ArchVisCharacter (113)
[2016.03.31-14.44.01:443][513]LogModuleManager: Shutting down and abandoning module MessagingDebugger (112)
[2016.03.31-14.44.01:443][513]LogModuleManager: Shutting down and abandoning module MediaPlayerEditor (111)
[2016.03.31-14.44.01:443][513]LogModuleManager: Shutting down and abandoning module HTML5Networking (110)
[2016.03.31-14.44.01:443][513]LogModuleManager: Shutting down and abandoning module SpeedTreeImporter (109)
[2016.03.31-14.44.01:443][513]LogModuleManager: Shutting down and abandoning module PluginBrowser (108)
[2016.03.31-14.44.01:443][513]LogModuleManager: Shutting down and abandoning module EpicSurvey (107)
[2016.03.31-14.44.01:444][513]LogModuleManager: Shutting down and abandoning module DesktopPlatform (106)
[2016.03.31-14.44.01:444][513]LogModuleManager: Shutting down and abandoning module VisualStudioSourceCodeAccess (105)
[2016.03.31-14.44.01:444][513]LogModuleManager: Shutting down and abandoning module UObjectPlugin (104)
[2016.03.31-14.44.01:444][513]LogModuleManager: Shutting down and abandoning module SubversionSourceControl (103)
[2016.03.31-14.44.01:444][513]LogModuleManager: Shutting down and abandoning module PerforceSourceControl (102)
[2016.03.31-14.44.01:444][513]LogModuleManager: Shutting down and abandoning module SourceControl (101)
[2016.03.31-14.44.01:444][513]LogModuleManager: Shutting down and abandoning module GitSourceControl (100)
[2016.03.31-14.44.01:444][513]LogModuleManager: Shutting down and abandoning module LightPropagationVolumeEditor (99)
[2016.03.31-14.44.01:444][513]LogModuleManager: Shutting down and abandoning module PaperTiledImporter (98)
[2016.03.31-14.44.01:444][513]LogModuleManager: Shutting down and abandoning module PaperSpriteSheetImporter (97)
[2016.03.31-14.44.01:444][513]LogModuleManager: Shutting down and abandoning module MeshPaint (96)
[2016.03.31-14.44.01:444][513]LogModuleManager: Shutting down and abandoning module SlateReflector (95)
[2016.03.31-14.44.01:444][513]LogModuleManager: Shutting down and abandoning module HotReload (94)
[2016.03.31-14.44.01:444][513]LogModuleManager: Shutting down and abandoning module MainFrame (93)
[2016.03.31-14.44.01:444][513]LogModuleManager: Shutting down and abandoning module LevelEditor (92)
[2016.03.31-14.44.01:445][513]LogModuleManager: Shutting down and abandoning module DirectoryWatcher (91)
[2016.03.31-14.44.01:446][513]LogModuleManager: Shutting down and abandoning module AssetRegistry (90)
[2016.03.31-14.44.01:548][513]LogModuleManager: Shutting down and abandoning module ContentBrowser (89)
[2016.03.31-14.44.01:549][513]LogModuleManager: Shutting down and abandoning module Paper2DEditor (88)
[2016.03.31-14.44.01:549][513]LogModuleManager: Shutting down and abandoning module TreeEvolution (87)
[2016.03.31-14.44.01:549][513]LogModuleManager: Shutting down and abandoning module UdpMessaging (86)
[2016.03.31-14.44.01:650][513]LogModuleManager: Shutting down and abandoning module LightPropagationVolumeRuntime (85)
[2016.03.31-14.44.01:650][513]LogModuleManager: Shutting down and abandoning module Paper2D (84)
[2016.03.31-14.44.01:650][513]LogModuleManager: Shutting down and abandoning module WindowsMoviePlayer (83)
[2016.03.31-14.44.01:652][513]LogModuleManager: Shutting down and abandoning module Media (82)
[2016.03.31-14.44.01:652][513]LogModuleManager: Shutting down and abandoning module WmfMedia (81)
[2016.03.31-14.44.01:652][513]LogModuleManager: Shutting down and abandoning module OnlineBlueprintSupport (80)
[2016.03.31-14.44.01:652][513]LogModuleManager: Shutting down and abandoning module GameplayTasksEditor (79)
[2016.03.31-14.44.01:652][513]LogModuleManager: Shutting down and abandoning module PropertyEditor (78)
[2016.03.31-14.44.01:652][513]LogModuleManager: Shutting down and abandoning module BehaviorTreeEditor (77)
[2016.03.31-14.44.01:652][513]LogModuleManager: Shutting down and abandoning module FunctionalTesting (76)
[2016.03.31-14.44.01:652][513]LogModuleManager: Shutting down and abandoning module CollisionAnalyzer (75)
[2016.03.31-14.44.01:652][513]LogModuleManager: Shutting down and abandoning module WorkspaceMenuStructure (74)
[2016.03.31-14.44.01:652][513]LogModuleManager: Shutting down and abandoning module MessageLog (73)
[2016.03.31-14.44.01:652][513]LogModuleManager: Shutting down and abandoning module Sequencer (72)
[2016.03.31-14.44.01:652][513]LogModuleManager: Shutting down and abandoning module AssetTools (71)
[2016.03.31-14.44.01:652][513]LogModuleManager: Shutting down and abandoning module UMGEditor (70)
[2016.03.31-14.44.01:652][513]LogModuleManager: Shutting down and abandoning module UMG (69)
[2016.03.31-14.44.01:652][513]LogModuleManager: Shutting down and abandoning module Slate (68)
[2016.03.31-14.44.01:653][513]LogModuleManager: Shutting down and abandoning module EditorStyle (67)
[2016.03.31-14.44.01:654][513]LogModuleManager: Shutting down and abandoning module SessionServices (66)
[2016.03.31-14.44.01:654][513]LogModuleManager: Shutting down and abandoning module SourceCodeAccess (65)
[2016.03.31-14.44.01:654][513]LogModuleManager: Shutting down and abandoning module HeadMountedDisplay (64)
[2016.03.31-14.44.01:654][513]LogModuleManager: Shutting down and abandoning module XAudio2 (63)
[2016.03.31-14.44.01:654][513]LogModuleManager: Shutting down and abandoning module Networking (61)
[2016.03.31-14.44.01:654][513]LogModuleManager: Shutting down and abandoning module Core (60)
[2016.03.31-14.44.01:654][513]LogModuleManager: Shutting down and abandoning module KismetCompiler (59)
[2016.03.31-14.44.01:654][513]LogModuleManager: Shutting down and abandoning module PhysXFormats (58)
[2016.03.31-14.44.01:654][513]LogModuleManager: Shutting down and abandoning module MeshUtilities (57)
[2016.03.31-14.44.01:654][513]LogModuleManager: Shutting down and abandoning module DerivedDataCache (56)
[2016.03.31-14.44.01:670][513]LogDerivedDataCache: Shutdown
[2016.03.31-14.44.01:670][513]LogModuleManager: Shutting down and abandoning module ShaderFormatOpenGL (55)
[2016.03.31-14.44.01:670][513]LogModuleManager: Shutting down and abandoning module ShaderFormatD3D (54)
[2016.03.31-14.44.01:670][513]LogModuleManager: Shutting down and abandoning module MetalShaderFormat (53)
[2016.03.31-14.44.01:670][513]LogModuleManager: Shutting down and abandoning module TextureFormatUncompressed (52)
[2016.03.31-14.44.01:670][513]LogModuleManager: Shutting down and abandoning module TextureFormatPVR (51)
[2016.03.31-14.44.01:670][513]LogModuleManager: Shutting down and abandoning module TextureFormatIntelISPCTexComp (50)
[2016.03.31-14.44.01:670][513]LogModuleManager: Shutting down and abandoning module TextureFormatDXT (49)
[2016.03.31-14.44.01:670][513]LogModuleManager: Shutting down and abandoning module ImageWrapper (48)
[2016.03.31-14.44.01:670][513]LogModuleManager: Shutting down and abandoning module TextureFormatASTC (47)
[2016.03.31-14.44.01:670][513]LogModuleManager: Shutting down and abandoning module TextureFormatAndroid (46)
[2016.03.31-14.44.01:670][513]LogModuleManager: Shutting down and abandoning module AudioFormatOpus (45)
[2016.03.31-14.44.01:670][513]LogModuleManager: Shutting down and abandoning module AudioFormatOgg (44)
[2016.03.31-14.44.01:670][513]LogModuleManager: Shutting down and abandoning module AudioFormatADPCM (43)
[2016.03.31-14.44.01:670][513]LogModuleManager: Shutting down and abandoning module LinuxTargetPlatform (42)
[2016.03.31-14.44.01:670][513]LogModuleManager: Shutting down and abandoning module LinuxServerTargetPlatform (41)
[2016.03.31-14.44.01:670][513]LogModuleManager: Shutting down and abandoning module LinuxNoEditorTargetPlatform (40)
[2016.03.31-14.44.01:670][513]LogModuleManager: Shutting down and abandoning module Messaging (39)
[2016.03.31-14.44.01:670][513]LogModuleManager: Shutting down and abandoning module IOSTargetPlatform (38)
[2016.03.31-14.44.01:670][513]LogModuleManager: Shutting down and abandoning module HTML5TargetPlatform (37)
[2016.03.31-14.44.01:670][513]LogModuleManager: Shutting down and abandoning module Android_PVRTCTargetPlatform (36)
[2016.03.31-14.44.01:670][513]LogModuleManager: Shutting down and abandoning module Android_MultiTargetPlatform (35)
[2016.03.31-14.44.01:670][513]LogModuleManager: Shutting down and abandoning module Android_ETC2TargetPlatform (34)
[2016.03.31-14.44.01:670][513]LogModuleManager: Shutting down and abandoning module Android_ETC1TargetPlatform (33)
[2016.03.31-14.44.01:670][513]LogModuleManager: Shutting down and abandoning module Android_DXTTargetPlatform (32)
[2016.03.31-14.44.01:670][513]LogModuleManager: Shutting down and abandoning module Android_ATCTargetPlatform (31)
[2016.03.31-14.44.01:670][513]LogModuleManager: Shutting down and abandoning module Android_ASTCTargetPlatform (30)
[2016.03.31-14.44.01:670][513]LogModuleManager: Shutting down and abandoning module AndroidTargetPlatform (29)
[2016.03.31-14.44.01:670][513]LogModuleManager: Shutting down and abandoning module WindowsTargetPlatform (28)
[2016.03.31-14.44.01:670][513]LogModuleManager: Shutting down and abandoning module WindowsServerTargetPlatform (27)
[2016.03.31-14.44.01:670][513]LogModuleManager: Shutting down and abandoning module WindowsNoEditorTargetPlatform (26)
[2016.03.31-14.44.01:670][513]LogModuleManager: Shutting down and abandoning module WindowsClientTargetPlatform (25)
[2016.03.31-14.44.01:670][513]LogModuleManager: Shutting down and abandoning module AllDesktopTargetPlatform (24)
[2016.03.31-14.44.01:670][513]LogModuleManager: Shutting down and abandoning module TargetPlatform (23)
[2016.03.31-14.44.01:670][513]LogModuleManager: Shutting down and abandoning module InputCore (22)
[2016.03.31-14.44.01:670][513]LogModuleManager: Shutting down and abandoning module Settings (21)
[2016.03.31-14.44.01:670][513]LogModuleManager: Shutting down and abandoning module OnlineSubsystem (19)
[2016.03.31-14.44.01:670][513]LogModuleManager: Shutting down and abandoning module HTTP (18)
[2016.03.31-14.44.02:672][513]LogModuleManager: Shutting down and abandoning module XMPP (17)
[2016.03.31-14.44.02:672][513]LogModuleManager: Shutting down and abandoning module OculusRift (16)
[2016.03.31-14.44.02:672][513]LogModuleManager: Shutting down and abandoning module ExampleDeviceProfileSelector (15)
[2016.03.31-14.44.02:672][513]LogModuleManager: Shutting down and abandoning module TextureCompressor (14)
[2016.03.31-14.44.02:672][513]LogModuleManager: Shutting down and abandoning module ShaderCore (13)
[2016.03.31-14.44.02:672][513]LogModuleManager: Shutting down and abandoning module Landscape (12)
[2016.03.31-14.44.02:672][513]LogModuleManager: Shutting down and abandoning module SlateRHIRenderer (11)
[2016.03.31-14.44.02:673][513]LogModuleManager: Shutting down and abandoning module OpenGLDrv (10)
[2016.03.31-14.44.02:673][513]LogModuleManager: Shutting down and abandoning module D3D11RHI (9)
[2016.03.31-14.44.02:673][513]LogModuleManager: Shutting down and abandoning module AnimGraphRuntime (8)
[2016.03.31-14.44.02:673][513]LogModuleManager: Shutting down and abandoning module Renderer (7)
[2016.03.31-14.44.02:673][513]LogModuleManager: Shutting down and abandoning module Engine (6)
[2016.03.31-14.44.02:673][513]LogModuleManager: Shutting down and abandoning module CoreUObject (5)
[2016.03.31-14.44.02:674][513]LogModuleManager: Shutting down and abandoning module NetworkFile (4)
[2016.03.31-14.44.02:674][513]LogModuleManager: Shutting down and abandoning module StreamingFile (3)
[2016.03.31-14.44.02:674][513]LogModuleManager: Shutting down and abandoning module SandboxFile (2)
[2016.03.31-14.44.02:674][513]LogModuleManager: Shutting down and abandoning module PakFile (1)
[2016.03.31-14.44.02:675][513]LogExit: Exiting.
[2016.03.31-14.44.02:686][513]Log file closed, 03/31/16 16:44:02
