[2016.03.31-19.37.46:945][  0]Log file open, 03/31/16 21:37:46
[2016.03.31-19.37.46:945][  0]LogInit:Display: Running engine for game: TreeEvolution
[2016.03.31-19.37.46:945][  0]LogPlatformFile: Not using cached read wrapper
[2016.03.31-19.37.46:945][  0]LogInit:Display: RandInit(-478849343) SRandInit(-478849342).
[2016.03.31-19.37.46:945][  0]LogTaskGraph: Started task graph with 4 named threads and 7 total threads.
[2016.03.31-19.37.46:945][  0]LogStats: Stats thread started at 0.070163
[2016.03.31-19.37.46:945][  0]LogInit: Version: 4.10.4-2872498+++depot+UE4-Releases+4.10
[2016.03.31-19.37.46:945][  0]LogInit: API Version: 2758231
[2016.03.31-19.37.46:945][  0]LogInit: Compiled (64-bit): Feb 18 2016 15:47:04
[2016.03.31-19.37.46:945][  0]LogInit: Compiled with Visual C++: 19.00.23026.00
[2016.03.31-19.37.46:945][  0]LogInit: Build Configuration: Development
[2016.03.31-19.37.46:945][  0]LogInit: Branch Name: ++depot+UE4-Releases+4.10
[2016.03.31-19.37.46:945][  0]LogInit: Command line:  
[2016.03.31-19.37.46:945][  0]LogInit: Base directory: D:/Program Files (x86)/Epic Games/4.10/Engine/Binaries/Win64/
[2016.03.31-19.37.46:945][  0]LogInit: Rocket: 1
[2016.03.31-19.37.46:951][  0]LogInit: Using libcurl 7.41.0
[2016.03.31-19.37.46:951][  0]LogInit:  - built for x86_64-pc-win32
[2016.03.31-19.37.46:951][  0]LogInit:  - supports SSL with WinSSL
[2016.03.31-19.37.46:951][  0]LogInit:  - other features:
[2016.03.31-19.37.46:951][  0]LogInit:      CURL_VERSION_SSL
[2016.03.31-19.37.46:951][  0]LogInit:      CURL_VERSION_IPV6
[2016.03.31-19.37.46:951][  0]LogInit:      CURL_VERSION_ASYNCHDNS
[2016.03.31-19.37.46:951][  0]LogInit:      CURL_VERSION_LARGEFILE
[2016.03.31-19.37.46:951][  0]LogInit:      CURL_VERSION_IDN
[2016.03.31-19.37.46:951][  0]LogInit:  CurlRequestOptions (configurable via config and command line):
[2016.03.31-19.37.46:951][  0]LogInit:  - bVerifyPeer = true  - Libcurl will verify peer certificate
[2016.03.31-19.37.46:951][  0]LogInit:  - bUseHttpProxy = false  - Libcurl will NOT use HTTP proxy
[2016.03.31-19.37.46:951][  0]LogInit:  - bDontReuseConnections = false  - Libcurl will reuse connections
[2016.03.31-19.37.46:951][  0]LogInit:  - CertBundlePath = nullptr  - Libcurl will use whatever was configured at build time.
[2016.03.31-19.37.46:956][  0]LogInit: Presizing for 0 objects not considered by GC, pre-allocating 0 bytes.
[2016.03.31-19.37.46:961][  0]LogInit: Object subsystem initialized
[2016.03.31-19.37.46:962][  0]LogInit: Selected Device Profile: [Windows]
[2016.03.31-19.37.46:962][  0]LogInit: Applying CVar settings loaded from the selected device profile: [Windows]
[2016.03.31-19.37.46:970][  0]LogInit: Computer: MSI
[2016.03.31-19.37.46:970][  0]LogInit: User: tobia
[2016.03.31-19.37.46:970][  0]LogInit: CPU Page size=4096, Cores=4
[2016.03.31-19.37.46:970][  0]LogInit: High frequency timer resolution =2.531247 MHz
[2016.03.31-19.37.46:970][  0]LogMemory: Memory total: Physical=15.9GB (16GB approx)
[2016.03.31-19.37.46:970][  0]LogMemory: Platform Memory Stats for Windows
[2016.03.31-19.37.46:970][  0]LogMemory: Process Physical Memory: 56.25 MB used, 56.25 MB peak
[2016.03.31-19.37.46:970][  0]LogMemory: Process Virtual Memory: 57.02 MB used, 57.02 MB peak
[2016.03.31-19.37.46:970][  0]LogMemory: Physical Memory: 8150.88 MB used, 16294.66 MB total
[2016.03.31-19.37.46:970][  0]LogMemory: Virtual Memory: 383.88 MB used, 134217728.00 MB total
[2016.03.31-19.37.47:001][  0]LogTextLocalizationManager: No translations for ('sv-SE') exist, falling back to 'en' for localization and internationalization data.
[2016.03.31-19.37.47:380][  0]LogD3D11RHI: Found D3D11 adapter 0: NVIDIA GeForce GTX 970M           (Feature Level 11_0)
[2016.03.31-19.37.47:380][  0]LogD3D11RHI: Adapter has 2991MB of dedicated video memory, 0MB of dedicated system memory, and 8147MB of shared system memory, 1 output[s]
[2016.03.31-19.37.47:388][  0]LogD3D11RHI: Found D3D11 adapter 1: Intel(R) HD Graphics 530 (Feature Level 11_0)
[2016.03.31-19.37.47:388][  0]LogD3D11RHI: Adapter has 128MB of dedicated video memory, 0MB of dedicated system memory, and 8147MB of shared system memory, 0 output[s]
[2016.03.31-19.37.47:389][  0]LogD3D11RHI: Found D3D11 adapter 2: Microsoft Basic Render Driver (Feature Level 11_0)
[2016.03.31-19.37.47:389][  0]LogD3D11RHI: Adapter has 0MB of dedicated video memory, 0MB of dedicated system memory, and 8147MB of shared system memory, 0 output[s]
[2016.03.31-19.37.47:389][  0]LogD3D11RHI: Chosen D3D11 Adapter Id = 0
[2016.03.31-19.37.47:395][  0]LogD3D11RHI: !Direct3DDevice
[2016.03.31-19.37.47:395][  0]LogRHI: Texture pool is 1361 MB (70% of 1945 MB)
[2016.03.31-19.37.47:409][  0]LogD3D11RHI: Async texture creation enabled
[2016.03.31-19.37.47:427][  0]LogShaderCompilers: Guid format shader working directory is 15 characters bigger than the processId version (../../../../../../TreeEvolution/Intermediate/Shaders/WorkingDirectory/6396/).
[2016.03.31-19.37.47:428][  0]LogShaderCompilers: Cleaned the shader compiler working directory 'C:/Users/tobia/AppData/Local/Temp/UnrealShaderWorkingDir/3E0921B44A6159946C6C0D8060BB5E3A/'.
[2016.03.31-19.37.47:428][  0]LogShaderCompilers:Display: Using Local Shader Compiler.
[2016.03.31-19.37.48:147][  0]LogTemp:Display: Loaded TP AllDesktopTargetPlatform
[2016.03.31-19.37.48:151][  0]LogTemp:Display: Loaded TP WindowsClientTargetPlatform
[2016.03.31-19.37.48:155][  0]LogTemp:Display: Loaded TP WindowsNoEditorTargetPlatform
[2016.03.31-19.37.48:158][  0]LogTemp:Display: Loaded TP WindowsServerTargetPlatform
[2016.03.31-19.37.48:161][  0]LogTemp:Display: Loaded TP WindowsTargetPlatform
[2016.03.31-19.37.48:164][  0]LogTemp:Display: Loaded TP AndroidTargetPlatform
[2016.03.31-19.37.48:166][  0]LogTemp:Display: Loaded TP Android_ASTCTargetPlatform
[2016.03.31-19.37.48:168][  0]LogTemp:Display: Loaded TP Android_ATCTargetPlatform
[2016.03.31-19.37.48:170][  0]LogTemp:Display: Loaded TP Android_DXTTargetPlatform
[2016.03.31-19.37.48:172][  0]LogTemp:Display: Loaded TP Android_ETC1TargetPlatform
[2016.03.31-19.37.48:175][  0]LogTemp:Display: Loaded TP Android_ETC2TargetPlatform
[2016.03.31-19.37.48:180][  0]LogTemp:Display: Loaded TP Android_MultiTargetPlatform
[2016.03.31-19.37.48:180][  0]LogTemp:Display: Loaded TP Android_PVRTCTargetPlatform
[2016.03.31-19.37.48:181][  0]LogTemp:Display: Loaded TP HTML5TargetPlatform
[2016.03.31-19.37.48:198][  0]LogTemp:Display: Loaded TP IOSTargetPlatform
[2016.03.31-19.37.48:200][  0]LogTemp:Display: Loaded TP LinuxNoEditorTargetPlatform
[2016.03.31-19.37.48:202][  0]LogTemp:Display: Loaded TP LinuxServerTargetPlatform
[2016.03.31-19.37.48:205][  0]LogTemp:Display: Loaded TP LinuxTargetPlatform
[2016.03.31-19.37.48:205][  0]LogTargetPlatformManager:Display: Building Assets For Windows
[2016.03.31-19.37.48:264][  0]LogDerivedDataCache:Display: Max Cache Size: 512 MB
[2016.03.31-19.37.48:305][  0]LogDerivedDataCache: Loaded boot cache 0.04s 42MB C:/Users/tobia/AppData/Local/UnrealEngine/4.10/DerivedDataCache/Boot.ddc.
[2016.03.31-19.37.48:305][  0]LogDerivedDataCache:Display: Loaded Boot cache: C:/Users/tobia/AppData/Local/UnrealEngine/4.10/DerivedDataCache/Boot.ddc
[2016.03.31-19.37.48:305][  0]LogDerivedDataCache: FDerivedDataBackendGraph:  Pak pak cache file ../../../../../../TreeEvolution/DerivedDataCache/DDC.ddp not found, will not use a pak cache.
[2016.03.31-19.37.48:305][  0]LogDerivedDataCache: Unable to find inner node Pak for hierarchical cache Hierarchy.
[2016.03.31-19.37.48:305][  0]LogDerivedDataCache: FDerivedDataBackendGraph:  CompressedPak pak cache file ../../../../../../TreeEvolution/DerivedDataCache/Compressed.ddp not found, will not use a pak cache.
[2016.03.31-19.37.48:305][  0]LogDerivedDataCache: Unable to find inner node CompressedPak for hierarchical cache Hierarchy.
[2016.03.31-19.37.48:361][  0]LogDerivedDataCache:Display: Pak cache opened for reading ../../../Engine/DerivedDataCache/Compressed.ddp.
[2016.03.31-19.37.48:374][  0]LogDerivedDataCache: Using Local data cache path C:/Users/tobia/AppData/Local/UnrealEngine/Common/DerivedDataCache: Writable
[2016.03.31-19.37.48:533][  0]LogInit: Selected Device Profile: [Windows]
[2016.03.31-19.37.48:535][  0]LogContentStreaming: Texture pool size is 0.000000MB
[2016.03.31-19.37.48:630][  0]LogMeshUtilities: No automatic mesh reduction module available
[2016.03.31-19.37.48:630][  0]LogMeshUtilities: No automatic mesh merging module available
[2016.03.31-19.37.48:812][  0]LogInit: WinSock: version 1.1 (2.2), MaxSocks=32767, MaxUdp=65467
[2016.03.31-19.37.49:445][  0]UdpMessaging: Initializing bridge on interface 0.0.0.0:0 to multicast group 230.0.0.1:6666.
[2016.03.31-19.37.49:565][  0]LogAssetRegistry: FAssetRegistry took 0.0108 seconds to start up
[2016.03.31-19.37.49:691][  0]SourceControl: Info Source control is disabled
[2016.03.31-19.37.49:692][  0]SourceControl: Info Source control is disabled
[2016.03.31-19.37.49:699][  0]SourceControl: Info Source control is disabled
[2016.03.31-19.37.49:706][  0]SourceControl: Info Source control is disabled
[2016.03.31-19.37.49:858][  0]LogObj: 29263 objects as part of root set at end of initial load.
[2016.03.31-19.37.49:858][  0]LogUObjectAllocator: 6345312 out of 0 bytes used by permanent object pool.
[2016.03.31-19.37.49:907][  0]LogEngine: Initializing Engine...
[2016.03.31-19.37.49:910][  0]LogHMD: Can't find Oculus library dev build: is proper Runtime installed? Version: 0.8.0.0
[2016.03.31-19.37.49:910][  0]LogHMD: SteamVR failed to initialize.  Err: 110
[2016.03.31-19.37.50:017][  0]LogAIModule: Creating AISystem for world NewWorld
[2016.03.31-19.37.50:021][  0]LogInit: XAudio2 using 'Speakers (Realtek High Definition Audio)' : 2 channels at 48 kHz using 32 bits per sample (channel mask 0x3)
[2016.03.31-19.37.50:400][  0]LogInit: FAudioDevice initialized.
[2016.03.31-19.37.50:422][  0]LogDerivedDataCache: Saved boot cache 0.02s 42MB C:/Users/tobia/AppData/Local/UnrealEngine/4.10/DerivedDataCache/Boot.ddc.
[2016.03.31-19.37.50:426][  0]LogInit: Texture streaming: Enabled
[2016.03.31-19.37.50:429][  0]LogAnalytics: Creating configured Analytics provider AnalyticsET
[2016.03.31-19.37.50:429][  0]LogAnalytics: [UEEditor.Rocket.Release] APIServer = http://et2.epicgames.com/ET2/. AppVersion = 4.10.4-2872498+++depot+UE4-Releases+4.10
[2016.03.31-19.37.50:430][  0]LogAnalytics: [UEEditor.Rocket.Release] SetUserId 3750e6d1405e52e99c08f9974cd5569f|471a4cb9a5c14167995f8bc8b175918a|446fe6e5-1b13-4339-81c8-b1f6f83a87c4
[2016.03.31-19.37.50:430][  0]LogAnalytics: [UEEditor.Rocket.Release] AnalyticsET::StartSession
[2016.03.31-19.37.50:438][  0]LogInit: Transaction tracking system initialized
[2016.03.31-19.37.50:456][  0]BlueprintLog: New page: Editor Load
[2016.03.31-19.37.50:515][  0]LocalizationService: Info Localization service is disabled
[2016.03.31-19.37.50:568][  0]LogConsoleResponse:Display: 
[2016.03.31-19.37.50:666][  0]LogCook:Display: Done creating registry. It took  0.00s.
[2016.03.31-19.37.50:703][  0]LogFileCache: Scanning file cache for directory 'D:/TreeEvolution/Content/' took 0.01s
[2016.03.31-19.37.50:703][  0]SourceControl: Info Source control is disabled
[2016.03.31-19.37.50:703][  0]Cmd: MAP LOAD FILE="../../../../../../TreeEvolution/Content/StarterContent/Maps/Minimal_Default.umap" TEMPLATE=0 SHOWPROGRESS=1 FEATURELEVEL=3
[2016.03.31-19.37.50:704][  0]LightingResults: New page: Lighting Build
[2016.03.31-19.37.50:706][  0]MapCheck: New page: Map Check
[2016.03.31-19.37.50:706][  0]LightingResults: New page: Lighting Build
[2016.03.31-19.37.50:717][  0]LogParticles: Destroying 0 GPU particle simulations for FXSystem 0x0000020774B12AC0
[2016.03.31-19.37.50:954][  0]LogAIModule: Creating AISystem for world Minimal_Default
[2016.03.31-19.37.50:961][  0]LogEditorServer: Finished looking for orphan Actors (0.000 secs)
[2016.03.31-19.37.50:961][  0]Cmd: MAP CHECKDEP NOCLEARLOG
[2016.03.31-19.37.50:998][  0]MapCheck: Info Map check complete: 0 Error(s), 0 Warning(s), took 36.129ms to complete.
[2016.03.31-19.37.50:998][  0]LogFileHelpers: Loading map 'Minimal_Default' took 0.295
[2016.03.31-19.37.51:148][  0]LogCollectionManager: Loaded 0 collections in 0.001199 seconds
[2016.03.31-19.37.51:187][  0]LogFileCache: Scanning file cache for directory 'D:/TreeEvolution/Saved/Collections/' took 0.01s
[2016.03.31-19.37.51:187][  0]LogFileCache: Scanning file cache for directory 'D:/TreeEvolution/Content/Developers/tobia/Collections/' took 0.01s
[2016.03.31-19.37.51:187][  0]LogFileCache: Scanning file cache for directory 'D:/TreeEvolution/Content/Collections/' took 0.01s
[2016.03.31-19.37.51:187][  0]LogCollectionManager: Rebuilt the GUID cache for 0 collections in 0.000002 seconds
[2016.03.31-19.37.51:202][  0]LogContentBrowser: Native class hierarchy populated in 0.0151 seconds. Added 1900 classes and 340 folders.
[2016.03.31-19.37.51:216][  0]LogContentBrowser: Native class hierarchy updated for 'WidgetCarousel' in 0.0028 seconds. Added 0 classes and 0 folders.
[2016.03.31-19.37.51:255][  0]LogContentBrowser: Native class hierarchy updated for 'AddContentDialog' in 0.0010 seconds. Added 0 classes and 0 folders.
[2016.03.31-19.37.51:258][  0]LogContentBrowser: Native class hierarchy updated for 'SceneOutliner' in 0.0008 seconds. Added 1 classes and 2 folders.
[2016.03.31-19.37.51:297][  0]LogCrashTracker: Crashtracker disabled due to settings.
[2016.03.31-19.37.51:303][  0]LogUObjectGlobals:Warning: Failed to find object 'Class None.'
[2016.03.31-19.37.51:327][  0]LogLoad: Full Startup: 4.92 seconds (BP compile: 0.04 seconds)
[2016.03.31-19.37.51:350][  0]LogOcInput: Can't find Oculus library dev build: is proper Runtime installed? Version: 0.8.0.0
[2016.03.31-19.37.51:391][  0]LogContentStreaming: Texture pool size now 1000 MB
[2016.03.31-19.37.51:522][  0]LogRenderer: Reallocating scene render targets to support 884x452 (Frame:2).
[2016.03.31-19.37.51:673][  3]LogAssetRegistry: Asset discovery search completed in 2.1190 seconds
[2016.03.31-19.37.51:673][  3]LogCollectionManager: Rebuilt the object cache for 0 collections in 0.000000 seconds (found 0 objects)
[2016.03.31-19.37.51:673][  3]LogCollectionManager: Fixed up redirectors for 0 collections in 0.000015 seconds (updated 0 objects)
[2016.03.31-19.39.29:210][468]LogHotReload: New module detected: UE4Editor-TreeEvolution-7279.dll
[2016.03.31-19.39.29:890][471]LogHotReload: Starting Hot-Reload from IDE
[2016.03.31-19.39.29:992][471]LogClass: Could not find existing class Tree in package /Script/TreeEvolution for HotReload, assuming new class
[2016.03.31-19.39.29:992][471]LogClass: Function calculateCost is new.
[2016.03.31-19.39.29:992][471]LogClass: Function calculateHits is new.
[2016.03.31-19.39.29:992][471]LogClass: Function mutate is new.
[2016.03.31-19.39.29:995][471]LogUObjectGlobals:Warning: Failed to find object 'Blueprint /Game/TreeBP.TreeBP_C'
[2016.03.31-19.39.29:995][471]Error: CDO Constructor (Tree): Failed to find Blueprint'/Game/TreeBP.TreeBP_C'

[2016.03.31-19.39.30:227][471]LogCrashTracker: 


[2016.03.31-19.39.30:227][471]LogCrashTracker: 


[2016.03.31-19.39.30:227][471]LogWindows:Error: === Critical error: ===
Fatal error!



[2016.03.31-19.39.30:289][471]LogExit: Executing StaticShutdownAfterError
[2016.03.31-19.39.30:293][471]LogPhysics:Warning: PHYSX: ..\..\PhysX\src\NpScene.cpp (2946) 8 : PxScene::unlockWrite() called without matching call to PxScene::lockWrite(), behaviour will be undefined.
[2016.03.31-19.39.30:293][471]LogPhysics:Warning: PHYSX: ..\..\PhysX\src\NpScene.cpp (2946) 8 : PxScene::unlockWrite() called without matching call to PxScene::lockWrite(), behaviour will be undefined.
[2016.03.31-19.39.30:293][471]LogWindows: FPlatformMisc::RequestExit(1)
[2016.03.31-19.39.30:293][471]Log file closed, 03/31/16 21:39:30
